#
# There is insufficient memory for the Java Runtime Environment to continue.
# Native memory allocation (mmap) failed to map 304087040 bytes for G1 virtual space
# Possible reasons:
#   The system is out of physical RAM or swap space
#   The process is running with CompressedOops enabled, and the Java Heap may be blocking the growth of the native heap
# Possible solutions:
#   Reduce memory load on the system
#   Increase physical memory or swap space
#   Check if swap backing store is full
#   Decrease Java heap size (-Xmx/-Xms)
#   Decrease number of Java threads
#   Decrease Java thread stack sizes (-Xss)
#   Set larger code cache with -XX:ReservedCodeCacheSize=
#   JVM is running with Zero Based Compressed Oops mode in which the Java heap is
#     placed in the first 32GB address space. The Java Heap base address is the
#     maximum limit for the native heap growth. Please use -XX:HeapBaseMinAddress
#     to set the Java Heap base and to place the Java Heap above 32GB virtual address.
# This output file may be truncated or incomplete.
#
#  Out of Memory Error (./open/src/hotspot/os/windows/os_windows.cpp:3472), pid=17392, tid=9616
#
# JRE version: Java(TM) SE Runtime Environment (15.0+36) (build 15+36-1562)
# Java VM: Java HotSpot(TM) 64-Bit Server VM (15+36-1562, mixed mode, sharing, tiered, compressed oops, g1 gc, windows-amd64)
# No core dump will be written. Minidumps are not enabled by default on client versions of Windows
#

---------------  S U M M A R Y ------------

Command Line: -XX:TieredStopAtLevel=1 -Xverify:none -Dspring.output.ansi.enabled=always -javaagent:D:\IDEA\IntelliJ IDEA 2020.3.1\lib\idea_rt.jar=12738:D:\IDEA\IntelliJ IDEA 2020.3.1\bin -Dcom.sun.management.jmxremote -Dspring.jmx.enabled=true -Dspring.liveBeansView.mbeanDomain -Dspring.application.admin.enabled=true -Dfile.encoding=UTF-8 com.github.springcloud.OrderMain80

Host: Intel(R) Core(TM) i5-7300HQ CPU @ 2.50GHz, 4 cores, 13G,  Windows 10 , 64 bit Build 18362 (10.0.18362.329)
Time: Mon Mar 22 03:21:17 2021 ????¡À¨º¡Á?¨º¡À?? elapsed time: 23.103631 seconds (0d 0h 0m 23s)

---------------  T H R E A D  ---------------

Current thread (0x000001aaed60e710):  VMThread "VM Thread" [stack: 0x0000001281500000,0x0000001281600000] [id=9616]

Stack: [0x0000001281500000,0x0000001281600000]
[error occurred during error reporting (printing stack bounds), id 0xc0000005, EXCEPTION_ACCESS_VIOLATION (0xc0000005) at pc=0x000001aad3cd10ad]

Native frames: (J=compiled Java code, j=interpreted, Vv=VM code, C=native code)
V  [jvm.dll+0x629eaa]
V  [jvm.dll+0x780379]
V  [jvm.dll+0x781ad3]
V  [jvm.dll+0x782095]
V  [jvm.dll+0x78204b]
V  [jvm.dll+0x629379]
V  [jvm.dll+0x629b48]
C  [ntdll.dll+0xa121f]
C  [ntdll.dll+0x6a289]
C  [ntdll.dll+0x9fe8e]
C  0x000001aad3cd10ad

VM_Operation (0x000000128357f470): G1CollectForAllocation, mode: safepoint, requested by thread 0x000001aaf1529710


---------------  P R O C E S S  ---------------

Threads class SMR info:
_java_thread_list=0x000001aaf17326b0, length=38, elements={
0x000001aaed613a60, 0x000001aaed614540, 0x000001aaede56760, 0x000001aaede57020,
0x000001aaede599f0, 0x000001aaede5a3b0, 0x000001aaede62890, 0x000001aaed5f80f0,
0x000001aaee5ab120, 0x000001aaee5abfe0, 0x000001aaee69fb00, 0x000001aaeee82500,
0x000001aaeef7d3f0, 0x000001aaeef4e350, 0x000001aaeef4e820, 0x000001aaeef4f1c0,
0x000001aaf152d5a0, 0x000001aaf152b8c0, 0x000001aaf15288a0, 0x000001aaf1527a30,
0x000001aaf1529240, 0x000001aaf1528d70, 0x000001aaf152da70, 0x000001aaf152aa50,
0x000001aaf1529710, 0x000001aaf1527f00, 0x000001aaf152af20, 0x000001aaf152df40,
0x000001aaf152c260, 0x000001aaf1526bc0, 0x000001aaf152d0d0, 0x000001aaf152b3f0,
0x000001aaf1527090, 0x000001aaf152e410, 0x000001aaf152bd90, 0x000001aaf152a0b0,
0x000001aaf15283d0, 0x000001aaf152c730
}

Java Threads: ( => current thread )
  0x000001aaed613a60 JavaThread "Reference Handler" daemon [_thread_blocked, id=11540, stack(0x0000001281600000,0x0000001281700000)]
  0x000001aaed614540 JavaThread "Finalizer" daemon [_thread_blocked, id=6244, stack(0x0000001281700000,0x0000001281800000)]
  0x000001aaede56760 JavaThread "Signal Dispatcher" daemon [_thread_blocked, id=2004, stack(0x0000001281800000,0x0000001281900000)]
  0x000001aaede57020 JavaThread "Attach Listener" daemon [_thread_blocked, id=6136, stack(0x0000001281900000,0x0000001281a00000)]
  0x000001aaede599f0 JavaThread "Service Thread" daemon [_thread_blocked, id=5808, stack(0x0000001281a00000,0x0000001281b00000)]
  0x000001aaede5a3b0 JavaThread "C1 CompilerThread0" daemon [_thread_blocked, id=16424, stack(0x0000001281b00000,0x0000001281c00000)]
  0x000001aaede62890 JavaThread "Sweeper thread" daemon [_thread_blocked, id=10680, stack(0x0000001281c00000,0x0000001281d00000)]
  0x000001aaed5f80f0 JavaThread "Common-Cleaner" daemon [_thread_blocked, id=11268, stack(0x0000001281d00000,0x0000001281e00000)]
  0x000001aaee5ab120 JavaThread "Monitor Ctrl-Break" daemon [_thread_in_native, id=1152, stack(0x0000001282100000,0x0000001282200000)]
  0x000001aaee5abfe0 JavaThread "Notification Thread" daemon [_thread_blocked, id=3968, stack(0x0000001282200000,0x0000001282300000)]
  0x000001aaee69fb00 JavaThread "RMI TCP Accept-0" daemon [_thread_in_native, id=12212, stack(0x0000001282300000,0x0000001282400000)]
  0x000001aaeee82500 JavaThread "RMI TCP Connection(2)-192.168.0.11" daemon [_thread_in_native, id=4016, stack(0x0000001282500000,0x0000001282600000)]
  0x000001aaeef7d3f0 JavaThread "RMI Scheduler(0)" daemon [_thread_blocked, id=15108, stack(0x0000001282600000,0x0000001282700000)]
  0x000001aaeef4e350 JavaThread "Catalina-utility-1" [_thread_blocked, id=8848, stack(0x0000001282a00000,0x0000001282b00000)]
  0x000001aaeef4e820 JavaThread "Catalina-utility-2" [_thread_blocked, id=11916, stack(0x0000001282b00000,0x0000001282c00000)]
  0x000001aaeef4f1c0 JavaThread "container-0" [_thread_blocked, id=4448, stack(0x0000001282c00000,0x0000001282d00000)]
  0x000001aaf152d5a0 JavaThread "spring.cloud.inetutils" daemon [_thread_in_native, id=13496, stack(0x0000001282d00000,0x0000001282e00000)]
  0x000001aaf152b8c0 JavaThread "File Watcher" daemon [_thread_blocked, id=572, stack(0x0000001282e00000,0x0000001282f00000)]
  0x000001aaf15288a0 JavaThread "RMI TCP Connection(idle)" daemon [_thread_blocked, id=7688, stack(0x0000001282f00000,0x0000001283000000)]
  0x000001aaf1527a30 JavaThread "AsyncResolver-bootstrap-0" daemon [_thread_blocked, id=13220, stack(0x0000001283000000,0x0000001283100000)]
  0x000001aaf1529240 JavaThread "DiscoveryClient-0" daemon [_thread_blocked, id=16352, stack(0x0000001283100000,0x0000001283200000)]
  0x000001aaf1528d70 JavaThread "DiscoveryClient-1" daemon [_thread_blocked, id=9132, stack(0x0000001283200000,0x0000001283300000)]
  0x000001aaf152da70 JavaThread "DiscoveryClient-InstanceInfoReplicator-0" daemon [_thread_blocked, id=15888, stack(0x0000001283300000,0x0000001283400000)]
  0x000001aaf152aa50 JavaThread "http-nio-80-BlockPoller" daemon [_thread_blocked, id=17356, stack(0x0000001283400000,0x0000001283500000)]
  0x000001aaf1529710 JavaThread "http-nio-80-exec-1" daemon [_thread_blocked, id=13424, stack(0x0000001283500000,0x0000001283600000)]
  0x000001aaf1527f00 JavaThread "http-nio-80-exec-2" daemon [_thread_blocked, id=4788, stack(0x0000001283600000,0x0000001283700000)]
  0x000001aaf152af20 JavaThread "http-nio-80-exec-3" daemon [_thread_blocked, id=10328, stack(0x0000001283700000,0x0000001283800000)]
  0x000001aaf152df40 JavaThread "http-nio-80-exec-4" daemon [_thread_blocked, id=1792, stack(0x0000001283800000,0x0000001283900000)]
  0x000001aaf152c260 JavaThread "http-nio-80-exec-5" daemon [_thread_blocked, id=8164, stack(0x0000001283900000,0x0000001283a00000)]
  0x000001aaf1526bc0 JavaThread "http-nio-80-exec-6" daemon [_thread_blocked, id=18948, stack(0x0000001283a00000,0x0000001283b00000)]
  0x000001aaf152d0d0 JavaThread "http-nio-80-exec-7" daemon [_thread_blocked, id=2192, stack(0x0000001283b00000,0x0000001283c00000)]
  0x000001aaf152b3f0 JavaThread "http-nio-80-exec-8" daemon [_thread_blocked, id=19272, stack(0x0000001283c00000,0x0000001283d00000)]
  0x000001aaf1527090 JavaThread "http-nio-80-exec-9" daemon [_thread_blocked, id=9700, stack(0x0000001283d00000,0x0000001283e00000)]
  0x000001aaf152e410 JavaThread "http-nio-80-exec-10" daemon [_thread_blocked, id=17536, stack(0x0000001283e00000,0x0000001283f00000)]
  0x000001aaf152bd90 JavaThread "http-nio-80-ClientPoller" daemon [_thread_in_native, id=18728, stack(0x0000001283f00000,0x0000001284000000)]
  0x000001aaf152a0b0 JavaThread "http-nio-80-Acceptor" daemon [_thread_in_native, id=11820, stack(0x0000001284000000,0x0000001284100000)]
  0x000001aaf15283d0 JavaThread "DestroyJavaVM" [_thread_blocked, id=10344, stack(0x0000001280f00000,0x0000001281000000)]
  0x000001aaf152c730 JavaThread "RMI TCP Connection(5)-192.168.0.11" daemon [_thread_in_native, id=17724, stack(0x0000001282700000,0x0000001282800000)]

Other Threads:
=>0x000001aaed60e710 VMThread "VM Thread" [stack: 0x0000001281500000,0x0000001281600000] [id=9616]
  0x000001aacbabbde0 WatcherThread [stack: 0x0000001282400000,0x0000001282500000] [id=4712]
  0x000001aacbb04930 GCTaskThread "GC Thread#0" [stack: 0x0000001281000000,0x0000001281100000] [id=1904]
  0x000001aaee032510 GCTaskThread "GC Thread#1" [stack: 0x0000001281e00000,0x0000001281f00000] [id=84]
  0x000001aaee243f90 GCTaskThread "GC Thread#2" [stack: 0x0000001281f00000,0x0000001282000000] [id=1200]
  0x000001aaee243c60 GCTaskThread "GC Thread#3" [stack: 0x0000001282000000,0x0000001282100000] [id=2284]
  0x000001aacbb13a80 ConcurrentGCThread "G1 Main Marker" [stack: 0x0000001281100000,0x0000001281200000] [id=17624]
  0x000001aacbb14e90 ConcurrentGCThread "G1 Conc#0" [stack: 0x0000001281200000,0x0000001281300000] [id=15124]
  0x000001aacbb6dee0 ConcurrentGCThread "G1 Refine#0" [stack: 0x0000001281300000,0x0000001281400000] [id=9284]
  0x000001aaf1523ff0 ConcurrentGCThread "G1 Refine#1" [stack: 0x0000001282800000,0x0000001282900000] [id=1884]
  0x000001aaf1524a10 ConcurrentGCThread "G1 Refine#2" [stack: 0x0000001282900000,0x0000001282a00000] [id=14484]
  0x000001aacbb6eb60 ConcurrentGCThread "G1 Young RemSet Sampling" [stack: 0x0000001281400000,0x0000001281500000] [id=1680]

Threads with active compile tasks:

VM state: at safepoint (normal execution)

VM Mutex/Monitor currently owned by a thread:  ([mutex/lock_event])
[0x000001aacbab5980] Threads_lock - owner thread: 0x000001aaed60e710
[0x000001aacbab5ce0] Heap_lock - owner thread: 0x000001aaf1529710

OutOfMemory and StackOverflow Exception counts:
StackOverflowErrors=17
LinkageErrors=92

Heap address: 0x0000000721800000, size: 3560 MB, Compressed Oops mode: Zero based, Oop shift amount: 3
CDS archive(s) mapped at: [0x0000000800000000-0x0000000800b50000-0x0000000800b50000), size 11862016, SharedBaseAddress: 0x0000000800000000, ArchiveRelocationMode: 0.
Compressed class space mapped at: 0x0000000800b50000-0x0000000840b50000, size: 1073741824
Narrow klass base: 0x0000000800000000, Narrow klass shift: 3, Narrow klass range: 0x100000000

GC Precious Log:
 CPUs: 4 total, 4 available
 Memory: 14238M
 Large Page Support: Disabled
 NUMA Support: Disabled
 Compressed Oops: Enabled (Zero based)
 Heap Region Size: 2M
 Heap Min Capacity: 8M
 Heap Initial Capacity: 224M
 Heap Max Capacity: 3560M
 Pre-touch: Disabled
 Parallel Workers: 4
 Concurrent Workers: 1
 Concurrent Refinement Workers: 4
 Periodic GC: Disabled

Heap:
 garbage-first heap   total 665600K, used 49296K [0x0000000721800000, 0x0000000800000000)
  region size 2048K, 2 young (4096K), 2 survivors (4096K)
 Metaspace       used 43236K, capacity 44026K, committed 44208K, reserved 1087488K
  class space    used 5803K, capacity 6047K, committed 6144K, reserved 1048576K

Heap Regions: E=young(eden), S=young(survivor), O=old, HS=humongous(starts), HC=humongous(continues), CS=collection set, F=free, OA=open archive, CA=closed archive, TAMS=top-at-mark-start (previous, next)
|   0|0x0000000721800000, 0x0000000721a00000, 0x0000000721a00000|100%| O|  |TAMS 0x0000000721a00000, 0x0000000721800000| Untracked 
|   1|0x0000000721a00000, 0x0000000721c00000, 0x0000000721c00000|100%| O|  |TAMS 0x0000000721c00000, 0x0000000721a00000| Untracked 
|   2|0x0000000721c00000, 0x0000000721e00000, 0x0000000721e00000|100%| O|  |TAMS 0x0000000721e00000, 0x0000000721c00000| Untracked 
|   3|0x0000000721e00000, 0x0000000722000000, 0x0000000722000000|100%| O|  |TAMS 0x0000000722000000, 0x0000000721e00000| Untracked 
|   4|0x0000000722000000, 0x0000000722200000, 0x0000000722200000|100%| O|  |TAMS 0x0000000722200000, 0x0000000722000000| Untracked 
|   5|0x0000000722200000, 0x0000000722400000, 0x0000000722400000|100%| O|  |TAMS 0x0000000722400000, 0x0000000722200000| Untracked 
|   6|0x0000000722400000, 0x0000000722600000, 0x0000000722600000|100%| O|  |TAMS 0x0000000722600000, 0x0000000722400000| Untracked 
|   7|0x0000000722600000, 0x0000000722800000, 0x0000000722800000|100%| O|  |TAMS 0x0000000722800000, 0x0000000722600000| Untracked 
|   8|0x0000000722800000, 0x0000000722a00000, 0x0000000722a00000|100%| O|  |TAMS 0x00000007229ace00, 0x0000000722800000| Untracked 
|   9|0x0000000722a00000, 0x0000000722c00000, 0x0000000722c00000|100%| O|  |TAMS 0x0000000722c00000, 0x0000000722a00000| Untracked 
|  10|0x0000000722c00000, 0x0000000722e00000, 0x0000000722e00000|100%| O|  |TAMS 0x0000000722e00000, 0x0000000722c00000| Untracked 
|  11|0x0000000722e00000, 0x0000000723000000, 0x0000000723000000|100%| O|  |TAMS 0x0000000723000000, 0x0000000722e00000| Untracked 
|  12|0x0000000723000000, 0x0000000723200000, 0x0000000723200000|100%| O|  |TAMS 0x0000000723200000, 0x0000000723000000| Untracked 
|  13|0x0000000723200000, 0x0000000723400000, 0x0000000723400000|100%| O|  |TAMS 0x0000000723400000, 0x0000000723200000| Untracked 
|  14|0x0000000723400000, 0x0000000723600000, 0x0000000723600000|100%| O|  |TAMS 0x0000000723600000, 0x0000000723400000| Untracked 
|  15|0x0000000723600000, 0x0000000723800000, 0x0000000723800000|100%| O|  |TAMS 0x0000000723600000, 0x0000000723600000| Untracked 
|  16|0x0000000723800000, 0x0000000723a00000, 0x0000000723a00000|100%| O|  |TAMS 0x0000000723a00000, 0x0000000723800000| Untracked 
|  17|0x0000000723a00000, 0x0000000723c00000, 0x0000000723c00000|100%| O|  |TAMS 0x0000000723c00000, 0x0000000723a00000| Untracked 
|  18|0x0000000723c00000, 0x0000000723e00000, 0x0000000723e00000|100%| O|  |TAMS 0x0000000723e00000, 0x0000000723c00000| Untracked 
|  19|0x0000000723e00000, 0x0000000724000000, 0x0000000724000000|100%| O|  |TAMS 0x0000000724000000, 0x0000000723e00000| Untracked 
|  20|0x0000000724000000, 0x0000000724200000, 0x0000000724200000|100%| O|  |TAMS 0x0000000724200000, 0x0000000724000000| Untracked 
|  21|0x0000000724200000, 0x0000000724400000, 0x0000000724400000|100%| O|  |TAMS 0x0000000724400000, 0x0000000724200000| Untracked 
|  22|0x0000000724400000, 0x000000072455e000, 0x0000000724600000| 68%| O|  |TAMS 0x0000000724400000, 0x0000000724400000| Untracked 
|  23|0x0000000724600000, 0x0000000724600000, 0x0000000724800000|  0%| F|  |TAMS 0x0000000724600000, 0x0000000724600000| Untracked 
|  24|0x0000000724800000, 0x0000000724800000, 0x0000000724a00000|  0%| F|  |TAMS 0x0000000724800000, 0x0000000724800000| Untracked 
|  25|0x0000000724a00000, 0x0000000724a00000, 0x0000000724c00000|  0%| F|  |TAMS 0x0000000724a00000, 0x0000000724a00000| Untracked 
|  26|0x0000000724c00000, 0x0000000724c00000, 0x0000000724e00000|  0%| F|  |TAMS 0x0000000724c00000, 0x0000000724c00000| Untracked 
|  27|0x0000000724e00000, 0x0000000724e00000, 0x0000000725000000|  0%| F|  |TAMS 0x0000000724e00000, 0x0000000724e00000| Untracked 
|  28|0x0000000725000000, 0x0000000725000000, 0x0000000725200000|  0%| F|  |TAMS 0x0000000725000000, 0x0000000725000000| Untracked 
|  29|0x0000000725200000, 0x0000000725200000, 0x0000000725400000|  0%| F|  |TAMS 0x0000000725200000, 0x0000000725200000| Untracked 
|  30|0x0000000725400000, 0x0000000725400000, 0x0000000725600000|  0%| F|  |TAMS 0x0000000725400000, 0x0000000725400000| Untracked 
|  31|0x0000000725600000, 0x0000000725600000, 0x0000000725800000|  0%| F|  |TAMS 0x0000000725600000, 0x0000000725600000| Untracked 
|  32|0x0000000725800000, 0x0000000725800000, 0x0000000725a00000|  0%| F|  |TAMS 0x0000000725800000, 0x0000000725800000| Untracked 
|  33|0x0000000725a00000, 0x0000000725a00000, 0x0000000725c00000|  0%| F|  |TAMS 0x0000000725a00000, 0x0000000725a00000| Untracked 
|  34|0x0000000725c00000, 0x0000000725c00000, 0x0000000725e00000|  0%| F|  |TAMS 0x0000000725c00000, 0x0000000725c00000| Untracked 
|  35|0x0000000725e00000, 0x0000000725e00000, 0x0000000726000000|  0%| F|  |TAMS 0x0000000725e00000, 0x0000000725e00000| Untracked 
|  36|0x0000000726000000, 0x0000000726000000, 0x0000000726200000|  0%| F|  |TAMS 0x0000000726000000, 0x0000000726000000| Untracked 
|  37|0x0000000726200000, 0x0000000726200000, 0x0000000726400000|  0%| F|  |TAMS 0x0000000726200000, 0x0000000726200000| Untracked 
|  38|0x0000000726400000, 0x0000000726400000, 0x0000000726600000|  0%| F|  |TAMS 0x0000000726400000, 0x0000000726400000| Untracked 
|  39|0x0000000726600000, 0x0000000726600000, 0x0000000726800000|  0%| F|  |TAMS 0x0000000726600000, 0x0000000726600000| Untracked 
|  40|0x0000000726800000, 0x0000000726800000, 0x0000000726a00000|  0%| F|  |TAMS 0x0000000726800000, 0x0000000726800000| Untracked 
|  41|0x0000000726a00000, 0x0000000726a00000, 0x0000000726c00000|  0%| F|  |TAMS 0x0000000726a00000, 0x0000000726a00000| Untracked 
|  42|0x0000000726c00000, 0x0000000726c00000, 0x0000000726e00000|  0%| F|  |TAMS 0x0000000726c00000, 0x0000000726c00000| Untracked 
|  43|0x0000000726e00000, 0x0000000726e00000, 0x0000000727000000|  0%| F|  |TAMS 0x0000000726e00000, 0x0000000726e00000| Untracked 
|  44|0x0000000727000000, 0x0000000727000000, 0x0000000727200000|  0%| F|  |TAMS 0x0000000727000000, 0x0000000727000000| Untracked 
|  45|0x0000000727200000, 0x0000000727200000, 0x0000000727400000|  0%| F|  |TAMS 0x0000000727200000, 0x0000000727200000| Untracked 
|  46|0x0000000727400000, 0x0000000727400000, 0x0000000727600000|  0%| F|  |TAMS 0x0000000727400000, 0x0000000727400000| Untracked 
|  47|0x0000000727600000, 0x0000000727600000, 0x0000000727800000|  0%| F|  |TAMS 0x0000000727600000, 0x0000000727600000| Untracked 
|  48|0x0000000727800000, 0x0000000727800000, 0x0000000727a00000|  0%| F|  |TAMS 0x0000000727800000, 0x0000000727800000| Untracked 
|  49|0x0000000727a00000, 0x0000000727a00000, 0x0000000727c00000|  0%| F|  |TAMS 0x0000000727a00000, 0x0000000727a00000| Untracked 
|  50|0x0000000727c00000, 0x0000000727c00000, 0x0000000727e00000|  0%| F|  |TAMS 0x0000000727c00000, 0x0000000727c00000| Untracked 
|  51|0x0000000727e00000, 0x0000000727e00000, 0x0000000728000000|  0%| F|  |TAMS 0x0000000727e00000, 0x0000000727e00000| Untracked 
|  52|0x0000000728000000, 0x0000000728000000, 0x0000000728200000|  0%| F|  |TAMS 0x0000000728000000, 0x0000000728000000| Untracked 
|  53|0x0000000728200000, 0x0000000728200000, 0x0000000728400000|  0%| F|  |TAMS 0x0000000728200000, 0x0000000728200000| Untracked 
|  54|0x0000000728400000, 0x0000000728400000, 0x0000000728600000|  0%| F|  |TAMS 0x0000000728400000, 0x0000000728400000| Untracked 
|  55|0x0000000728600000, 0x0000000728600000, 0x0000000728800000|  0%| F|  |TAMS 0x0000000728600000, 0x0000000728600000| Untracked 
|  56|0x0000000728800000, 0x0000000728800000, 0x0000000728a00000|  0%| F|  |TAMS 0x0000000728800000, 0x0000000728800000| Untracked 
|  57|0x0000000728a00000, 0x0000000728a00000, 0x0000000728c00000|  0%| F|  |TAMS 0x0000000728a00000, 0x0000000728a00000| Untracked 
|  58|0x0000000728c00000, 0x0000000728c00000, 0x0000000728e00000|  0%| F|  |TAMS 0x0000000728c00000, 0x0000000728c00000| Untracked 
|  59|0x0000000728e00000, 0x0000000728e00000, 0x0000000729000000|  0%| F|  |TAMS 0x0000000728e00000, 0x0000000728e00000| Untracked 
|  60|0x0000000729000000, 0x0000000729000000, 0x0000000729200000|  0%| F|  |TAMS 0x0000000729000000, 0x0000000729000000| Untracked 
|  61|0x0000000729200000, 0x0000000729200000, 0x0000000729400000|  0%| F|  |TAMS 0x0000000729200000, 0x0000000729200000| Untracked 
|  62|0x0000000729400000, 0x0000000729400000, 0x0000000729600000|  0%| F|  |TAMS 0x0000000729400000, 0x0000000729400000| Untracked 
|  63|0x0000000729600000, 0x0000000729600000, 0x0000000729800000|  0%| F|  |TAMS 0x0000000729600000, 0x0000000729600000| Untracked 
|  64|0x0000000729800000, 0x0000000729800000, 0x0000000729a00000|  0%| F|  |TAMS 0x0000000729800000, 0x0000000729800000| Untracked 
|  65|0x0000000729a00000, 0x0000000729a00000, 0x0000000729c00000|  0%| F|  |TAMS 0x0000000729a00000, 0x0000000729a00000| Untracked 
|  66|0x0000000729c00000, 0x0000000729c00000, 0x0000000729e00000|  0%| F|  |TAMS 0x0000000729c00000, 0x0000000729c00000| Untracked 
|  67|0x0000000729e00000, 0x0000000729e00000, 0x000000072a000000|  0%| F|  |TAMS 0x0000000729e00000, 0x0000000729e00000| Untracked 
|  68|0x000000072a000000, 0x000000072a000000, 0x000000072a200000|  0%| F|  |TAMS 0x000000072a000000, 0x000000072a000000| Untracked 
|  69|0x000000072a200000, 0x000000072a200000, 0x000000072a400000|  0%| F|  |TAMS 0x000000072a200000, 0x000000072a200000| Untracked 
|  70|0x000000072a400000, 0x000000072a4c6240, 0x000000072a600000| 38%| S|CS|TAMS 0x000000072a400000, 0x000000072a400000| Complete 
|  71|0x000000072a600000, 0x000000072a800000, 0x000000072a800000|100%| S|CS|TAMS 0x000000072a600000, 0x000000072a600000| Complete 
|  72|0x000000072a800000, 0x000000072a800000, 0x000000072aa00000|  0%| F|  |TAMS 0x000000072a800000, 0x000000072a800000| Untracked 
|  73|0x000000072aa00000, 0x000000072aa00000, 0x000000072ac00000|  0%| F|  |TAMS 0x000000072aa00000, 0x000000072aa00000| Untracked 
|  74|0x000000072ac00000, 0x000000072ac00000, 0x000000072ae00000|  0%| F|  |TAMS 0x000000072ac00000, 0x000000072ac00000| Untracked 
|  75|0x000000072ae00000, 0x000000072ae00000, 0x000000072b000000|  0%| F|  |TAMS 0x000000072ae00000, 0x000000072ae00000| Untracked 
|  76|0x000000072b000000, 0x000000072b000000, 0x000000072b200000|  0%| F|  |TAMS 0x000000072b000000, 0x000000072b000000| Untracked 
|  77|0x000000072b200000, 0x000000072b200000, 0x000000072b400000|  0%| F|  |TAMS 0x000000072b200000, 0x000000072b200000| Untracked 
|  78|0x000000072b400000, 0x000000072b400000, 0x000000072b600000|  0%| F|  |TAMS 0x000000072b400000, 0x000000072b400000| Untracked 
|  79|0x000000072b600000, 0x000000072b600000, 0x000000072b800000|  0%| F|  |TAMS 0x000000072b600000, 0x000000072b600000| Untracked 
|  80|0x000000072b800000, 0x000000072b800000, 0x000000072ba00000|  0%| F|  |TAMS 0x000000072b800000, 0x000000072b800000| Untracked 
|  81|0x000000072ba00000, 0x000000072ba00000, 0x000000072bc00000|  0%| F|  |TAMS 0x000000072ba00000, 0x000000072ba00000| Untracked 
|  82|0x000000072bc00000, 0x000000072bc00000, 0x000000072be00000|  0%| F|  |TAMS 0x000000072bc00000, 0x000000072bc00000| Untracked 
|  83|0x000000072be00000, 0x000000072be00000, 0x000000072c000000|  0%| F|  |TAMS 0x000000072be00000, 0x000000072be00000| Untracked 
|  84|0x000000072c000000, 0x000000072c000000, 0x000000072c200000|  0%| F|  |TAMS 0x000000072c000000, 0x000000072c000000| Untracked 
|  85|0x000000072c200000, 0x000000072c200000, 0x000000072c400000|  0%| F|  |TAMS 0x000000072c200000, 0x000000072c200000| Untracked 
|  86|0x000000072c400000, 0x000000072c400000, 0x000000072c600000|  0%| F|  |TAMS 0x000000072c400000, 0x000000072c400000| Untracked 
|  87|0x000000072c600000, 0x000000072c600000, 0x000000072c800000|  0%| F|  |TAMS 0x000000072c600000, 0x000000072c600000| Untracked 
|  88|0x000000072c800000, 0x000000072c800000, 0x000000072ca00000|  0%| F|  |TAMS 0x000000072c800000, 0x000000072c800000| Untracked 
|  89|0x000000072ca00000, 0x000000072ca00000, 0x000000072cc00000|  0%| F|  |TAMS 0x000000072ca00000, 0x000000072ca00000| Untracked 
|  90|0x000000072cc00000, 0x000000072cc00000, 0x000000072ce00000|  0%| F|  |TAMS 0x000000072cc00000, 0x000000072cc00000| Untracked 
|  91|0x000000072ce00000, 0x000000072ce00000, 0x000000072d000000|  0%| F|  |TAMS 0x000000072ce00000, 0x000000072ce00000| Untracked 
|  92|0x000000072d000000, 0x000000072d000000, 0x000000072d200000|  0%| F|  |TAMS 0x000000072d000000, 0x000000072d000000| Untracked 
|  93|0x000000072d200000, 0x000000072d200000, 0x000000072d400000|  0%| F|  |TAMS 0x000000072d200000, 0x000000072d200000| Untracked 
|  94|0x000000072d400000, 0x000000072d400000, 0x000000072d600000|  0%| F|  |TAMS 0x000000072d400000, 0x000000072d400000| Untracked 
|  95|0x000000072d600000, 0x000000072d600000, 0x000000072d800000|  0%| F|  |TAMS 0x000000072d600000, 0x000000072d600000| Untracked 
|  96|0x000000072d800000, 0x000000072d800000, 0x000000072da00000|  0%| F|  |TAMS 0x000000072d800000, 0x000000072d800000| Untracked 
|  97|0x000000072da00000, 0x000000072da00000, 0x000000072dc00000|  0%| F|  |TAMS 0x000000072da00000, 0x000000072da00000| Untracked 
|  98|0x000000072dc00000, 0x000000072dc00000, 0x000000072de00000|  0%| F|  |TAMS 0x000000072dc00000, 0x000000072dc00000| Untracked 
|  99|0x000000072de00000, 0x000000072de00000, 0x000000072e000000|  0%| F|  |TAMS 0x000000072de00000, 0x000000072de00000| Untracked 
| 100|0x000000072e000000, 0x000000072e000000, 0x000000072e200000|  0%| F|  |TAMS 0x000000072e000000, 0x000000072e000000| Untracked 
| 101|0x000000072e200000, 0x000000072e200000, 0x000000072e400000|  0%| F|  |TAMS 0x000000072e200000, 0x000000072e200000| Untracked 
| 102|0x000000072e400000, 0x000000072e400000, 0x000000072e600000|  0%| F|  |TAMS 0x000000072e400000, 0x000000072e400000| Untracked 
| 103|0x000000072e600000, 0x000000072e600000, 0x000000072e800000|  0%| F|  |TAMS 0x000000072e600000, 0x000000072e600000| Untracked 
| 104|0x000000072e800000, 0x000000072e800000, 0x000000072ea00000|  0%| F|  |TAMS 0x000000072e800000, 0x000000072e800000| Untracked 
| 105|0x000000072ea00000, 0x000000072ea00000, 0x000000072ec00000|  0%| F|  |TAMS 0x000000072ea00000, 0x000000072ea00000| Untracked 
| 106|0x000000072ec00000, 0x000000072ec00000, 0x000000072ee00000|  0%| F|  |TAMS 0x000000072ec00000, 0x000000072ec00000| Untracked 
| 107|0x000000072ee00000, 0x000000072ee00000, 0x000000072f000000|  0%| F|  |TAMS 0x000000072ee00000, 0x000000072ee00000| Untracked 
| 108|0x000000072f000000, 0x000000072f000000, 0x000000072f200000|  0%| F|  |TAMS 0x000000072f000000, 0x000000072f000000| Untracked 
| 109|0x000000072f200000, 0x000000072f200000, 0x000000072f400000|  0%| F|  |TAMS 0x000000072f200000, 0x000000072f200000| Untracked 
| 110|0x000000072f400000, 0x000000072f400000, 0x000000072f600000|  0%| F|  |TAMS 0x000000072f400000, 0x000000072f400000| Untracked 
| 111|0x000000072f600000, 0x000000072f600000, 0x000000072f800000|  0%| F|  |TAMS 0x000000072f600000, 0x000000072f600000| Untracked 
| 112|0x000000072f800000, 0x000000072f800000, 0x000000072fa00000|  0%| F|  |TAMS 0x000000072f800000, 0x000000072f800000| Untracked 
| 113|0x000000072fa00000, 0x000000072fa00000, 0x000000072fc00000|  0%| F|  |TAMS 0x000000072fa00000, 0x000000072fa00000| Untracked 
| 114|0x000000072fc00000, 0x000000072fc00000, 0x000000072fe00000|  0%| F|  |TAMS 0x000000072fc00000, 0x000000072fc00000| Untracked 
| 115|0x000000072fe00000, 0x000000072fe00000, 0x0000000730000000|  0%| F|  |TAMS 0x000000072fe00000, 0x000000072fe00000| Untracked 
| 116|0x0000000730000000, 0x0000000730000000, 0x0000000730200000|  0%| F|  |TAMS 0x0000000730000000, 0x0000000730000000| Untracked 
| 117|0x0000000730200000, 0x0000000730200000, 0x0000000730400000|  0%| F|  |TAMS 0x0000000730200000, 0x0000000730200000| Untracked 
| 118|0x0000000730400000, 0x0000000730400000, 0x0000000730600000|  0%| F|  |TAMS 0x0000000730400000, 0x0000000730400000| Untracked 
| 119|0x0000000730600000, 0x0000000730600000, 0x0000000730800000|  0%| F|  |TAMS 0x0000000730600000, 0x0000000730600000| Untracked 
| 120|0x0000000730800000, 0x0000000730800000, 0x0000000730a00000|  0%| F|  |TAMS 0x0000000730800000, 0x0000000730800000| Untracked 
| 121|0x0000000730a00000, 0x0000000730a00000, 0x0000000730c00000|  0%| F|  |TAMS 0x0000000730a00000, 0x0000000730a00000| Untracked 
| 122|0x0000000730c00000, 0x0000000730c00000, 0x0000000730e00000|  0%| F|  |TAMS 0x0000000730c00000, 0x0000000730c00000| Untracked 
| 123|0x0000000730e00000, 0x0000000730e00000, 0x0000000731000000|  0%| F|  |TAMS 0x0000000730e00000, 0x0000000730e00000| Untracked 
| 124|0x0000000731000000, 0x0000000731000000, 0x0000000731200000|  0%| F|  |TAMS 0x0000000731000000, 0x0000000731000000| Untracked 
| 125|0x0000000731200000, 0x0000000731200000, 0x0000000731400000|  0%| F|  |TAMS 0x0000000731200000, 0x0000000731200000| Untracked 
| 126|0x0000000731400000, 0x0000000731400000, 0x0000000731600000|  0%| F|  |TAMS 0x0000000731400000, 0x0000000731400000| Untracked 
| 127|0x0000000731600000, 0x0000000731600000, 0x0000000731800000|  0%| F|  |TAMS 0x0000000731600000, 0x0000000731600000| Untracked 
| 128|0x0000000731800000, 0x0000000731800000, 0x0000000731a00000|  0%| F|  |TAMS 0x0000000731800000, 0x0000000731800000| Untracked 
| 129|0x0000000731a00000, 0x0000000731a00000, 0x0000000731c00000|  0%| F|  |TAMS 0x0000000731a00000, 0x0000000731a00000| Untracked 
| 130|0x0000000731c00000, 0x0000000731c00000, 0x0000000731e00000|  0%| F|  |TAMS 0x0000000731c00000, 0x0000000731c00000| Untracked 
| 131|0x0000000731e00000, 0x0000000731e00000, 0x0000000732000000|  0%| F|  |TAMS 0x0000000731e00000, 0x0000000731e00000| Untracked 
| 132|0x0000000732000000, 0x0000000732000000, 0x0000000732200000|  0%| F|  |TAMS 0x0000000732000000, 0x0000000732000000| Untracked 
| 133|0x0000000732200000, 0x0000000732200000, 0x0000000732400000|  0%| F|  |TAMS 0x0000000732200000, 0x0000000732200000| Untracked 
| 134|0x0000000732400000, 0x0000000732400000, 0x0000000732600000|  0%| F|  |TAMS 0x0000000732400000, 0x0000000732400000| Untracked 
| 135|0x0000000732600000, 0x0000000732600000, 0x0000000732800000|  0%| F|  |TAMS 0x0000000732600000, 0x0000000732600000| Untracked 
| 136|0x0000000732800000, 0x0000000732800000, 0x0000000732a00000|  0%| F|  |TAMS 0x0000000732800000, 0x0000000732800000| Untracked 
| 137|0x0000000732a00000, 0x0000000732a00000, 0x0000000732c00000|  0%| F|  |TAMS 0x0000000732a00000, 0x0000000732a00000| Untracked 
| 138|0x0000000732c00000, 0x0000000732c00000, 0x0000000732e00000|  0%| F|  |TAMS 0x0000000732c00000, 0x0000000732c00000| Untracked 
| 139|0x0000000732e00000, 0x0000000732e00000, 0x0000000733000000|  0%| F|  |TAMS 0x0000000732e00000, 0x0000000732e00000| Untracked 
| 140|0x0000000733000000, 0x0000000733000000, 0x0000000733200000|  0%| F|  |TAMS 0x0000000733000000, 0x0000000733000000| Untracked 
| 141|0x0000000733200000, 0x0000000733200000, 0x0000000733400000|  0%| F|  |TAMS 0x0000000733200000, 0x0000000733200000| Untracked 
| 142|0x0000000733400000, 0x0000000733400000, 0x0000000733600000|  0%| F|  |TAMS 0x0000000733400000, 0x0000000733400000| Untracked 
| 143|0x0000000733600000, 0x0000000733600000, 0x0000000733800000|  0%| F|  |TAMS 0x0000000733600000, 0x0000000733600000| Untracked 
| 144|0x0000000733800000, 0x0000000733800000, 0x0000000733a00000|  0%| F|  |TAMS 0x0000000733800000, 0x0000000733800000| Untracked 
| 145|0x0000000733a00000, 0x0000000733a00000, 0x0000000733c00000|  0%| F|  |TAMS 0x0000000733a00000, 0x0000000733a00000| Untracked 
| 146|0x0000000733c00000, 0x0000000733c00000, 0x0000000733e00000|  0%| F|  |TAMS 0x0000000733c00000, 0x0000000733c00000| Untracked 
| 147|0x0000000733e00000, 0x0000000733e00000, 0x0000000734000000|  0%| F|  |TAMS 0x0000000733e00000, 0x0000000733e00000| Untracked 
| 148|0x0000000734000000, 0x0000000734000000, 0x0000000734200000|  0%| F|  |TAMS 0x0000000734000000, 0x0000000734000000| Untracked 
| 149|0x0000000734200000, 0x0000000734200000, 0x0000000734400000|  0%| F|  |TAMS 0x0000000734200000, 0x0000000734200000| Untracked 
| 150|0x0000000734400000, 0x0000000734400000, 0x0000000734600000|  0%| F|  |TAMS 0x0000000734400000, 0x0000000734400000| Untracked 
| 151|0x0000000734600000, 0x0000000734600000, 0x0000000734800000|  0%| F|  |TAMS 0x0000000734600000, 0x0000000734600000| Untracked 
| 152|0x0000000734800000, 0x0000000734800000, 0x0000000734a00000|  0%| F|  |TAMS 0x0000000734800000, 0x0000000734800000| Untracked 
| 153|0x0000000734a00000, 0x0000000734a00000, 0x0000000734c00000|  0%| F|  |TAMS 0x0000000734a00000, 0x0000000734a00000| Untracked 
| 154|0x0000000734c00000, 0x0000000734c00000, 0x0000000734e00000|  0%| F|  |TAMS 0x0000000734c00000, 0x0000000734c00000| Untracked 
| 155|0x0000000734e00000, 0x0000000734e00000, 0x0000000735000000|  0%| F|  |TAMS 0x0000000734e00000, 0x0000000734e00000| Untracked 
| 156|0x0000000735000000, 0x0000000735000000, 0x0000000735200000|  0%| F|  |TAMS 0x0000000735000000, 0x0000000735000000| Untracked 
| 157|0x0000000735200000, 0x0000000735200000, 0x0000000735400000|  0%| F|  |TAMS 0x0000000735200000, 0x0000000735200000| Untracked 
| 158|0x0000000735400000, 0x0000000735400000, 0x0000000735600000|  0%| F|  |TAMS 0x0000000735400000, 0x0000000735400000| Untracked 
| 159|0x0000000735600000, 0x0000000735600000, 0x0000000735800000|  0%| F|  |TAMS 0x0000000735600000, 0x0000000735600000| Untracked 
| 160|0x0000000735800000, 0x0000000735800000, 0x0000000735a00000|  0%| F|  |TAMS 0x0000000735800000, 0x0000000735800000| Untracked 
| 161|0x0000000735a00000, 0x0000000735a00000, 0x0000000735c00000|  0%| F|  |TAMS 0x0000000735a00000, 0x0000000735a00000| Untracked 
| 162|0x0000000735c00000, 0x0000000735c00000, 0x0000000735e00000|  0%| F|  |TAMS 0x0000000735c00000, 0x0000000735c00000| Untracked 
| 163|0x0000000735e00000, 0x0000000735e00000, 0x0000000736000000|  0%| F|  |TAMS 0x0000000735e00000, 0x0000000735e00000| Untracked 
| 164|0x0000000736000000, 0x0000000736000000, 0x0000000736200000|  0%| F|  |TAMS 0x0000000736000000, 0x0000000736000000| Untracked 
| 165|0x0000000736200000, 0x0000000736200000, 0x0000000736400000|  0%| F|  |TAMS 0x0000000736200000, 0x0000000736200000| Untracked 
| 166|0x0000000736400000, 0x0000000736400000, 0x0000000736600000|  0%| F|  |TAMS 0x0000000736400000, 0x0000000736400000| Untracked 
| 167|0x0000000736600000, 0x0000000736600000, 0x0000000736800000|  0%| F|  |TAMS 0x0000000736600000, 0x0000000736600000| Untracked 
| 168|0x0000000736800000, 0x0000000736800000, 0x0000000736a00000|  0%| F|  |TAMS 0x0000000736800000, 0x0000000736800000| Untracked 
| 169|0x0000000736a00000, 0x0000000736a00000, 0x0000000736c00000|  0%| F|  |TAMS 0x0000000736a00000, 0x0000000736a00000| Untracked 
| 170|0x0000000736c00000, 0x0000000736c00000, 0x0000000736e00000|  0%| F|  |TAMS 0x0000000736c00000, 0x0000000736c00000| Untracked 
| 171|0x0000000736e00000, 0x0000000736e00000, 0x0000000737000000|  0%| F|  |TAMS 0x0000000736e00000, 0x0000000736e00000| Untracked 
| 172|0x0000000737000000, 0x0000000737000000, 0x0000000737200000|  0%| F|  |TAMS 0x0000000737000000, 0x0000000737000000| Untracked 
| 173|0x0000000737200000, 0x0000000737200000, 0x0000000737400000|  0%| F|  |TAMS 0x0000000737200000, 0x0000000737200000| Untracked 
| 174|0x0000000737400000, 0x0000000737400000, 0x0000000737600000|  0%| F|  |TAMS 0x0000000737400000, 0x0000000737400000| Untracked 
| 175|0x0000000737600000, 0x0000000737600000, 0x0000000737800000|  0%| F|  |TAMS 0x0000000737600000, 0x0000000737600000| Untracked 
| 176|0x0000000737800000, 0x0000000737800000, 0x0000000737a00000|  0%| F|  |TAMS 0x0000000737800000, 0x0000000737800000| Untracked 
| 177|0x0000000737a00000, 0x0000000737a00000, 0x0000000737c00000|  0%| F|  |TAMS 0x0000000737a00000, 0x0000000737a00000| Untracked 
| 178|0x0000000737c00000, 0x0000000737c00000, 0x0000000737e00000|  0%| F|  |TAMS 0x0000000737c00000, 0x0000000737c00000| Untracked 
| 179|0x0000000737e00000, 0x0000000737e00000, 0x0000000738000000|  0%| F|  |TAMS 0x0000000737e00000, 0x0000000737e00000| Untracked 

Card table byte_map: [0x000001aae33d0000,0x000001aae3ad0000] _byte_map_base: 0x000001aadfac4000

Marking Bits (Prev, Next): (CMBitMap*) 0x000001aacbb051e0, (CMBitMap*) 0x000001aacbb051a0
 Prev Bits: [0x000001aae7970000, 0x000001aaeb110000)
 Next Bits: [0x000001aae41d0000, 0x000001aae7970000)

Polling page: 0x000001aacb270000

Metaspace:

Usage:
  Non-class:     37.09 MB capacity,    36.56 MB ( 99%) used,   468.18 KB (  1%) free+waste,    77.75 KB ( <1%) overhead. 
      Class:      5.91 MB capacity,     5.67 MB ( 96%) used,   210.45 KB (  3%) free+waste,    33.25 KB ( <1%) overhead. 
       Both:     42.99 MB capacity,    42.22 MB ( 98%) used,   678.63 KB (  2%) free+waste,   111.00 KB ( <1%) overhead. 

Virtual space:
  Non-class space:       38.00 MB reserved,      37.17 MB ( 98%) committed 
      Class space:        1.00 GB reserved,       6.00 MB ( <1%) committed 
             Both:        1.04 GB reserved,      43.17 MB (  4%) committed 

Chunk freelists:
   Non-Class:  7.00 KB
       Class:  2.00 KB
        Both:  9.00 KB

MaxMetaspaceSize: 17179869184.00 GB
CompressedClassSpaceSize: 1.00 GB

CodeHeap 'non-profiled nmethods': size=238912Kb used=10399Kb max_used=10399Kb free=228512Kb
 bounds [0x000001aad4380000, 0x000001aad4db0000, 0x000001aae2cd0000]
CodeHeap 'non-nmethods': size=6848Kb used=1268Kb max_used=1268Kb free=5579Kb
 bounds [0x000001aad3cd0000, 0x000001aad3f40000, 0x000001aad4380000]
 total_blobs=6735 nmethods=6181 adapters=481
 compilation: enabled
              stopped_count=0, restarted_count=0
 full_count=0

Compilation events (20 events):
Event: 22.920 Thread 0x000001aaede5a3b0 6172       1       ch.qos.logback.classic.spi.LoggingEvent::getThrowableProxy (5 bytes)
Event: 22.920 Thread 0x000001aaede5a3b0 nmethod 6172 0x000001aad4da4a90 code [0x000001aad4da4c20, 0x000001aad4da4cd8]
Event: 22.940 Thread 0x000001aaede5a3b0 6173       1       java.util.Collection::removeIf (51 bytes)
Event: 22.940 Thread 0x000001aaede5a3b0 nmethod 6173 0x000001aad4da4d90 code [0x000001aad4da4f80, 0x000001aad4da5218]
Event: 22.979 Thread 0x000001aaede5a3b0 6174       1       sun.util.locale.provider.LocaleProviderAdapter::getAdapter (177 bytes)
Event: 22.980 Thread 0x000001aaede5a3b0 nmethod 6174 0x000001aad4da5390 code [0x000001aad4da5620, 0x000001aad4da5d68]
Event: 22.981 Thread 0x000001aaede5a3b0 6175       1       java.util.concurrent.ConcurrentHashMap$BaseIterator::remove (37 bytes)
Event: 22.982 Thread 0x000001aaede5a3b0 nmethod 6175 0x000001aad4da6190 code [0x000001aad4da6340, 0x000001aad4da6538]
Event: 23.000 Thread 0x000001aaede5a3b0 6176       1       io.micrometer.core.instrument.ImmutableTag::hashCode (23 bytes)
Event: 23.000 Thread 0x000001aaede5a3b0 nmethod 6176 0x000001aad4da6690 code [0x000001aad4da6840, 0x000001aad4da6958]
Event: 23.011 Thread 0x000001aaede5a3b0 6177       1       java.io.ObjectInputStream::defaultSetFieldValues (37 bytes)
Event: 23.011 Thread 0x000001aaede5a3b0 nmethod 6177 0x000001aad4da6a90 code [0x000001aad4da6c40, 0x000001aad4da6db8]
Event: 23.011 Thread 0x000001aaede5a3b0 6178       1       java.io.ObjectInputStream$HandleTable::size (5 bytes)
Event: 23.011 Thread 0x000001aaede5a3b0 nmethod 6178 0x000001aad4da6f90 code [0x000001aad4da7120, 0x000001aad4da71d8]
Event: 23.012 Thread 0x000001aaede5a3b0 6179       1       java.io.ObjectInputStream$BlockDataInputStream::readFully (42 bytes)
Event: 23.012 Thread 0x000001aaede5a3b0 nmethod 6179 0x000001aad4da7290 code [0x000001aad4da7440, 0x000001aad4da75d8]
Event: 23.079 Thread 0x000001aaede5a3b0 6180       1       org.springframework.util.ConcurrentReferenceHashMap$EntryIterator::moveToNextReference (85 bytes)
Event: 23.079 Thread 0x000001aaede5a3b0 nmethod 6180 0x000001aad4da7710 code [0x000001aad4da78c0, 0x000001aad4da7b48]
Event: 23.098 Thread 0x000001aaede5a3b0 6181       1       java.util.GregorianCalendar::getCalendarType (3 bytes)
Event: 23.098 Thread 0x000001aaede5a3b0 nmethod 6181 0x000001aad4da7c90 code [0x000001aad4da7e20, 0x000001aad4da7ed8]

GC Heap History (20 events):
Event: 22.787 GC heap after
{Heap after GC invocations=40 (full 0):
 garbage-first heap   total 108544K, used 47232K [0x0000000721800000, 0x0000000800000000)
  region size 2048K, 1 young (2048K), 1 survivors (2048K)
 Metaspace       used 43236K, capacity 44026K, committed 44208K, reserved 1087488K
  class space    used 5803K, capacity 6047K, committed 6144K, reserved 1048576K
}
Event: 22.798 GC heap before
{Heap before GC invocations=40 (full 0):
 garbage-first heap   total 110592K, used 88192K [0x0000000721800000, 0x0000000800000000)
  region size 2048K, 22 young (45056K), 1 survivors (2048K)
 Metaspace       used 43236K, capacity 44026K, committed 44208K, reserved 1087488K
  class space    used 5803K, capacity 6047K, committed 6144K, reserved 1048576K
}
Event: 22.800 GC heap after
{Heap after GC invocations=41 (full 0):
 garbage-first heap   total 110592K, used 47350K [0x0000000721800000, 0x0000000800000000)
  region size 2048K, 1 young (2048K), 1 survivors (2048K)
 Metaspace       used 43236K, capacity 44026K, committed 44208K, reserved 1087488K
  class space    used 5803K, capacity 6047K, committed 6144K, reserved 1048576K
}
Event: 22.808 GC heap before
{Heap before GC invocations=41 (full 0):
 garbage-first heap   total 110592K, used 90358K [0x0000000721800000, 0x0000000800000000)
  region size 2048K, 23 young (47104K), 1 survivors (2048K)
 Metaspace       used 43236K, capacity 44026K, committed 44208K, reserved 1087488K
  class space    used 5803K, capacity 6047K, committed 6144K, reserved 1048576K
}
Event: 22.809 GC heap after
{Heap after GC invocations=42 (full 0):
 garbage-first heap   total 184320K, used 47432K [0x0000000721800000, 0x0000000800000000)
  region size 2048K, 1 young (2048K), 1 survivors (2048K)
 Metaspace       used 43236K, capacity 44026K, committed 44208K, reserved 1087488K
  class space    used 5803K, capacity 6047K, committed 6144K, reserved 1048576K
}
Event: 22.846 GC heap before
{Heap before GC invocations=43 (full 0):
 garbage-first heap   total 184320K, used 149832K [0x0000000721800000, 0x0000000800000000)
  region size 2048K, 52 young (106496K), 1 survivors (2048K)
 Metaspace       used 43236K, capacity 44026K, committed 44208K, reserved 1087488K
  class space    used 5803K, capacity 6047K, committed 6144K, reserved 1048576K
}
Event: 22.848 GC heap after
{Heap after GC invocations=44 (full 0):
 garbage-first heap   total 184320K, used 47713K [0x0000000721800000, 0x0000000800000000)
  region size 2048K, 2 young (4096K), 2 survivors (4096K)
 Metaspace       used 43236K, capacity 44026K, committed 44208K, reserved 1087488K
  class space    used 5803K, capacity 6047K, committed 6144K, reserved 1048576K
}
Event: 22.865 GC heap before
{Heap before GC invocations=44 (full 0):
 garbage-first heap   total 184320K, used 152161K [0x0000000721800000, 0x0000000800000000)
  region size 2048K, 54 young (110592K), 2 survivors (4096K)
 Metaspace       used 43236K, capacity 44026K, committed 44208K, reserved 1087488K
  class space    used 5803K, capacity 6047K, committed 6144K, reserved 1048576K
}
Event: 22.866 GC heap after
{Heap after GC invocations=45 (full 0):
 garbage-first heap   total 184320K, used 47956K [0x0000000721800000, 0x0000000800000000)
  region size 2048K, 2 young (4096K), 2 survivors (4096K)
 Metaspace       used 43236K, capacity 44026K, committed 44208K, reserved 1087488K
  class space    used 5803K, capacity 6047K, committed 6144K, reserved 1048576K
}
Event: 22.883 GC heap before
{Heap before GC invocations=45 (full 0):
 garbage-first heap   total 184320K, used 152404K [0x0000000721800000, 0x0000000800000000)
  region size 2048K, 54 young (110592K), 2 survivors (4096K)
 Metaspace       used 43236K, capacity 44026K, committed 44208K, reserved 1087488K
  class space    used 5803K, capacity 6047K, committed 6144K, reserved 1048576K
}
Event: 22.885 GC heap after
{Heap after GC invocations=46 (full 0):
 garbage-first heap   total 184320K, used 48110K [0x0000000721800000, 0x0000000800000000)
  region size 2048K, 2 young (4096K), 2 survivors (4096K)
 Metaspace       used 43236K, capacity 44026K, committed 44208K, reserved 1087488K
  class space    used 5803K, capacity 6047K, committed 6144K, reserved 1048576K
}
Event: 22.901 GC heap before
{Heap before GC invocations=46 (full 0):
 garbage-first heap   total 184320K, used 152558K [0x0000000721800000, 0x0000000800000000)
  region size 2048K, 54 young (110592K), 2 survivors (4096K)
 Metaspace       used 43236K, capacity 44026K, committed 44208K, reserved 1087488K
  class space    used 5803K, capacity 6047K, committed 6144K, reserved 1048576K
}
Event: 22.903 GC heap after
{Heap after GC invocations=47 (full 0):
 garbage-first heap   total 368640K, used 48159K [0x0000000721800000, 0x0000000800000000)
  region size 2048K, 2 young (4096K), 2 survivors (4096K)
 Metaspace       used 43236K, capacity 44026K, committed 44208K, reserved 1087488K
  class space    used 5803K, capacity 6047K, committed 6144K, reserved 1048576K
}
Event: 22.997 GC heap before
{Heap before GC invocations=47 (full 0):
 garbage-first heap   total 368640K, used 263199K [0x0000000721800000, 0x0000000800000000)
  region size 2048K, 108 young (221184K), 2 survivors (4096K)
 Metaspace       used 43236K, capacity 44026K, committed 44208K, reserved 1087488K
  class space    used 5803K, capacity 6047K, committed 6144K, reserved 1048576K
}
Event: 22.999 GC heap after
{Heap after GC invocations=48 (full 0):
 garbage-first heap   total 368640K, used 48635K [0x0000000721800000, 0x0000000800000000)
  region size 2048K, 2 young (4096K), 2 survivors (4096K)
 Metaspace       used 43236K, capacity 44026K, committed 44208K, reserved 1087488K
  class space    used 5803K, capacity 6047K, committed 6144K, reserved 1048576K
}
Event: 23.031 GC heap before
{Heap before GC invocations=48 (full 0):
 garbage-first heap   total 368640K, used 263675K [0x0000000721800000, 0x0000000800000000)
  region size 2048K, 108 young (221184K), 2 survivors (4096K)
 Metaspace       used 43236K, capacity 44026K, committed 44208K, reserved 1087488K
  class space    used 5803K, capacity 6047K, committed 6144K, reserved 1048576K
}
Event: 23.033 GC heap after
{Heap after GC invocations=49 (full 0):
 garbage-first heap   total 368640K, used 48782K [0x0000000721800000, 0x0000000800000000)
  region size 2048K, 2 young (4096K), 2 survivors (4096K)
 Metaspace       used 43236K, capacity 44026K, committed 44208K, reserved 1087488K
  class space    used 5803K, capacity 6047K, committed 6144K, reserved 1048576K
}
Event: 23.066 GC heap before
{Heap before GC invocations=49 (full 0):
 garbage-first heap   total 368640K, used 263822K [0x0000000721800000, 0x0000000800000000)
  region size 2048K, 108 young (221184K), 2 survivors (4096K)
 Metaspace       used 43236K, capacity 44026K, committed 44208K, reserved 1087488K
  class space    used 5803K, capacity 6047K, committed 6144K, reserved 1048576K
}
Event: 23.068 GC heap after
{Heap after GC invocations=50 (full 0):
 garbage-first heap   total 368640K, used 49108K [0x0000000721800000, 0x0000000800000000)
  region size 2048K, 2 young (4096K), 2 survivors (4096K)
 Metaspace       used 43236K, capacity 44026K, committed 44208K, reserved 1087488K
  class space    used 5803K, capacity 6047K, committed 6144K, reserved 1048576K
}
Event: 23.100 GC heap before
{Heap before GC invocations=50 (full 0):
 garbage-first heap   total 368640K, used 264148K [0x0000000721800000, 0x0000000800000000)
  region size 2048K, 108 young (221184K), 2 survivors (4096K)
 Metaspace       used 43236K, capacity 44026K, committed 44208K, reserved 1087488K
  class space    used 5803K, capacity 6047K, committed 6144K, reserved 1048576K
}

Deoptimization events (4 events):
Event: 9.778 Thread 0x000001aaeef9ed50 DEOPT PACKING pc=0x000001aad467fefa sp=0x00000012828faae0
Event: 9.778 Thread 0x000001aaeef9ed50 DEOPT UNPACKING pc=0x000001aad3d1e23f sp=0x00000012828f9fe8 mode 3
Event: 9.917 Thread 0x000001aaeef9ed50 DEOPT PACKING pc=0x000001aad4517b94 sp=0x00000012828f90c0
Event: 9.917 Thread 0x000001aaeef9ed50 DEOPT UNPACKING pc=0x000001aad3d1e23f sp=0x00000012828f85e8 mode 0

Classes unloaded (3 events):
Event: 20.799 Thread 0x000001aaed60e710 Unloading class 0x0000000801111040 'jdk/internal/reflect/GeneratedMethodAccessor66'
Event: 20.799 Thread 0x000001aaed60e710 Unloading class 0x000000080103b840 'jdk/internal/reflect/GeneratedMethodAccessor64'
Event: 20.799 Thread 0x000001aaed60e710 Unloading class 0x000000080103c440 'jdk/internal/reflect/GeneratedMethodAccessor62'

Classes redefined (0 events):
No events

Internal exceptions (20 events):
Event: 22.680 Thread 0x000001aaf1529710 Exception <a 'java/lang/StackOverflowError'{0x0000000726358fa8}> (0x0000000726358fa8) 
thrown [./open/src/hotspot/share/runtime/javaCalls.cpp, line 401]
Event: 22.686 Thread 0x000001aaf1529710 StackOverflowError at 0x000001aad43ecae0
Event: 22.686 Thread 0x000001aaf1529710 Exception <a 'java/lang/StackOverflowError'{0x00000007263e2d08}> (0x00000007263e2d08) 
thrown [./open/src/hotspot/share/runtime/sharedRuntime.cpp, line 585]
Event: 22.687 Thread 0x000001aaf1529710 Exception <a 'java/lang/StackOverflowError'{0x00000007263e8230}> (0x00000007263e8230) 
thrown [./open/src/hotspot/share/runtime/javaCalls.cpp, line 401]
Event: 22.687 Thread 0x000001aaf1529710 StackOverflowError at 0x000001aad44a8c00
Event: 22.687 Thread 0x000001aaf1529710 Exception <a 'java/lang/StackOverflowError'{0x00000007263eda08}> (0x00000007263eda08) 
thrown [./open/src/hotspot/share/runtime/sharedRuntime.cpp, line 585]
Event: 22.687 Thread 0x000001aaf1529710 Exception <a 'java/lang/StackOverflowError'{0x00000007263f2f30}> (0x00000007263f2f30) 
thrown [./open/src/hotspot/share/runtime/javaCalls.cpp, line 401]
Event: 22.687 Thread 0x000001aaf1529710 Exception <a 'java/lang/StackOverflowError'{0x00000007263f8458}> (0x00000007263f8458) 
thrown [./open/src/hotspot/share/runtime/javaCalls.cpp, line 401]
Event: 22.687 Thread 0x000001aaf1529710 Exception <a 'java/lang/StackOverflowError'{0x00000007263fda40}> (0x00000007263fda40) 
thrown [./open/src/hotspot/share/runtime/javaCalls.cpp, line 401]
Event: 22.687 Thread 0x000001aaf1529710 Exception <a 'java/lang/StackOverflowError'{0x00000007260034b0}> (0x00000007260034b0) 
thrown [./open/src/hotspot/share/runtime/javaCalls.cpp, line 401]
Event: 22.688 Thread 0x000001aaf1529710 Exception <a 'java/lang/StackOverflowError'{0x000000072601b1f0}> (0x000000072601b1f0) 
thrown [./open/src/hotspot/share/runtime/javaCalls.cpp, line 401]
Event: 22.688 Thread 0x000001aaf1529710 Exception <a 'java/lang/StackOverflowError'{0x0000000726020718}> (0x0000000726020718) 
thrown [./open/src/hotspot/share/runtime/javaCalls.cpp, line 401]
Event: 22.688 Thread 0x000001aaf1529710 Exception <a 'java/lang/StackOverflowError'{0x0000000726025d00}> (0x0000000726025d00) 
thrown [./open/src/hotspot/share/runtime/javaCalls.cpp, line 401]
Event: 22.688 Thread 0x000001aaf1529710 StackOverflowError at 0x000001aad43807c0
Event: 22.688 Thread 0x000001aaf1529710 Exception <a 'java/lang/StackOverflowError'{0x000000072602b2f8}> (0x000000072602b2f8) 
thrown [./open/src/hotspot/share/runtime/sharedRuntime.cpp, line 585]
Event: 22.689 Thread 0x000001aaf1529710 StackOverflowError at 0x000001aad43ff9e0
Event: 22.689 Thread 0x000001aaf1529710 Exception <a 'java/lang/StackOverflowError'{0x0000000726036208}> (0x0000000726036208) 
thrown [./open/src/hotspot/share/runtime/sharedRuntime.cpp, line 585]
Event: 22.690 Thread 0x000001aaf1529710 StackOverflowError at 0x000001aad4386520
Event: 22.690 Thread 0x000001aaf1529710 Exception <a 'java/lang/StackOverflowError'{0x000000072603b9f8}> (0x000000072603b9f8) 
thrown [./open/src/hotspot/share/runtime/sharedRuntime.cpp, line 585]
Event: 22.691 Thread 0x000001aaf1529710 Exception <a 'java/lang/NoSuchMethodError'{0x0000000726051398}: 'void java.lang.invoke.DirectMethodHandle$Holder.invokeInterface(java.lang.Object, java.lang.Object)'> (0x0000000726051398) 
thrown [./open/src/hotspot/share/interpreter/linkResolver.cpp, line 782]

Events (20 events):
Event: 22.800 Executing VM operation: G1CollectForAllocation done
Event: 22.807 Executing VM operation: G1CollectForAllocation
Event: 22.809 Executing VM operation: G1CollectForAllocation done
Event: 22.835 Executing VM operation: G1Concurrent
Event: 22.836 Executing VM operation: G1Concurrent done
Event: 22.846 Executing VM operation: G1CollectForAllocation
Event: 22.848 Executing VM operation: G1CollectForAllocation done
Event: 22.865 Executing VM operation: G1CollectForAllocation
Event: 22.866 Executing VM operation: G1CollectForAllocation done
Event: 22.883 Executing VM operation: G1CollectForAllocation
Event: 22.885 Executing VM operation: G1CollectForAllocation done
Event: 22.901 Executing VM operation: G1CollectForAllocation
Event: 22.903 Executing VM operation: G1CollectForAllocation done
Event: 22.997 Executing VM operation: G1CollectForAllocation
Event: 22.999 Executing VM operation: G1CollectForAllocation done
Event: 23.031 Executing VM operation: G1CollectForAllocation
Event: 23.033 Executing VM operation: G1CollectForAllocation done
Event: 23.066 Executing VM operation: G1CollectForAllocation
Event: 23.068 Executing VM operation: G1CollectForAllocation done
Event: 23.100 Executing VM operation: G1CollectForAllocation


Dynamic libraries:
0x00007ff7d17b0000 - 0x00007ff7d17bf000 	E:\jdk\bin\java.exe
0x00007ff9fd9a0000 - 0x00007ff9fdb90000 	C:\WINDOWS\SYSTEM32\ntdll.dll
0x00007ff9fbb20000 - 0x00007ff9fbbd2000 	C:\WINDOWS\System32\KERNEL32.DLL
0x00007ff9faa80000 - 0x00007ff9fad23000 	C:\WINDOWS\System32\KERNELBASE.dll
0x00007ff9fb8b0000 - 0x00007ff9fb9aa000 	C:\WINDOWS\System32\ucrtbase.dll
0x00007ff9f1ce0000 - 0x00007ff9f1cf8000 	E:\jdk\bin\jli.dll
0x00007ff9fbf90000 - 0x00007ff9fc033000 	C:\WINDOWS\System32\ADVAPI32.dll
0x00007ff9fc750000 - 0x00007ff9fc7ee000 	C:\WINDOWS\System32\msvcrt.dll
0x00007ff9fc810000 - 0x00007ff9fc8a7000 	C:\WINDOWS\System32\sechost.dll
0x00007ff9fc220000 - 0x00007ff9fc340000 	C:\WINDOWS\System32\RPCRT4.dll
0x00007ff9f1c10000 - 0x00007ff9f1c29000 	E:\jdk\bin\VCRUNTIME140.dll
0x00007ff9fcde0000 - 0x00007ff9fcf74000 	C:\WINDOWS\System32\USER32.dll
0x00007ff9e7180000 - 0x00007ff9e7405000 	C:\WINDOWS\WinSxS\amd64_microsoft.windows.common-controls_6595b64144ccf1df_6.0.18362.720_none_e6beb5c51314836b\COMCTL32.dll
0x00007ff9fc3a0000 - 0x00007ff9fc6d6000 	C:\WINDOWS\System32\combase.dll
0x00007ff9fad30000 - 0x00007ff9fadb0000 	C:\WINDOWS\System32\bcryptPrimitives.dll
0x00007ff9fb100000 - 0x00007ff9fb121000 	C:\WINDOWS\System32\win32u.dll
0x00007ff9fbde0000 - 0x00007ff9fbe06000 	C:\WINDOWS\System32\GDI32.dll
0x00007ff9faf60000 - 0x00007ff9fb0f4000 	C:\WINDOWS\System32\gdi32full.dll
0x00007ff9fb9b0000 - 0x00007ff9fba4e000 	C:\WINDOWS\System32\msvcp_win.dll
0x00007ff9f18a0000 - 0x00007ff9f18aa000 	C:\WINDOWS\SYSTEM32\VERSION.dll
0x00007ff9fcdb0000 - 0x00007ff9fcdde000 	C:\WINDOWS\System32\IMM32.DLL
0x00007ff9f3c10000 - 0x00007ff9f3c1c000 	E:\jdk\bin\vcruntime140_1.dll
0x00007ff9d5500000 - 0x00007ff9d5591000 	E:\jdk\bin\msvcp140.dll
0x00007ff9b54d0000 - 0x00007ff9b602c000 	E:\jdk\bin\server\jvm.dll
0x00007ff9fc7f0000 - 0x00007ff9fc7f8000 	C:\WINDOWS\System32\PSAPI.DLL
0x00007ff9e0920000 - 0x00007ff9e0929000 	C:\WINDOWS\SYSTEM32\WSOCK32.dll
0x00007ff9fd8f0000 - 0x00007ff9fd95f000 	C:\WINDOWS\System32\WS2_32.dll
0x00007ff9f8320000 - 0x00007ff9f8344000 	C:\WINDOWS\SYSTEM32\WINMM.dll
0x00007ff9f7ea0000 - 0x00007ff9f7ecd000 	C:\WINDOWS\SYSTEM32\winmmbase.dll
0x00007ff9faf10000 - 0x00007ff9faf5a000 	C:\WINDOWS\System32\cfgmgr32.dll
0x00007ff9fa910000 - 0x00007ff9fa921000 	C:\WINDOWS\System32\kernel.appcore.dll
0x00007ff9f3a30000 - 0x00007ff9f3a3a000 	E:\jdk\bin\jimage.dll
0x00007ff9f9180000 - 0x00007ff9f9374000 	C:\WINDOWS\SYSTEM32\DBGHELP.DLL
0x00007ff9ded00000 - 0x00007ff9ded2a000 	C:\WINDOWS\SYSTEM32\dbgcore.DLL
0x00007ff9f2f90000 - 0x00007ff9f2f9e000 	E:\jdk\bin\instrument.dll
0x00007ff9f1bc0000 - 0x00007ff9f1be5000 	E:\jdk\bin\java.dll
0x00007ff9fcfa0000 - 0x00007ff9fd685000 	C:\WINDOWS\System32\SHELL32.dll
0x00007ff9fd840000 - 0x00007ff9fd8e9000 	C:\WINDOWS\System32\shcore.dll
0x00007ff9fb130000 - 0x00007ff9fb8b0000 	C:\WINDOWS\System32\windows.storage.dll
0x00007ff9fa890000 - 0x00007ff9fa8b3000 	C:\WINDOWS\System32\profapi.dll
0x00007ff9fa8c0000 - 0x00007ff9fa90a000 	C:\WINDOWS\System32\powrprof.dll
0x00007ff9fa860000 - 0x00007ff9fa870000 	C:\WINDOWS\System32\UMPDC.dll
0x00007ff9fbbe0000 - 0x00007ff9fbc32000 	C:\WINDOWS\System32\shlwapi.dll
0x00007ff9fae40000 - 0x00007ff9fae57000 	C:\WINDOWS\System32\cryptsp.dll
0x00007ff9ee1b0000 - 0x00007ff9ee1c8000 	E:\jdk\bin\zip.dll
0x00007ff9f1630000 - 0x00007ff9f1649000 	E:\jdk\bin\net.dll
0x00007ff9edc20000 - 0x00007ff9edd11000 	C:\WINDOWS\SYSTEM32\WINHTTP.dll
0x00007ff9fa0d0000 - 0x00007ff9fa137000 	C:\WINDOWS\system32\mswsock.dll
0x00007ff9ee1d0000 - 0x00007ff9ee1e2000 	E:\jdk\bin\nio.dll
0x00007ff9f2f70000 - 0x00007ff9f2f8a000 	D:\IDEA\IntelliJ IDEA 2020.3.1\bin\breakgen64.dll
0x00007ff9f9e20000 - 0x00007ff9f9eea000 	C:\WINDOWS\SYSTEM32\DNSAPI.dll
0x00007ff9fc930000 - 0x00007ff9fc938000 	C:\WINDOWS\System32\NSI.dll
0x00007ff9f9de0000 - 0x00007ff9f9e1a000 	C:\WINDOWS\SYSTEM32\IPHLPAPI.DLL
0x00007ff9e09c0000 - 0x00007ff9e09d6000 	C:\WINDOWS\system32\wlidnsp.dll
0x00007ff9e76e0000 - 0x00007ff9e76ea000 	C:\Windows\System32\rasadhlp.dll
0x00007ff9f53d0000 - 0x00007ff9f5447000 	C:\WINDOWS\System32\fwpuclnt.dll
0x00007ff9fae10000 - 0x00007ff9fae36000 	C:\WINDOWS\System32\bcrypt.dll
0x00007ff9f3f90000 - 0x00007ff9f3f99000 	E:\jdk\bin\management.dll
0x00007ff9f3f80000 - 0x00007ff9f3f8b000 	E:\jdk\bin\management_ext.dll
0x00007ff9f9c40000 - 0x00007ff9f9c73000 	C:\WINDOWS\system32\rsaenh.dll
0x00007ff9fa780000 - 0x00007ff9fa7a5000 	C:\WINDOWS\SYSTEM32\USERENV.dll
0x00007ff9fa2a0000 - 0x00007ff9fa2ac000 	C:\WINDOWS\SYSTEM32\CRYPTBASE.dll
0x00007ff9f8da0000 - 0x00007ff9f8db6000 	C:\WINDOWS\SYSTEM32\dhcpcsvc6.DLL
0x00007ff9f8d80000 - 0x00007ff9f8d9c000 	C:\WINDOWS\SYSTEM32\dhcpcsvc.DLL
0x00007ff9d73b0000 - 0x00007ff9d73c6000 	C:\WINDOWS\system32\napinsp.dll
0x00007ff9d7390000 - 0x00007ff9d73aa000 	C:\WINDOWS\system32\pnrpnsp.dll
0x00007ff9dba60000 - 0x00007ff9dba6e000 	C:\WINDOWS\System32\winrnr.dll
0x00007ff9f6ad0000 - 0x00007ff9f6aec000 	C:\WINDOWS\system32\NLAapi.dll
0x00007ff9f4c20000 - 0x00007ff9f4c35000 	C:\WINDOWS\system32\wshbth.dll
0x0000000180000000 - 0x0000000180285000 	E:\tomcat\bin\tcnative-1.dll
0x00007ff9fa930000 - 0x00007ff9faa79000 	C:\WINDOWS\System32\CRYPT32.dll
0x00007ff9fa870000 - 0x00007ff9fa882000 	C:\WINDOWS\System32\MSASN1.dll
0x00007ff9f6d50000 - 0x00007ff9f6d5d000 	E:\jdk\bin\sunmscapi.dll
0x00007ff9fa3a0000 - 0x00007ff9fa3c6000 	C:\WINDOWS\SYSTEM32\ncrypt.dll
0x00007ff9fa360000 - 0x00007ff9fa39b000 	C:\WINDOWS\SYSTEM32\NTASN1.dll

dbghelp: loaded successfully - version: 4.0.5 - missing functions: none
symbol engine: initialized successfully - sym options: 0x614 - pdb path: .;E:\jdk\bin;C:\WINDOWS\SYSTEM32;C:\WINDOWS\WinSxS\amd64_microsoft.windows.common-controls_6595b64144ccf1df_6.0.18362.720_none_e6beb5c51314836b;E:\jdk\bin\server;D:\IDEA\IntelliJ IDEA 2020.3.1\bin;E:\tomcat\bin

VM Arguments:
jvm_args: -XX:TieredStopAtLevel=1 -Xverify:none -Dspring.output.ansi.enabled=always -javaagent:D:\IDEA\IntelliJ IDEA 2020.3.1\lib\idea_rt.jar=12738:D:\IDEA\IntelliJ IDEA 2020.3.1\bin -Dcom.sun.management.jmxremote -Dspring.jmx.enabled=true -Dspring.liveBeansView.mbeanDomain -Dspring.application.admin.enabled=true -Dfile.encoding=UTF-8 
java_command: com.github.springcloud.OrderMain80
java_class_path (initial): D:\code\java\SpringCloud\cloud-consumer-order80\target\classes;E:\Maven\mavenFactory\org\springframework\cloud\spring-cloud-starter-netflix-eureka-client\3.0.2\spring-cloud-starter-netflix-eureka-client-3.0.2.jar;E:\Maven\mavenFactory\org\springframework\cloud\spring-cloud-starter\3.0.2\spring-cloud-starter-3.0.2.jar;E:\Maven\mavenFactory\org\springframework\cloud\spring-cloud-context\3.0.2\spring-cloud-context-3.0.2.jar;E:\Maven\mavenFactory\org\springframework\security\spring-security-crypto\5.4.5\spring-security-crypto-5.4.5.jar;E:\Maven\mavenFactory\org\springframework\cloud\spring-cloud-commons\3.0.2\spring-cloud-commons-3.0.2.jar;E:\Maven\mavenFactory\org\springframework\security\spring-security-rsa\1.0.9.RELEASE\spring-security-rsa-1.0.9.RELEASE.jar;E:\Maven\mavenFactory\org\bouncycastle\bcpkix-jdk15on\1.64\bcpkix-jdk15on-1.64.jar;E:\Maven\mavenFactory\org\bouncycastle\bcprov-jdk15on\1.64\bcprov-jdk15on-1.64.jar;E:\Maven\mavenFactory\org\springframework\cloud\spring-cloud-netflix-eureka-client\3.0.2\spring-cloud-netflix-eureka-client-3.0.2.jar;E:\Maven\mavenFactory\com\netflix\eureka\eureka-client\1.10.11\eureka-client-1.10.11.jar;E:\Maven\mavenFactory\com\netflix\netflix-commons\netflix-eventbus\0.3.0\netflix-eventbus-0.3.0.jar;E:\Maven\mavenFactory\com\netflix\netflix-commons\netflix-infix\0.3.0\netflix-infix-0.3.0.jar;E:\Maven\mavenFactory\commons-jxpath\commons-jxpath\1.3\commons-jxpath-1.3.jar;E:\Maven\mavenFactory\joda-time\joda-time\2.3\joda-time-2.3.jar;E:\Maven\mavenFactory\org\antlr\antlr-runtime\3.4\antlr-runtime-3.4.jar;E:\Maven\mavenFactory\org\antlr\stringtemplate\3.2.1\stringtemplate-3.2.1.jar;E:\Maven\mavenFactory\antlr\antlr\2.7.7\antlr-2.7.7.jar;E:\Maven\mavenFactory\com\google\code\gson\gson\2.8.6\gson-2.8.6.jar;E:\Maven\mavenFactory\org\apache\commons\commons-math\2.2\commons-math-2.2.jar;E:\Maven\mavenFactory\com\thoughtworks\xstream\xstream\1.4.14\xstream-1.4.14.jar;E:\Maven\mavenFactory\xmlpull\xmlpull\1.1.3
Launcher Type: SUN_STANDARD

[Global flags]
     intx CICompilerCount                          = 3                                         {product} {ergonomic}
     uint ConcGCThreads                            = 1                                         {product} {ergonomic}
     uint G1ConcRefinementThreads                  = 4                                         {product} {ergonomic}
   size_t G1HeapRegionSize                         = 2097152                                   {product} {ergonomic}
    uintx GCDrainStackTargetSize                   = 64                                        {product} {ergonomic}
   size_t InitialHeapSize                          = 234881024                                 {product} {ergonomic}
     bool ManagementServer                         = true                                      {product} {command line}
   size_t MarkStackSize                            = 4194304                                   {product} {ergonomic}
   size_t MaxHeapSize                              = 3732930560                                {product} {ergonomic}
   size_t MaxNewSize                               = 2239758336                                {product} {ergonomic}
   size_t MinHeapDeltaBytes                        = 2097152                                   {product} {ergonomic}
   size_t MinHeapSize                              = 8388608                                   {product} {ergonomic}
    uintx NonNMethodCodeHeapSize                   = 6973028                                {pd product} {ergonomic}
    uintx NonProfiledCodeHeapSize                  = 244685212                              {pd product} {ergonomic}
    uintx ProfiledCodeHeapSize                     = 0                                      {pd product} {ergonomic}
    uintx ReservedCodeCacheSize                    = 251658240                              {pd product} {ergonomic}
     bool SegmentedCodeCache                       = true                                      {product} {ergonomic}
   size_t SoftMaxHeapSize                          = 3732930560                             {manageable} {ergonomic}
     intx TieredStopAtLevel                        = 1                                         {product} {command line}
     bool UseCompressedClassPointers               = true                                 {lp64_product} {ergonomic}
     bool UseCompressedOops                        = true                                 {lp64_product} {ergonomic}
     bool UseG1GC                                  = true                                      {product} {ergonomic}
     bool UseLargePagesIndividualAllocation        = false                                  {pd product} {ergonomic}

Logging:
Log output configuration:
 #0: stdout all=warning uptime,level,tags
 #1: stderr all=off uptime,level,tags

Environment Variables:
JAVA_HOME=E:\jdk16
PATH=D:\Linux\bin\;C:\Program Files\Common Files\Oracle\Java\javapath;C:\Program Files (x86)\Razer Chroma SDK\bin;C:\Program Files\Razer Chroma SDK\bin;C:\Program Files (x86)\Razer\ChromaBroadcast\bin;C:\Program Files\Razer\ChromaBroadcast\bin;C:\Program Files (x86)\Intel\iCLS Client\;C:\Program Files\Intel\iCLS Client\;C:\WINDOWS\system32;C:\WINDOWS;C:\WINDOWS\System32\Wbem;C:\WINDOWS\System32\WindowsPowerShell\v1.0\;C:\Program Files (x86)\NVIDIA Corporation\PhysX\Common;G:\qudong\DAL;C:\Program Files\Intel\Intel(R) Management Engine Components\DAL;G:\qudong\IPT;C:\Program Files\Intel\Intel(R) Management Engine Components\IPT;C:\WINDOWS\system32;C:\WINDOWS;C:\WINDOWS\System32\Wbem;C:\WINDOWS\System32\WindowsPowerShell\v1.0\;C:\WINDOWS\System32\OpenSSH\;C:\Program Files (x86)\Wolfram Research\WolframScript\;C:\Program Files\NVIDIA Corporation\NVIDIA NvDLISR;C:\Program Files\dotnet\;E:\matlab\bin;C:\Users\10660\AppData\Local\Microsoft\WindowsApps;C:\Users\10660\.dotnet\tools;C:\Program Files\Wolfram Research\WolframScript\;F:\texlive\2020\bin\win32;F:\mysql\bin;E:\Maven\apache-maven-3.6.3\bin;G:\Git\cmd;"E:\tomcat\lib;E:\tomcat\bin";E:\tomcat\bin;E:\tomcat\lib;C:\ProgramData\chocolatey\bin;E:\xshell\;E:\Xftp 7\;E:\RabbitMQ\erl-23.2\bin;E:\RabbitMQ\RabbitMQ Server\rabbitmq_server-3.8.14\sbin;E:\jdk16\bin;E:\Consul;C:\Users\10660\scoop\shims;E:\python\Scripts\;E:\python\;C:\Users\10660\AppData\Local\Microsoft\WindowsApps;F:\vscode\bin;F:\mingw64\bin;E:\Bandizip\
USERNAME=10660
OS=Windows_NT
PROCESSOR_IDENTIFIER=Intel64 Family 6 Model 158 Stepping 9, GenuineIntel



---------------  S Y S T E M  ---------------

OS:
 Windows 10 , 64 bit Build 18362 (10.0.18362.329)
OS uptime: 0 days 4:57 hours

CPU: total 4 (initial active 4) (4 cores per cpu, 1 threads per core) family 6 model 158 stepping 9, cmov, cx8, fxsr, mmx, sse, sse2, sse3, ssse3, sse4.1, sse4.2, popcnt, vzeroupper, avx, avx2, aes, clmul, erms, 3dnowpref, lzcnt, tsc, tscinvbit, bmi1, bmi2, adx, fma, clflush, clflushopt

Memory: 4k page, system-wide physical 14238M (2587M free)
TotalPageFile size 14238M (AvailPageFile size 143M)
current process WorkingSet (physical memory assigned to process): 484M, peak: 484M
current process commit charge ("private bytes"): 529M, peak: 819M

vm_info: Java HotSpot(TM) 64-Bit Server VM (15+36-1562) for windows-amd64 JRE (15+36-1562), built on Aug 11 2020 22:38:02 by "mach5one" with unknown MS VC++:1925

END.
