#
# There is insufficient memory for the Java Runtime Environment to continue.
# Native memory allocation (mmap) failed to map 266338304 bytes for G1 virtual space
# Possible reasons:
#   The system is out of physical RAM or swap space
#   The process is running with CompressedOops enabled, and the Java Heap may be blocking the growth of the native heap
# Possible solutions:
#   Reduce memory load on the system
#   Increase physical memory or swap space
#   Check if swap backing store is full
#   Decrease Java heap size (-Xmx/-Xms)
#   Decrease number of Java threads
#   Decrease Java thread stack sizes (-Xss)
#   Set larger code cache with -XX:ReservedCodeCacheSize=
#   JVM is running with Zero Based Compressed Oops mode in which the Java heap is
#     placed in the first 32GB address space. The Java Heap base address is the
#     maximum limit for the native heap growth. Please use -XX:HeapBaseMinAddress
#     to set the Java Heap base and to place the Java Heap above 32GB virtual address.
# This output file may be truncated or incomplete.
#
#  Out of Memory Error (./open/src/hotspot/os/windows/os_windows.cpp:3472), pid=15372, tid=18020
#
# JRE version: Java(TM) SE Runtime Environment (15.0+36) (build 15+36-1562)
# Java VM: Java HotSpot(TM) 64-Bit Server VM (15+36-1562, mixed mode, sharing, tiered, compressed oops, g1 gc, windows-amd64)
# No core dump will be written. Minidumps are not enabled by default on client versions of Windows
#

---------------  S U M M A R Y ------------

Command Line: -XX:TieredStopAtLevel=1 -Xverify:none -Dspring.output.ansi.enabled=always -javaagent:D:\IDEA\IntelliJ IDEA 2020.3.1\lib\idea_rt.jar=10728:D:\IDEA\IntelliJ IDEA 2020.3.1\bin -Dcom.sun.management.jmxremote -Dspring.jmx.enabled=true -Dspring.liveBeansView.mbeanDomain -Dspring.application.admin.enabled=true -Dfile.encoding=UTF-8 com.github.springcloud.OrderMain80

Host: Intel(R) Core(TM) i5-7300HQ CPU @ 2.50GHz, 4 cores, 13G,  Windows 10 , 64 bit Build 18362 (10.0.18362.329)
Time: Mon Mar 22 03:19:54 2021 ????¡À¨º¡Á?¨º¡À?? elapsed time: 4069.024658 seconds (0d 1h 7m 49s)

---------------  T H R E A D  ---------------

Current thread (0x00000171ebd03850):  VMThread "VM Thread" [stack: 0x0000003f03700000,0x0000003f03800000] [id=18020]

Stack: [0x0000003f03700000,0x0000003f03800000]
[error occurred during error reporting (printing stack bounds), id 0xc0000005, EXCEPTION_ACCESS_VIOLATION (0xc0000005) at pc=0x00000171d23c10ad]

Native frames: (J=compiled Java code, j=interpreted, Vv=VM code, C=native code)
V  [jvm.dll+0x629eaa]
V  [jvm.dll+0x780379]
V  [jvm.dll+0x781ad3]
V  [jvm.dll+0x782095]
V  [jvm.dll+0x78204b]
V  [jvm.dll+0x629379]
V  [jvm.dll+0x629b48]
C  [ntdll.dll+0xa121f]
C  [ntdll.dll+0x6a289]
C  [ntdll.dll+0x9fe8e]
C  0x00000171d23c10ad

VM_Operation (0x0000003f05469220): G1CollectForAllocation, mode: safepoint, requested by thread 0x00000171ed7aa0c0


---------------  P R O C E S S  ---------------

Threads class SMR info:
_java_thread_list=0x00000171efd9d830, length=38, elements={
0x00000171ebd05780, 0x00000171ebd06a00, 0x00000171ec5364d0, 0x00000171ec536d90,
0x00000171ec537df0, 0x00000171ec53db90, 0x00000171ec543850, 0x00000171ebcea850,
0x00000171ecc875a0, 0x00000171ecc87a70, 0x00000171ecd94280, 0x00000171ed5efb60,
0x00000171ed60d720, 0x00000171efddcf30, 0x00000171efde1760, 0x00000171efdde270,
0x00000171ed7aa590, 0x00000171ed7aaf30, 0x00000171ed7acc10, 0x00000171ed7a7a40,
0x00000171ed7a6bd0, 0x00000171ed7abda0, 0x00000171ed7a70a0, 0x00000171ed7a5890,
0x00000171ed7a5d60, 0x00000171ed7a88b0, 0x00000171ed7aa0c0, 0x00000171ed7a8d80,
0x00000171ed7a9250, 0x00000171ed7aaa60, 0x00000171ed7ab8d0, 0x00000171ed7a6230,
0x00000171ed7a9720, 0x00000171ed7ab400, 0x00000171ed7ac270, 0x00000171ed7a6700,
0x00000171efde0dc0, 0x00000171efddb250
}

Java Threads: ( => current thread )
  0x00000171ebd05780 JavaThread "Reference Handler" daemon [_thread_blocked, id=18528, stack(0x0000003f03800000,0x0000003f03900000)]
  0x00000171ebd06a00 JavaThread "Finalizer" daemon [_thread_blocked, id=3036, stack(0x0000003f03900000,0x0000003f03a00000)]
  0x00000171ec5364d0 JavaThread "Signal Dispatcher" daemon [_thread_blocked, id=3900, stack(0x0000003f03a00000,0x0000003f03b00000)]
  0x00000171ec536d90 JavaThread "Attach Listener" daemon [_thread_blocked, id=14812, stack(0x0000003f03b00000,0x0000003f03c00000)]
  0x00000171ec537df0 JavaThread "Service Thread" daemon [_thread_blocked, id=2768, stack(0x0000003f03c00000,0x0000003f03d00000)]
  0x00000171ec53db90 JavaThread "C1 CompilerThread0" daemon [_thread_blocked, id=18572, stack(0x0000003f03d00000,0x0000003f03e00000)]
  0x00000171ec543850 JavaThread "Sweeper thread" daemon [_thread_blocked, id=8676, stack(0x0000003f03e00000,0x0000003f03f00000)]
  0x00000171ebcea850 JavaThread "Common-Cleaner" daemon [_thread_blocked, id=10608, stack(0x0000003f03f00000,0x0000003f04000000)]
  0x00000171ecc875a0 JavaThread "Monitor Ctrl-Break" daemon [_thread_in_native, id=19016, stack(0x0000003f04300000,0x0000003f04400000)]
  0x00000171ecc87a70 JavaThread "Notification Thread" daemon [_thread_blocked, id=17956, stack(0x0000003f04400000,0x0000003f04500000)]
  0x00000171ecd94280 JavaThread "RMI TCP Accept-0" daemon [_thread_in_native, id=5344, stack(0x0000003f04500000,0x0000003f04600000)]
  0x00000171ed5efb60 JavaThread "RMI Scheduler(0)" daemon [_thread_blocked, id=11196, stack(0x0000003f04a00000,0x0000003f04b00000)]
  0x00000171ed60d720 JavaThread "DestroyJavaVM" [_thread_blocked, id=1296, stack(0x0000003f03100000,0x0000003f03200000)]
  0x00000171efddcf30 JavaThread "boundedElastic-evictor-1" daemon [_thread_blocked, id=16924, stack(0x0000003f06500000,0x0000003f06600000)]
  0x00000171efde1760 JavaThread "parallel-1" daemon [_thread_blocked, id=7224, stack(0x0000003f06600000,0x0000003f06700000)]
  0x00000171efdde270 JavaThread "pool-10-thread-1" daemon [_thread_blocked, id=17468, stack(0x0000003f06800000,0x0000003f06900000)]
  0x00000171ed7aa590 JavaThread "Catalina-utility-1" [_thread_blocked, id=5824, stack(0x0000003f04700000,0x0000003f04800000)]
  0x00000171ed7aaf30 JavaThread "Catalina-utility-2" [_thread_blocked, id=7112, stack(0x0000003f04800000,0x0000003f04900000)]
  0x00000171ed7acc10 JavaThread "container-0" [_thread_blocked, id=8256, stack(0x0000003f04900000,0x0000003f04a00000)]
  0x00000171ed7a7a40 JavaThread "spring.cloud.inetutils" daemon [_thread_blocked, id=232, stack(0x0000003f04b00000,0x0000003f04c00000)]
  0x00000171ed7a6bd0 JavaThread "File Watcher" daemon [_thread_blocked, id=9492, stack(0x0000003f04d00000,0x0000003f04e00000)]
  0x00000171ed7abda0 JavaThread "AsyncResolver-bootstrap-0" daemon [_thread_blocked, id=7288, stack(0x0000003f04f00000,0x0000003f05000000)]
  0x00000171ed7a70a0 JavaThread "DiscoveryClient-0" daemon [_thread_blocked, id=10964, stack(0x0000003f05000000,0x0000003f05100000)]
  0x00000171ed7a5890 JavaThread "DiscoveryClient-1" daemon [_thread_blocked, id=12200, stack(0x0000003f05100000,0x0000003f05200000)]
  0x00000171ed7a5d60 JavaThread "DiscoveryClient-InstanceInfoReplicator-0" daemon [_thread_blocked, id=18884, stack(0x0000003f05200000,0x0000003f05300000)]
  0x00000171ed7a88b0 JavaThread "http-nio-80-BlockPoller" daemon [_thread_in_native, id=11048, stack(0x0000003f05300000,0x0000003f05400000)]
  0x00000171ed7aa0c0 JavaThread "http-nio-80-exec-1" daemon [_thread_blocked, id=17000, stack(0x0000003f05400000,0x0000003f05500000)]
  0x00000171ed7a8d80 JavaThread "http-nio-80-exec-2" daemon [_thread_blocked, id=3228, stack(0x0000003f05500000,0x0000003f05600000)]
  0x00000171ed7a9250 JavaThread "http-nio-80-exec-3" daemon [_thread_blocked, id=2788, stack(0x0000003f05600000,0x0000003f05700000)]
  0x00000171ed7aaa60 JavaThread "http-nio-80-exec-4" daemon [_thread_blocked, id=3960, stack(0x0000003f05700000,0x0000003f05800000)]
  0x00000171ed7ab8d0 JavaThread "http-nio-80-exec-5" daemon [_thread_blocked, id=1060, stack(0x0000003f05800000,0x0000003f05900000)]
  0x00000171ed7a6230 JavaThread "http-nio-80-exec-6" daemon [_thread_blocked, id=12856, stack(0x0000003f05900000,0x0000003f05a00000)]
  0x00000171ed7a9720 JavaThread "http-nio-80-exec-7" daemon [_thread_blocked, id=8456, stack(0x0000003f05a00000,0x0000003f05b00000)]
  0x00000171ed7ab400 JavaThread "http-nio-80-exec-8" daemon [_thread_blocked, id=18168, stack(0x0000003f05b00000,0x0000003f05c00000)]
  0x00000171ed7ac270 JavaThread "http-nio-80-exec-9" daemon [_thread_blocked, id=9588, stack(0x0000003f05c00000,0x0000003f05d00000)]
  0x00000171ed7a6700 JavaThread "http-nio-80-exec-10" daemon [_thread_blocked, id=9572, stack(0x0000003f05d00000,0x0000003f05e00000)]
  0x00000171efde0dc0 JavaThread "http-nio-80-ClientPoller" daemon [_thread_in_native, id=7024, stack(0x0000003f05e00000,0x0000003f05f00000)]
  0x00000171efddb250 JavaThread "http-nio-80-Acceptor" daemon [_thread_in_native, id=16524, stack(0x0000003f05f00000,0x0000003f06000000)]

Other Threads:
=>0x00000171ebd03850 VMThread "VM Thread" [stack: 0x0000003f03700000,0x0000003f03800000] [id=18020]
  0x00000171ca1a9e60 WatcherThread [stack: 0x0000003f04600000,0x0000003f04700000] [id=7648]
  0x00000171ca1f4260 GCTaskThread "GC Thread#0" [stack: 0x0000003f03200000,0x0000003f03300000] [id=9360]
  0x00000171ec7072c0 GCTaskThread "GC Thread#1" [stack: 0x0000003f04000000,0x0000003f04100000] [id=6884]
  0x00000171ecb3d780 GCTaskThread "GC Thread#2" [stack: 0x0000003f04100000,0x0000003f04200000] [id=12516]
  0x00000171ecb3e440 GCTaskThread "GC Thread#3" [stack: 0x0000003f04200000,0x0000003f04300000] [id=4792]
  0x00000171ca203000 ConcurrentGCThread "G1 Main Marker" [stack: 0x0000003f03300000,0x0000003f03400000] [id=18768]
  0x00000171ca2038c0 ConcurrentGCThread "G1 Conc#0" [stack: 0x0000003f03400000,0x0000003f03500000] [id=7404]
  0x00000171ebb780e0 ConcurrentGCThread "G1 Refine#0" [stack: 0x0000003f03500000,0x0000003f03600000] [id=5396]
  0x00000171ca25ea40 ConcurrentGCThread "G1 Young RemSet Sampling" [stack: 0x0000003f03600000,0x0000003f03700000] [id=19276]

Threads with active compile tasks:

VM state: at safepoint (normal execution)

VM Mutex/Monitor currently owned by a thread:  ([mutex/lock_event])
[0x00000171ca1a40c0] Threads_lock - owner thread: 0x00000171ebd03850
[0x00000171ca1a5080] Heap_lock - owner thread: 0x00000171ed7aa0c0

OutOfMemory and StackOverflow Exception counts:
StackOverflowErrors=21
LinkageErrors=93

Heap address: 0x0000000721800000, size: 3560 MB, Compressed Oops mode: Zero based, Oop shift amount: 3
CDS archive(s) mapped at: [0x0000000800000000-0x0000000800b50000-0x0000000800b50000), size 11862016, SharedBaseAddress: 0x0000000800000000, ArchiveRelocationMode: 0.
Compressed class space mapped at: 0x0000000800b50000-0x0000000840b50000, size: 1073741824
Narrow klass base: 0x0000000800000000, Narrow klass shift: 3, Narrow klass range: 0x100000000

GC Precious Log:
 CPUs: 4 total, 4 available
 Memory: 14238M
 Large Page Support: Disabled
 NUMA Support: Disabled
 Compressed Oops: Enabled (Zero based)
 Heap Region Size: 2M
 Heap Min Capacity: 8M
 Heap Initial Capacity: 224M
 Heap Max Capacity: 3560M
 Pre-touch: Disabled
 Parallel Workers: 4
 Concurrent Workers: 1
 Concurrent Refinement Workers: 4
 Periodic GC: Disabled

Heap:
 garbage-first heap   total 520192K, used 51740K [0x0000000721800000, 0x0000000800000000)
  region size 2048K, 2 young (4096K), 2 survivors (4096K)
 Metaspace       used 45034K, capacity 45938K, committed 46256K, reserved 1089536K
  class space    used 6018K, capacity 6331K, committed 6400K, reserved 1048576K

Heap Regions: E=young(eden), S=young(survivor), O=old, HS=humongous(starts), HC=humongous(continues), CS=collection set, F=free, OA=open archive, CA=closed archive, TAMS=top-at-mark-start (previous, next)
|   0|0x0000000721800000, 0x00000007219fd100, 0x0000000721a00000| 99%| O|  |TAMS 0x00000007219fd100, 0x0000000721800000| Untracked 
|   1|0x0000000721a00000, 0x0000000721bffdb0, 0x0000000721c00000| 99%| O|  |TAMS 0x0000000721bffdb0, 0x0000000721a00000| Untracked 
|   2|0x0000000721c00000, 0x0000000721dfff90, 0x0000000721e00000| 99%| O|  |TAMS 0x0000000721dfff90, 0x0000000721c00000| Untracked 
|   3|0x0000000721e00000, 0x0000000721ffffe0, 0x0000000722000000| 99%| O|  |TAMS 0x0000000721ffffe0, 0x0000000721e00000| Untracked 
|   4|0x0000000722000000, 0x0000000722200000, 0x0000000722200000|100%| O|  |TAMS 0x0000000722200000, 0x0000000722000000| Untracked 
|   5|0x0000000722200000, 0x00000007223ffff8, 0x0000000722400000| 99%| O|  |TAMS 0x00000007223ffff8, 0x0000000722200000| Untracked 
|   6|0x0000000722400000, 0x00000007225fff80, 0x0000000722600000| 99%| O|  |TAMS 0x00000007225fff80, 0x0000000722400000| Untracked 
|   7|0x0000000722600000, 0x00000007227ffff0, 0x0000000722800000| 99%| O|  |TAMS 0x00000007227ffff0, 0x0000000722600000| Untracked 
|   8|0x0000000722800000, 0x0000000722a00000, 0x0000000722a00000|100%| O|  |TAMS 0x0000000722a00000, 0x0000000722800000| Untracked 
|   9|0x0000000722a00000, 0x0000000722c00000, 0x0000000722c00000|100%| O|  |TAMS 0x0000000722c00000, 0x0000000722a00000| Untracked 
|  10|0x0000000722c00000, 0x0000000722dffea0, 0x0000000722e00000| 99%| O|  |TAMS 0x0000000722dffea0, 0x0000000722c00000| Untracked 
|  11|0x0000000722e00000, 0x0000000722fffff8, 0x0000000723000000| 99%| O|  |TAMS 0x0000000722fffff8, 0x0000000722e00000| Untracked 
|  12|0x0000000723000000, 0x00000007231fffe0, 0x0000000723200000| 99%| O|  |TAMS 0x00000007231fffe0, 0x0000000723000000| Untracked 
|  13|0x0000000723200000, 0x00000007233113a0, 0x0000000723400000| 53%| O|  |TAMS 0x00000007233113a0, 0x0000000723200000| Untracked 
|  14|0x0000000723400000, 0x0000000723445218, 0x0000000723600000| 13%| O|  |TAMS 0x0000000723445218, 0x0000000723400000| Untracked 
|  15|0x0000000723600000, 0x0000000723800000, 0x0000000723800000|100%| O|  |TAMS 0x0000000723800000, 0x0000000723600000| Untracked 
|  16|0x0000000723800000, 0x0000000723a00000, 0x0000000723a00000|100%| O|  |TAMS 0x0000000723a00000, 0x0000000723800000| Untracked 
|  17|0x0000000723a00000, 0x0000000723c00000, 0x0000000723c00000|100%| O|  |TAMS 0x0000000723c00000, 0x0000000723a00000| Untracked 
|  18|0x0000000723c00000, 0x0000000723e00000, 0x0000000723e00000|100%| O|  |TAMS 0x0000000723e00000, 0x0000000723c00000| Untracked 
|  19|0x0000000723e00000, 0x0000000724000000, 0x0000000724000000|100%| O|  |TAMS 0x0000000724000000, 0x0000000723e00000| Untracked 
|  20|0x0000000724000000, 0x0000000724200000, 0x0000000724200000|100%| O|  |TAMS 0x0000000724200000, 0x0000000724000000| Untracked 
|  21|0x0000000724200000, 0x0000000724400000, 0x0000000724400000|100%| O|  |TAMS 0x0000000724400000, 0x0000000724200000| Untracked 
|  22|0x0000000724400000, 0x0000000724600000, 0x0000000724600000|100%| O|  |TAMS 0x0000000724600000, 0x0000000724400000| Untracked 
|  23|0x0000000724600000, 0x0000000724800000, 0x0000000724800000|100%| O|  |TAMS 0x00000007246dd000, 0x0000000724600000| Untracked 
|  24|0x0000000724800000, 0x0000000724a00000, 0x0000000724a00000|100%| O|  |TAMS 0x0000000724800000, 0x0000000724800000| Untracked 
|  25|0x0000000724a00000, 0x0000000724a9d000, 0x0000000724c00000| 30%| O|  |TAMS 0x0000000724a00000, 0x0000000724a00000| Untracked 
|  26|0x0000000724c00000, 0x0000000724c00000, 0x0000000724e00000|  0%| F|  |TAMS 0x0000000724c00000, 0x0000000724c00000| Untracked 
|  27|0x0000000724e00000, 0x0000000724e00000, 0x0000000725000000|  0%| F|  |TAMS 0x0000000724e00000, 0x0000000724e00000| Untracked 
|  28|0x0000000725000000, 0x0000000725000000, 0x0000000725200000|  0%| F|  |TAMS 0x0000000725000000, 0x0000000725000000| Untracked 
|  29|0x0000000725200000, 0x0000000725200000, 0x0000000725400000|  0%| F|  |TAMS 0x0000000725200000, 0x0000000725200000| Untracked 
|  30|0x0000000725400000, 0x0000000725400000, 0x0000000725600000|  0%| F|  |TAMS 0x0000000725400000, 0x0000000725400000| Untracked 
|  31|0x0000000725600000, 0x0000000725600000, 0x0000000725800000|  0%| F|  |TAMS 0x0000000725600000, 0x0000000725600000| Untracked 
|  32|0x0000000725800000, 0x0000000725800000, 0x0000000725a00000|  0%| F|  |TAMS 0x0000000725800000, 0x0000000725800000| Untracked 
|  33|0x0000000725a00000, 0x0000000725a00000, 0x0000000725c00000|  0%| F|  |TAMS 0x0000000725a00000, 0x0000000725a00000| Untracked 
|  34|0x0000000725c00000, 0x0000000725c00000, 0x0000000725e00000|  0%| F|  |TAMS 0x0000000725c00000, 0x0000000725c00000| Untracked 
|  35|0x0000000725e00000, 0x0000000725e00000, 0x0000000726000000|  0%| F|  |TAMS 0x0000000725e00000, 0x0000000725e00000| Untracked 
|  36|0x0000000726000000, 0x0000000726000000, 0x0000000726200000|  0%| F|  |TAMS 0x0000000726000000, 0x0000000726000000| Untracked 
|  37|0x0000000726200000, 0x0000000726200000, 0x0000000726400000|  0%| F|  |TAMS 0x0000000726200000, 0x0000000726200000| Untracked 
|  38|0x0000000726400000, 0x0000000726400000, 0x0000000726600000|  0%| F|  |TAMS 0x0000000726400000, 0x0000000726400000| Untracked 
|  39|0x0000000726600000, 0x0000000726600000, 0x0000000726800000|  0%| F|  |TAMS 0x0000000726600000, 0x0000000726600000| Untracked 
|  40|0x0000000726800000, 0x0000000726800000, 0x0000000726a00000|  0%| F|  |TAMS 0x0000000726800000, 0x0000000726800000| Untracked 
|  41|0x0000000726a00000, 0x0000000726a00000, 0x0000000726c00000|  0%| F|  |TAMS 0x0000000726a00000, 0x0000000726a00000| Untracked 
|  42|0x0000000726c00000, 0x0000000726c00000, 0x0000000726e00000|  0%| F|  |TAMS 0x0000000726c00000, 0x0000000726c00000| Untracked 
|  43|0x0000000726e00000, 0x0000000726e00000, 0x0000000727000000|  0%| F|  |TAMS 0x0000000726e00000, 0x0000000726e00000| Untracked 
|  44|0x0000000727000000, 0x0000000727000000, 0x0000000727200000|  0%| F|  |TAMS 0x0000000727000000, 0x0000000727000000| Untracked 
|  45|0x0000000727200000, 0x0000000727200000, 0x0000000727400000|  0%| F|  |TAMS 0x0000000727200000, 0x0000000727200000| Untracked 
|  46|0x0000000727400000, 0x0000000727400000, 0x0000000727600000|  0%| F|  |TAMS 0x0000000727400000, 0x0000000727400000| Untracked 
|  47|0x0000000727600000, 0x0000000727600000, 0x0000000727800000|  0%| F|  |TAMS 0x0000000727600000, 0x0000000727600000| Untracked 
|  48|0x0000000727800000, 0x0000000727800000, 0x0000000727a00000|  0%| F|  |TAMS 0x0000000727800000, 0x0000000727800000| Untracked 
|  49|0x0000000727a00000, 0x0000000727a96f50, 0x0000000727c00000| 29%| S|CS|TAMS 0x0000000727a00000, 0x0000000727a00000| Complete 
|  50|0x0000000727c00000, 0x0000000727e00000, 0x0000000727e00000|100%| S|CS|TAMS 0x0000000727c00000, 0x0000000727c00000| Complete 
|  51|0x0000000727e00000, 0x0000000727e00000, 0x0000000728000000|  0%| F|  |TAMS 0x0000000727e00000, 0x0000000727e00000| Untracked 
|  52|0x0000000728000000, 0x0000000728000000, 0x0000000728200000|  0%| F|  |TAMS 0x0000000728000000, 0x0000000728000000| Untracked 
|  53|0x0000000728200000, 0x0000000728200000, 0x0000000728400000|  0%| F|  |TAMS 0x0000000728200000, 0x0000000728200000| Untracked 
|  54|0x0000000728400000, 0x0000000728400000, 0x0000000728600000|  0%| F|  |TAMS 0x0000000728400000, 0x0000000728400000| Untracked 
|  55|0x0000000728600000, 0x0000000728600000, 0x0000000728800000|  0%| F|  |TAMS 0x0000000728600000, 0x0000000728600000| Untracked 
|  56|0x0000000728800000, 0x0000000728800000, 0x0000000728a00000|  0%| F|  |TAMS 0x0000000728800000, 0x0000000728800000| Untracked 
|  57|0x0000000728a00000, 0x0000000728a00000, 0x0000000728c00000|  0%| F|  |TAMS 0x0000000728a00000, 0x0000000728a00000| Untracked 
|  58|0x0000000728c00000, 0x0000000728c00000, 0x0000000728e00000|  0%| F|  |TAMS 0x0000000728c00000, 0x0000000728c00000| Untracked 
|  59|0x0000000728e00000, 0x0000000728e00000, 0x0000000729000000|  0%| F|  |TAMS 0x0000000728e00000, 0x0000000728e00000| Untracked 
|  60|0x0000000729000000, 0x0000000729000000, 0x0000000729200000|  0%| F|  |TAMS 0x0000000729000000, 0x0000000729000000| Untracked 
|  61|0x0000000729200000, 0x0000000729200000, 0x0000000729400000|  0%| F|  |TAMS 0x0000000729200000, 0x0000000729200000| Untracked 
|  62|0x0000000729400000, 0x0000000729400000, 0x0000000729600000|  0%| F|  |TAMS 0x0000000729400000, 0x0000000729400000| Untracked 
|  63|0x0000000729600000, 0x0000000729600000, 0x0000000729800000|  0%| F|  |TAMS 0x0000000729600000, 0x0000000729600000| Untracked 
|  64|0x0000000729800000, 0x0000000729800000, 0x0000000729a00000|  0%| F|  |TAMS 0x0000000729800000, 0x0000000729800000| Untracked 
|  65|0x0000000729a00000, 0x0000000729a00000, 0x0000000729c00000|  0%| F|  |TAMS 0x0000000729a00000, 0x0000000729a00000| Untracked 
|  66|0x0000000729c00000, 0x0000000729c00000, 0x0000000729e00000|  0%| F|  |TAMS 0x0000000729c00000, 0x0000000729c00000| Untracked 
|  67|0x0000000729e00000, 0x0000000729e00000, 0x000000072a000000|  0%| F|  |TAMS 0x0000000729e00000, 0x0000000729e00000| Untracked 
|  68|0x000000072a000000, 0x000000072a000000, 0x000000072a200000|  0%| F|  |TAMS 0x000000072a000000, 0x000000072a000000| Untracked 
|  69|0x000000072a200000, 0x000000072a200000, 0x000000072a400000|  0%| F|  |TAMS 0x000000072a200000, 0x000000072a200000| Untracked 
|  70|0x000000072a400000, 0x000000072a400000, 0x000000072a600000|  0%| F|  |TAMS 0x000000072a400000, 0x000000072a400000| Untracked 
|  71|0x000000072a600000, 0x000000072a600000, 0x000000072a800000|  0%| F|  |TAMS 0x000000072a600000, 0x000000072a600000| Untracked 
|  72|0x000000072a800000, 0x000000072a800000, 0x000000072aa00000|  0%| F|  |TAMS 0x000000072a800000, 0x000000072a800000| Untracked 
|  73|0x000000072aa00000, 0x000000072aa00000, 0x000000072ac00000|  0%| F|  |TAMS 0x000000072aa00000, 0x000000072aa00000| Untracked 
|  74|0x000000072ac00000, 0x000000072ac00000, 0x000000072ae00000|  0%| F|  |TAMS 0x000000072ac00000, 0x000000072ac00000| Untracked 
|  75|0x000000072ae00000, 0x000000072ae00000, 0x000000072b000000|  0%| F|  |TAMS 0x000000072ae00000, 0x000000072ae00000| Untracked 
|  76|0x000000072b000000, 0x000000072b000000, 0x000000072b200000|  0%| F|  |TAMS 0x000000072b000000, 0x000000072b000000| Untracked 
|  77|0x000000072b200000, 0x000000072b200000, 0x000000072b400000|  0%| F|  |TAMS 0x000000072b200000, 0x000000072b200000| Untracked 
|  78|0x000000072b400000, 0x000000072b400000, 0x000000072b600000|  0%| F|  |TAMS 0x000000072b400000, 0x000000072b400000| Untracked 
|  79|0x000000072b600000, 0x000000072b600000, 0x000000072b800000|  0%| F|  |TAMS 0x000000072b600000, 0x000000072b600000| Untracked 
|  80|0x000000072b800000, 0x000000072b800000, 0x000000072ba00000|  0%| F|  |TAMS 0x000000072b800000, 0x000000072b800000| Untracked 
|  81|0x000000072ba00000, 0x000000072ba00000, 0x000000072bc00000|  0%| F|  |TAMS 0x000000072ba00000, 0x000000072ba00000| Untracked 
|  82|0x000000072bc00000, 0x000000072bc00000, 0x000000072be00000|  0%| F|  |TAMS 0x000000072bc00000, 0x000000072bc00000| Untracked 
|  83|0x000000072be00000, 0x000000072be00000, 0x000000072c000000|  0%| F|  |TAMS 0x000000072be00000, 0x000000072be00000| Untracked 
|  84|0x000000072c000000, 0x000000072c000000, 0x000000072c200000|  0%| F|  |TAMS 0x000000072c000000, 0x000000072c000000| Untracked 
|  85|0x000000072c200000, 0x000000072c200000, 0x000000072c400000|  0%| F|  |TAMS 0x000000072c200000, 0x000000072c200000| Untracked 
|  86|0x000000072c400000, 0x000000072c400000, 0x000000072c600000|  0%| F|  |TAMS 0x000000072c400000, 0x000000072c400000| Untracked 
|  87|0x000000072c600000, 0x000000072c600000, 0x000000072c800000|  0%| F|  |TAMS 0x000000072c600000, 0x000000072c600000| Untracked 
|  88|0x000000072c800000, 0x000000072c800000, 0x000000072ca00000|  0%| F|  |TAMS 0x000000072c800000, 0x000000072c800000| Untracked 
|  89|0x000000072ca00000, 0x000000072ca00000, 0x000000072cc00000|  0%| F|  |TAMS 0x000000072ca00000, 0x000000072ca00000| Untracked 
|  90|0x000000072cc00000, 0x000000072cc00000, 0x000000072ce00000|  0%| F|  |TAMS 0x000000072cc00000, 0x000000072cc00000| Untracked 
|  91|0x000000072ce00000, 0x000000072ce00000, 0x000000072d000000|  0%| F|  |TAMS 0x000000072ce00000, 0x000000072ce00000| Untracked 
|  92|0x000000072d000000, 0x000000072d000000, 0x000000072d200000|  0%| F|  |TAMS 0x000000072d000000, 0x000000072d000000| Untracked 
|  93|0x000000072d200000, 0x000000072d200000, 0x000000072d400000|  0%| F|  |TAMS 0x000000072d200000, 0x000000072d200000| Untracked 
|  94|0x000000072d400000, 0x000000072d400000, 0x000000072d600000|  0%| F|  |TAMS 0x000000072d400000, 0x000000072d400000| Untracked 
|  95|0x000000072d600000, 0x000000072d600000, 0x000000072d800000|  0%| F|  |TAMS 0x000000072d600000, 0x000000072d600000| Untracked 
|  96|0x000000072d800000, 0x000000072d800000, 0x000000072da00000|  0%| F|  |TAMS 0x000000072d800000, 0x000000072d800000| Untracked 
|  97|0x000000072da00000, 0x000000072da00000, 0x000000072dc00000|  0%| F|  |TAMS 0x000000072da00000, 0x000000072da00000| Untracked 
|  98|0x000000072dc00000, 0x000000072dc00000, 0x000000072de00000|  0%| F|  |TAMS 0x000000072dc00000, 0x000000072dc00000| Untracked 
|  99|0x000000072de00000, 0x000000072de00000, 0x000000072e000000|  0%| F|  |TAMS 0x000000072de00000, 0x000000072de00000| Untracked 
| 100|0x000000072e000000, 0x000000072e000000, 0x000000072e200000|  0%| F|  |TAMS 0x000000072e000000, 0x000000072e000000| Untracked 
| 101|0x000000072e200000, 0x000000072e200000, 0x000000072e400000|  0%| F|  |TAMS 0x000000072e200000, 0x000000072e200000| Untracked 
| 102|0x000000072e400000, 0x000000072e400000, 0x000000072e600000|  0%| F|  |TAMS 0x000000072e400000, 0x000000072e400000| Untracked 
| 103|0x000000072e600000, 0x000000072e600000, 0x000000072e800000|  0%| F|  |TAMS 0x000000072e600000, 0x000000072e600000| Untracked 
| 104|0x000000072e800000, 0x000000072e800000, 0x000000072ea00000|  0%| F|  |TAMS 0x000000072e800000, 0x000000072e800000| Untracked 
| 105|0x000000072ea00000, 0x000000072ea00000, 0x000000072ec00000|  0%| F|  |TAMS 0x000000072ea00000, 0x000000072ea00000| Untracked 
| 106|0x000000072ec00000, 0x000000072ec00000, 0x000000072ee00000|  0%| F|  |TAMS 0x000000072ec00000, 0x000000072ec00000| Untracked 
| 107|0x000000072ee00000, 0x000000072ee00000, 0x000000072f000000|  0%| F|  |TAMS 0x000000072ee00000, 0x000000072ee00000| Untracked 
| 108|0x000000072f000000, 0x000000072f000000, 0x000000072f200000|  0%| F|  |TAMS 0x000000072f000000, 0x000000072f000000| Untracked 
| 109|0x000000072f200000, 0x000000072f200000, 0x000000072f400000|  0%| F|  |TAMS 0x000000072f200000, 0x000000072f200000| Untracked 
| 110|0x000000072f400000, 0x000000072f400000, 0x000000072f600000|  0%| F|  |TAMS 0x000000072f400000, 0x000000072f400000| Untracked 
| 111|0x000000072f600000, 0x000000072f600000, 0x000000072f800000|  0%| F|  |TAMS 0x000000072f600000, 0x000000072f600000| Untracked 
| 112|0x000000072f800000, 0x000000072f800000, 0x000000072fa00000|  0%| F|  |TAMS 0x000000072f800000, 0x000000072f800000| Untracked 
| 113|0x000000072fa00000, 0x000000072fa00000, 0x000000072fc00000|  0%| F|  |TAMS 0x000000072fa00000, 0x000000072fa00000| Untracked 
| 114|0x000000072fc00000, 0x000000072fc00000, 0x000000072fe00000|  0%| F|  |TAMS 0x000000072fc00000, 0x000000072fc00000| Untracked 
| 115|0x000000072fe00000, 0x000000072fe00000, 0x0000000730000000|  0%| F|  |TAMS 0x000000072fe00000, 0x000000072fe00000| Untracked 
| 116|0x0000000730000000, 0x0000000730000000, 0x0000000730200000|  0%| F|  |TAMS 0x0000000730000000, 0x0000000730000000| Untracked 
| 117|0x0000000730200000, 0x0000000730200000, 0x0000000730400000|  0%| F|  |TAMS 0x0000000730200000, 0x0000000730200000| Untracked 
| 118|0x0000000730400000, 0x0000000730400000, 0x0000000730600000|  0%| F|  |TAMS 0x0000000730400000, 0x0000000730400000| Untracked 
| 119|0x0000000730600000, 0x0000000730600000, 0x0000000730800000|  0%| F|  |TAMS 0x0000000730600000, 0x0000000730600000| Untracked 
| 120|0x0000000730800000, 0x0000000730800000, 0x0000000730a00000|  0%| F|  |TAMS 0x0000000730800000, 0x0000000730800000| Untracked 
| 121|0x0000000730a00000, 0x0000000730a00000, 0x0000000730c00000|  0%| F|  |TAMS 0x0000000730a00000, 0x0000000730a00000| Untracked 
| 122|0x0000000730c00000, 0x0000000730c00000, 0x0000000730e00000|  0%| F|  |TAMS 0x0000000730c00000, 0x0000000730c00000| Untracked 
| 123|0x0000000730e00000, 0x0000000730e00000, 0x0000000731000000|  0%| F|  |TAMS 0x0000000730e00000, 0x0000000730e00000| Untracked 
| 124|0x0000000731000000, 0x0000000731000000, 0x0000000731200000|  0%| F|  |TAMS 0x0000000731000000, 0x0000000731000000| Untracked 
| 125|0x0000000731200000, 0x0000000731200000, 0x0000000731400000|  0%| F|  |TAMS 0x0000000731200000, 0x0000000731200000| Untracked 
| 126|0x0000000731400000, 0x0000000731400000, 0x0000000731600000|  0%| F|  |TAMS 0x0000000731400000, 0x0000000731400000| Untracked 

Card table byte_map: [0x00000171e1ac0000,0x00000171e21c0000] _byte_map_base: 0x00000171de1b4000

Marking Bits (Prev, Next): (CMBitMap*) 0x00000171ca1f4720, (CMBitMap*) 0x00000171ca1f4760
 Prev Bits: [0x00000171e28c0000, 0x00000171e6060000)
 Next Bits: [0x00000171e6060000, 0x00000171e9800000)

Polling page: 0x00000171c8030000

Metaspace:

Usage:
  Non-class:     38.68 MB capacity,    38.10 MB ( 99%) used,   514.35 KB (  1%) free+waste,    76.19 KB ( <1%) overhead. 
      Class:      6.18 MB capacity,     5.88 MB ( 95%) used,   279.53 KB (  4%) free+waste,    32.94 KB ( <1%) overhead. 
       Both:     44.86 MB capacity,    43.98 MB ( 98%) used,   793.88 KB (  2%) free+waste,   109.13 KB ( <1%) overhead. 

Virtual space:
  Non-class space:       40.00 MB reserved,      38.92 MB ( 97%) committed 
      Class space:        1.00 GB reserved,       6.25 MB ( <1%) committed 
             Both:        1.04 GB reserved,      45.17 MB (  4%) committed 

Chunk freelists:
   Non-Class:  185.00 KB
       Class:  69.00 KB
        Both:  254.00 KB

MaxMetaspaceSize: 17179869184.00 GB
CompressedClassSpaceSize: 1.00 GB

CodeHeap 'non-profiled nmethods': size=238912Kb used=14245Kb max_used=14245Kb free=224666Kb
 bounds [0x00000171d2a70000, 0x00000171d3860000, 0x00000171e13c0000]
CodeHeap 'non-nmethods': size=6848Kb used=1278Kb max_used=1278Kb free=5569Kb
 bounds [0x00000171d23c0000, 0x00000171d2630000, 0x00000171d2a70000]
 total_blobs=9086 nmethods=8521 adapters=490
 compilation: enabled
              stopped_count=0, restarted_count=0
 full_count=0

Compilation events (20 events):
Event: 4068.946 Thread 0x00000171ec53db90 8512       1       sun.util.calendar.CalendarDate::getDayOfWeek (18 bytes)
Event: 4068.946 Thread 0x00000171ec53db90 nmethod 8512 0x00000171d3851990 code [0x00000171d3851b20, 0x00000171d3851bf8]
Event: 4068.946 Thread 0x00000171ec53db90 8513       1       ch.qos.logback.core.encoder.LayoutWrappingEncoder::convertToBytes (21 bytes)
Event: 4068.946 Thread 0x00000171ec53db90 nmethod 8513 0x00000171d3851c90 code [0x00000171d3851e40, 0x00000171d3852048]
Event: 4068.946 Thread 0x00000171ec53db90 8514   !   1       ch.qos.logback.core.OutputStreamAppender::writeBytes (60 bytes)
Event: 4068.947 Thread 0x00000171ec53db90 nmethod 8514 0x00000171d3852190 code [0x00000171d38523a0, 0x00000171d3852768]
Event: 4068.953 Thread 0x00000171ec53db90 8515       1       org.springframework.beans.factory.support.DefaultListableBeanFactory::destroySingleton (15 bytes)
Event: 4068.954 Thread 0x00000171ec53db90 nmethod 8515 0x00000171d3852a10 code [0x00000171d3852c00, 0x00000171d3852ef8]
Event: 4068.954 Thread 0x00000171ec53db90 8516   !   1       org.springframework.beans.factory.support.DefaultSingletonBeanRegistry::destroySingleton (45 bytes)
Event: 4068.954 Thread 0x00000171ec53db90 nmethod 8516 0x00000171d3853110 code [0x00000171d38532e0, 0x00000171d3853568]
Event: 4068.954 Thread 0x00000171ec53db90 8517   !   1       org.springframework.beans.factory.support.AbstractAutowireCapableBeanFactory::removeSingleton (34 bytes)
Event: 4068.956 Thread 0x00000171ec53db90 nmethod 8517 0x00000171d3853710 code [0x00000171d38538e0, 0x00000171d3853c28]
Event: 4068.956 Thread 0x00000171ec53db90 8518   !   1       org.springframework.beans.factory.support.FactoryBeanRegistrySupport::removeSingleton (34 bytes)
Event: 4068.956 Thread 0x00000171ec53db90 nmethod 8518 0x00000171d3853e90 code [0x00000171d3854040, 0x00000171d3854238]
Event: 4068.956 Thread 0x00000171ec53db90 8519   !   1       org.springframework.beans.factory.support.DefaultSingletonBeanRegistry::removeSingleton (62 bytes)
Event: 4068.956 Thread 0x00000171ec53db90 nmethod 8519 0x00000171d3854390 code [0x00000171d3854560, 0x00000171d38547d8]
Event: 4068.967 Thread 0x00000171ec53db90 8520       1       java.util.GregorianCalendar::computeFields (1585 bytes)
Event: 4068.970 Thread 0x00000171ec53db90 nmethod 8520 0x00000171d3854990 code [0x00000171d3854e00, 0x00000171d3857558]
Event: 4068.975 Thread 0x00000171ec53db90 8521   !   1       java.io.PrintStream::flush (35 bytes)
Event: 4068.975 Thread 0x00000171ec53db90 nmethod 8521 0x00000171d3859110 code [0x00000171d38592c0, 0x00000171d3859598]

GC Heap History (20 events):
Event: 4068.729 GC heap after
{Heap after GC invocations=54 (full 2):
 garbage-first heap   total 96256K, used 49941K [0x0000000721800000, 0x0000000800000000)
  region size 2048K, 1 young (2048K), 1 survivors (2048K)
 Metaspace       used 45034K, capacity 45938K, committed 46256K, reserved 1089536K
  class space    used 6018K, capacity 6331K, committed 6400K, reserved 1048576K
}
Event: 4068.735 GC heap before
{Heap before GC invocations=54 (full 2):
 garbage-first heap   total 96256K, used 76565K [0x0000000721800000, 0x0000000800000000)
  region size 2048K, 15 young (30720K), 1 survivors (2048K)
 Metaspace       used 45034K, capacity 45938K, committed 46256K, reserved 1089536K
  class space    used 6018K, capacity 6331K, committed 6400K, reserved 1048576K
}
Event: 4068.736 GC heap after
{Heap after GC invocations=55 (full 2):
 garbage-first heap   total 96256K, used 49905K [0x0000000721800000, 0x0000000800000000)
  region size 2048K, 1 young (2048K), 1 survivors (2048K)
 Metaspace       used 45034K, capacity 45938K, committed 46256K, reserved 1089536K
  class space    used 6018K, capacity 6331K, committed 6400K, reserved 1048576K
}
Event: 4068.744 GC heap before
{Heap before GC invocations=55 (full 2):
 garbage-first heap   total 96256K, used 76529K [0x0000000721800000, 0x0000000800000000)
  region size 2048K, 15 young (30720K), 1 survivors (2048K)
 Metaspace       used 45034K, capacity 45938K, committed 46256K, reserved 1089536K
  class space    used 6018K, capacity 6331K, committed 6400K, reserved 1048576K
}
Event: 4068.745 GC heap after
{Heap after GC invocations=56 (full 2):
 garbage-first heap   total 116736K, used 50012K [0x0000000721800000, 0x0000000800000000)
  region size 2048K, 1 young (2048K), 1 survivors (2048K)
 Metaspace       used 45034K, capacity 45938K, committed 46256K, reserved 1089536K
  class space    used 6018K, capacity 6331K, committed 6400K, reserved 1048576K
}
Event: 4068.769 GC heap before
{Heap before GC invocations=56 (full 2):
 garbage-first heap   total 133120K, used 93020K [0x0000000721800000, 0x0000000800000000)
  region size 2048K, 23 young (47104K), 1 survivors (2048K)
 Metaspace       used 45034K, capacity 45938K, committed 46256K, reserved 1089536K
  class space    used 6018K, capacity 6331K, committed 6400K, reserved 1048576K
}
Event: 4068.771 GC heap after
{Heap after GC invocations=57 (full 2):
 garbage-first heap   total 133120K, used 50264K [0x0000000721800000, 0x0000000800000000)
  region size 2048K, 1 young (2048K), 1 survivors (2048K)
 Metaspace       used 45034K, capacity 45938K, committed 46256K, reserved 1089536K
  class space    used 6018K, capacity 6331K, committed 6400K, reserved 1048576K
}
Event: 4068.782 GC heap before
{Heap before GC invocations=57 (full 2):
 garbage-first heap   total 133120K, used 105560K [0x0000000721800000, 0x0000000800000000)
  region size 2048K, 29 young (59392K), 1 survivors (2048K)
 Metaspace       used 45034K, capacity 45938K, committed 46256K, reserved 1089536K
  class space    used 6018K, capacity 6331K, committed 6400K, reserved 1048576K
}
Event: 4068.783 GC heap after
{Heap after GC invocations=58 (full 2):
 garbage-first heap   total 133120K, used 50372K [0x0000000721800000, 0x0000000800000000)
  region size 2048K, 1 young (2048K), 1 survivors (2048K)
 Metaspace       used 45034K, capacity 45938K, committed 46256K, reserved 1089536K
  class space    used 6018K, capacity 6331K, committed 6400K, reserved 1048576K
}
Event: 4068.794 GC heap before
{Heap before GC invocations=58 (full 2):
 garbage-first heap   total 133120K, used 105668K [0x0000000721800000, 0x0000000800000000)
  region size 2048K, 29 young (59392K), 1 survivors (2048K)
 Metaspace       used 45034K, capacity 45938K, committed 46256K, reserved 1089536K
  class space    used 6018K, capacity 6331K, committed 6400K, reserved 1048576K
}
Event: 4068.795 GC heap after
{Heap after GC invocations=59 (full 2):
 garbage-first heap   total 133120K, used 50605K [0x0000000721800000, 0x0000000800000000)
  region size 2048K, 2 young (4096K), 2 survivors (4096K)
 Metaspace       used 45034K, capacity 45938K, committed 46256K, reserved 1089536K
  class space    used 6018K, capacity 6331K, committed 6400K, reserved 1048576K
}
Event: 4068.806 GC heap before
{Heap before GC invocations=59 (full 2):
 garbage-first heap   total 133120K, used 105901K [0x0000000721800000, 0x0000000800000000)
  region size 2048K, 30 young (61440K), 2 survivors (4096K)
 Metaspace       used 45034K, capacity 45938K, committed 46256K, reserved 1089536K
  class space    used 6018K, capacity 6331K, committed 6400K, reserved 1048576K
}
Event: 4068.808 GC heap after
{Heap after GC invocations=60 (full 2):
 garbage-first heap   total 260096K, used 50611K [0x0000000721800000, 0x0000000800000000)
  region size 2048K, 2 young (4096K), 2 survivors (4096K)
 Metaspace       used 45034K, capacity 45938K, committed 46256K, reserved 1089536K
  class space    used 6018K, capacity 6331K, committed 6400K, reserved 1048576K
}
Event: 4068.886 GC heap before
{Heap before GC invocations=61 (full 2):
 garbage-first heap   total 260096K, used 200115K [0x0000000721800000, 0x0000000800000000)
  region size 2048K, 76 young (155648K), 2 survivors (4096K)
 Metaspace       used 45034K, capacity 45938K, committed 46256K, reserved 1089536K
  class space    used 6018K, capacity 6331K, committed 6400K, reserved 1048576K
}
Event: 4068.888 GC heap after
{Heap after GC invocations=62 (full 2):
 garbage-first heap   total 260096K, used 50911K [0x0000000721800000, 0x0000000800000000)
  region size 2048K, 2 young (4096K), 2 survivors (4096K)
 Metaspace       used 45034K, capacity 45938K, committed 46256K, reserved 1089536K
  class space    used 6018K, capacity 6331K, committed 6400K, reserved 1048576K
}
Event: 4068.923 GC heap before
{Heap before GC invocations=62 (full 2):
 garbage-first heap   total 260096K, used 200415K [0x0000000721800000, 0x0000000800000000)
  region size 2048K, 76 young (155648K), 2 survivors (4096K)
 Metaspace       used 45034K, capacity 45938K, committed 46256K, reserved 1089536K
  class space    used 6018K, capacity 6331K, committed 6400K, reserved 1048576K
}
Event: 4068.926 GC heap after
{Heap after GC invocations=63 (full 2):
 garbage-first heap   total 260096K, used 51284K [0x0000000721800000, 0x0000000800000000)
  region size 2048K, 2 young (4096K), 2 survivors (4096K)
 Metaspace       used 45034K, capacity 45938K, committed 46256K, reserved 1089536K
  class space    used 6018K, capacity 6331K, committed 6400K, reserved 1048576K
}
Event: 4068.954 GC heap before
{Heap before GC invocations=63 (full 2):
 garbage-first heap   total 260096K, used 200788K [0x0000000721800000, 0x0000000800000000)
  region size 2048K, 76 young (155648K), 2 survivors (4096K)
 Metaspace       used 45034K, capacity 45938K, committed 46256K, reserved 1089536K
  class space    used 6018K, capacity 6331K, committed 6400K, reserved 1048576K
}
Event: 4068.956 GC heap after
{Heap after GC invocations=64 (full 2):
 garbage-first heap   total 260096K, used 51383K [0x0000000721800000, 0x0000000800000000)
  region size 2048K, 2 young (4096K), 2 survivors (4096K)
 Metaspace       used 45034K, capacity 45938K, committed 46256K, reserved 1089536K
  class space    used 6018K, capacity 6331K, committed 6400K, reserved 1048576K
}
Event: 4068.986 GC heap before
{Heap before GC invocations=64 (full 2):
 garbage-first heap   total 260096K, used 200887K [0x0000000721800000, 0x0000000800000000)
  region size 2048K, 76 young (155648K), 2 survivors (4096K)
 Metaspace       used 45034K, capacity 45938K, committed 46256K, reserved 1089536K
  class space    used 6018K, capacity 6331K, committed 6400K, reserved 1048576K
}

Deoptimization events (4 events):
Event: 9.445 Thread 0x00000171ed600f80 DEOPT PACKING pc=0x00000171d2d6d6fa sp=0x0000003f048fa8d0
Event: 9.445 Thread 0x00000171ed600f80 DEOPT UNPACKING pc=0x00000171d240e23f sp=0x0000003f048f9dd8 mode 3
Event: 9.558 Thread 0x00000171ed600f80 DEOPT PACKING pc=0x00000171d2c06e94 sp=0x0000003f048f8eb0
Event: 9.558 Thread 0x00000171ed600f80 DEOPT UNPACKING pc=0x00000171d240e23f sp=0x0000003f048f83d8 mode 0

Classes unloaded (20 events):
Event: 4037.558 Thread 0x00000171ebd03850 Unloading class 0x0000000800c16440 'java/lang/invoke/LambdaForm$MH+0x0000000800c16440'
Event: 4037.558 Thread 0x00000171ebd03850 Unloading class 0x0000000800bbe440 'jdk/internal/reflect/GeneratedSerializationConstructorAccessor3'
Event: 4037.558 Thread 0x00000171ebd03850 Unloading class 0x0000000800bbe040 'jdk/internal/reflect/GeneratedSerializationConstructorAccessor2'
Event: 4037.558 Thread 0x00000171ebd03850 Unloading class 0x0000000800bbec40 'jdk/internal/reflect/GeneratedSerializationConstructorAccessor1'
Event: 4037.558 Thread 0x00000171ebd03850 Unloading class 0x0000000800bbf440 'java/lang/invoke/LambdaForm$DMH+0x0000000800bbf440'
Event: 4037.558 Thread 0x00000171ebd03850 Unloading class 0x0000000800bbfc40 'java/lang/invoke/LambdaForm$DMH+0x0000000800bbfc40'
Event: 4037.558 Thread 0x00000171ebd03850 Unloading class 0x0000000800bb8c40 'jdk/internal/reflect/GeneratedConstructorAccessor1'
Event: 4037.558 Thread 0x00000171ebd03850 Unloading class 0x0000000800bb8440 'java/lang/invoke/LambdaForm$MH+0x0000000800bb8440'
Event: 4037.558 Thread 0x00000171ebd03850 Unloading class 0x0000000800bb8040 'java/lang/invoke/LambdaForm$MH+0x0000000800bb8040'
Event: 4037.558 Thread 0x00000171ebd03850 Unloading class 0x0000000800bb7c40 'java/lang/invoke/LambdaForm$MH+0x0000000800bb7c40'
Event: 4037.558 Thread 0x00000171ebd03850 Unloading class 0x0000000800bb7840 'java/lang/invoke/LambdaForm$MH+0x0000000800bb7840'
Event: 4037.558 Thread 0x00000171ebd03850 Unloading class 0x0000000800bb7440 'java/lang/invoke/LambdaForm$MH+0x0000000800bb7440'
Event: 4037.558 Thread 0x00000171ebd03850 Unloading class 0x0000000800bb7040 'java/lang/invoke/LambdaForm$MH+0x0000000800bb7040'
Event: 4037.558 Thread 0x00000171ebd03850 Unloading class 0x0000000800bb6040 'java/lang/invoke/LambdaForm$MH+0x0000000800bb6040'
Event: 4037.558 Thread 0x00000171ebd03850 Unloading class 0x0000000800bb5c40 'java/lang/invoke/LambdaForm$MH+0x0000000800bb5c40'
Event: 4037.558 Thread 0x00000171ebd03850 Unloading class 0x0000000800bb5440 'java/lang/invoke/LambdaForm$MH+0x0000000800bb5440'
Event: 4037.558 Thread 0x00000171ebd03850 Unloading class 0x0000000800bb4840 'java/lang/invoke/LambdaForm$MH+0x0000000800bb4840'
Event: 4037.558 Thread 0x00000171ebd03850 Unloading class 0x0000000800bb4040 'java/lang/invoke/LambdaForm$MH+0x0000000800bb4040'
Event: 4037.558 Thread 0x00000171ebd03850 Unloading class 0x0000000800bb3840 'java/lang/invoke/LambdaForm$MH+0x0000000800bb3840'
Event: 4037.558 Thread 0x00000171ebd03850 Unloading class 0x0000000800bb3040 'java/lang/invoke/LambdaForm$MH+0x0000000800bb3040'

Classes redefined (0 events):
No events

Internal exceptions (20 events):
Event: 4068.606 Thread 0x00000171ed7aa0c0 Exception <a 'java/lang/StackOverflowError'{0x0000000729ad9e00}> (0x0000000729ad9e00) 
thrown [./open/src/hotspot/share/runtime/javaCalls.cpp, line 401]
Event: 4068.606 Thread 0x00000171ed7aa0c0 Exception <a 'java/lang/StackOverflowError'{0x0000000729adf328}> (0x0000000729adf328) 
thrown [./open/src/hotspot/share/runtime/javaCalls.cpp, line 401]
Event: 4068.607 Thread 0x00000171ed7aa0c0 Exception <a 'java/lang/StackOverflowError'{0x0000000729ae4910}> (0x0000000729ae4910) 
thrown [./open/src/hotspot/share/runtime/javaCalls.cpp, line 401]
Event: 4068.607 Thread 0x00000171ed7aa0c0 Exception <a 'java/lang/StackOverflowError'{0x0000000729ae9e38}> (0x0000000729ae9e38) 
thrown [./open/src/hotspot/share/runtime/javaCalls.cpp, line 401]
Event: 4068.607 Thread 0x00000171ed7aa0c0 StackOverflowError at 0x00000171d2a76520
Event: 4068.607 Thread 0x00000171ed7aa0c0 Exception <a 'java/lang/StackOverflowError'{0x0000000729af0300}> (0x0000000729af0300) 
thrown [./open/src/hotspot/share/runtime/sharedRuntime.cpp, line 585]
Event: 4068.607 Thread 0x00000171ed7aa0c0 Exception <a 'java/lang/StackOverflowError'{0x0000000729af5828}> (0x0000000729af5828) 
thrown [./open/src/hotspot/share/runtime/javaCalls.cpp, line 401]
Event: 4068.608 Thread 0x00000171ed7aa0c0 Exception <a 'java/lang/StackOverflowError'{0x0000000729afad50}> (0x0000000729afad50) 
thrown [./open/src/hotspot/share/runtime/javaCalls.cpp, line 401]
Event: 4068.608 Thread 0x00000171ed7aa0c0 Exception <a 'java/lang/StackOverflowError'{0x0000000729b00338}> (0x0000000729b00338) 
thrown [./open/src/hotspot/share/runtime/javaCalls.cpp, line 401]
Event: 4068.608 Thread 0x00000171ed7aa0c0 Exception <a 'java/lang/StackOverflowError'{0x0000000729b05b20}> (0x0000000729b05b20) 
thrown [./open/src/hotspot/share/runtime/javaCalls.cpp, line 401]
Event: 4068.608 Thread 0x00000171ed7aa0c0 Exception <a 'java/lang/StackOverflowError'{0x0000000729b1cde0}> (0x0000000729b1cde0) 
thrown [./open/src/hotspot/share/runtime/javaCalls.cpp, line 401]
Event: 4068.608 Thread 0x00000171ed7aa0c0 Exception <a 'java/lang/StackOverflowError'{0x0000000729b22308}> (0x0000000729b22308) 
thrown [./open/src/hotspot/share/runtime/javaCalls.cpp, line 401]
Event: 4068.609 Thread 0x00000171ed7aa0c0 StackOverflowError at 0x00000171d2a707a0
Event: 4068.609 Thread 0x00000171ed7aa0c0 Exception <a 'java/lang/StackOverflowError'{0x0000000729b27900}> (0x0000000729b27900) 
thrown [./open/src/hotspot/share/runtime/sharedRuntime.cpp, line 585]
Event: 4068.610 Thread 0x00000171ed7aa0c0 StackOverflowError at 0x00000171d2b9bb00
Event: 4068.610 Thread 0x00000171ed7aa0c0 Exception <a 'java/lang/StackOverflowError'{0x0000000729b2d0f0}> (0x0000000729b2d0f0) 
thrown [./open/src/hotspot/share/runtime/sharedRuntime.cpp, line 585]
Event: 4068.611 Thread 0x00000171ed7aa0c0 StackOverflowError at 0x00000171d2a76520
Event: 4068.611 Thread 0x00000171ed7aa0c0 Exception <a 'java/lang/StackOverflowError'{0x0000000729b38000}> (0x0000000729b38000) 
thrown [./open/src/hotspot/share/runtime/sharedRuntime.cpp, line 585]
Event: 4068.612 Thread 0x00000171ed7aa0c0 StackOverflowError at 0x00000171d2a92be0
Event: 4068.612 Thread 0x00000171ed7aa0c0 Exception <a 'java/lang/StackOverflowError'{0x0000000729b3d7e8}> (0x0000000729b3d7e8) 
thrown [./open/src/hotspot/share/runtime/sharedRuntime.cpp, line 585]

Events (20 events):
Event: 4068.745 Executing VM operation: G1CollectForAllocation done
Event: 4068.755 Executing VM operation: G1Concurrent
Event: 4068.759 Executing VM operation: G1Concurrent done
Event: 4068.769 Executing VM operation: G1CollectForAllocation
Event: 4068.771 Executing VM operation: G1CollectForAllocation done
Event: 4068.782 Executing VM operation: G1CollectForAllocation
Event: 4068.783 Executing VM operation: G1CollectForAllocation done
Event: 4068.794 Executing VM operation: G1CollectForAllocation
Event: 4068.795 Executing VM operation: G1CollectForAllocation done
Event: 4068.806 Executing VM operation: G1CollectForAllocation
Event: 4068.809 Executing VM operation: G1CollectForAllocation done
Event: 4068.811 Executing VM operation: G1Concurrent
Event: 4068.811 Executing VM operation: G1Concurrent done
Event: 4068.885 Executing VM operation: G1CollectForAllocation
Event: 4068.888 Executing VM operation: G1CollectForAllocation done
Event: 4068.923 Executing VM operation: G1CollectForAllocation
Event: 4068.927 Executing VM operation: G1CollectForAllocation done
Event: 4068.954 Executing VM operation: G1CollectForAllocation
Event: 4068.956 Executing VM operation: G1CollectForAllocation done
Event: 4068.986 Executing VM operation: G1CollectForAllocation


Dynamic libraries:
0x00007ff7d17b0000 - 0x00007ff7d17bf000 	E:\jdk\bin\java.exe
0x00007ff9fd9a0000 - 0x00007ff9fdb90000 	C:\WINDOWS\SYSTEM32\ntdll.dll
0x00007ff9fbb20000 - 0x00007ff9fbbd2000 	C:\WINDOWS\System32\KERNEL32.DLL
0x00007ff9faa80000 - 0x00007ff9fad23000 	C:\WINDOWS\System32\KERNELBASE.dll
0x00007ff9fb8b0000 - 0x00007ff9fb9aa000 	C:\WINDOWS\System32\ucrtbase.dll
0x00007ff9f1ce0000 - 0x00007ff9f1cf8000 	E:\jdk\bin\jli.dll
0x00007ff9fbf90000 - 0x00007ff9fc033000 	C:\WINDOWS\System32\ADVAPI32.dll
0x00007ff9fc750000 - 0x00007ff9fc7ee000 	C:\WINDOWS\System32\msvcrt.dll
0x00007ff9f1c10000 - 0x00007ff9f1c29000 	E:\jdk\bin\VCRUNTIME140.dll
0x00007ff9fc810000 - 0x00007ff9fc8a7000 	C:\WINDOWS\System32\sechost.dll
0x00007ff9fc220000 - 0x00007ff9fc340000 	C:\WINDOWS\System32\RPCRT4.dll
0x00007ff9fcde0000 - 0x00007ff9fcf74000 	C:\WINDOWS\System32\USER32.dll
0x00007ff9fb100000 - 0x00007ff9fb121000 	C:\WINDOWS\System32\win32u.dll
0x00007ff9fbde0000 - 0x00007ff9fbe06000 	C:\WINDOWS\System32\GDI32.dll
0x00007ff9faf60000 - 0x00007ff9fb0f4000 	C:\WINDOWS\System32\gdi32full.dll
0x00007ff9fb9b0000 - 0x00007ff9fba4e000 	C:\WINDOWS\System32\msvcp_win.dll
0x00007ff9e7180000 - 0x00007ff9e7405000 	C:\WINDOWS\WinSxS\amd64_microsoft.windows.common-controls_6595b64144ccf1df_6.0.18362.720_none_e6beb5c51314836b\COMCTL32.dll
0x00007ff9fc3a0000 - 0x00007ff9fc6d6000 	C:\WINDOWS\System32\combase.dll
0x00007ff9fad30000 - 0x00007ff9fadb0000 	C:\WINDOWS\System32\bcryptPrimitives.dll
0x00007ff9f18a0000 - 0x00007ff9f18aa000 	C:\WINDOWS\SYSTEM32\VERSION.dll
0x00007ff9fcdb0000 - 0x00007ff9fcdde000 	C:\WINDOWS\System32\IMM32.DLL
0x00007ff9f3c10000 - 0x00007ff9f3c1c000 	E:\jdk\bin\vcruntime140_1.dll
0x00007ff9d5500000 - 0x00007ff9d5591000 	E:\jdk\bin\msvcp140.dll
0x00007ff9b54d0000 - 0x00007ff9b602c000 	E:\jdk\bin\server\jvm.dll
0x00007ff9fc7f0000 - 0x00007ff9fc7f8000 	C:\WINDOWS\System32\PSAPI.DLL
0x00007ff9e0920000 - 0x00007ff9e0929000 	C:\WINDOWS\SYSTEM32\WSOCK32.dll
0x00007ff9fd8f0000 - 0x00007ff9fd95f000 	C:\WINDOWS\System32\WS2_32.dll
0x00007ff9f8320000 - 0x00007ff9f8344000 	C:\WINDOWS\SYSTEM32\WINMM.dll
0x00007ff9f7ea0000 - 0x00007ff9f7ecd000 	C:\WINDOWS\SYSTEM32\winmmbase.dll
0x00007ff9faf10000 - 0x00007ff9faf5a000 	C:\WINDOWS\System32\cfgmgr32.dll
0x00007ff9fa910000 - 0x00007ff9fa921000 	C:\WINDOWS\System32\kernel.appcore.dll
0x00007ff9f3a30000 - 0x00007ff9f3a3a000 	E:\jdk\bin\jimage.dll
0x00007ff9f9180000 - 0x00007ff9f9374000 	C:\WINDOWS\SYSTEM32\DBGHELP.DLL
0x00007ff9ded00000 - 0x00007ff9ded2a000 	C:\WINDOWS\SYSTEM32\dbgcore.DLL
0x00007ff9f2f90000 - 0x00007ff9f2f9e000 	E:\jdk\bin\instrument.dll
0x00007ff9f1bc0000 - 0x00007ff9f1be5000 	E:\jdk\bin\java.dll
0x00007ff9fcfa0000 - 0x00007ff9fd685000 	C:\WINDOWS\System32\SHELL32.dll
0x00007ff9fd840000 - 0x00007ff9fd8e9000 	C:\WINDOWS\System32\shcore.dll
0x00007ff9fb130000 - 0x00007ff9fb8b0000 	C:\WINDOWS\System32\windows.storage.dll
0x00007ff9fa890000 - 0x00007ff9fa8b3000 	C:\WINDOWS\System32\profapi.dll
0x00007ff9fa8c0000 - 0x00007ff9fa90a000 	C:\WINDOWS\System32\powrprof.dll
0x00007ff9fa860000 - 0x00007ff9fa870000 	C:\WINDOWS\System32\UMPDC.dll
0x00007ff9fbbe0000 - 0x00007ff9fbc32000 	C:\WINDOWS\System32\shlwapi.dll
0x00007ff9fae40000 - 0x00007ff9fae57000 	C:\WINDOWS\System32\cryptsp.dll
0x00007ff9ee1b0000 - 0x00007ff9ee1c8000 	E:\jdk\bin\zip.dll
0x00007ff9f1630000 - 0x00007ff9f1649000 	E:\jdk\bin\net.dll
0x00007ff9edc20000 - 0x00007ff9edd11000 	C:\WINDOWS\SYSTEM32\WINHTTP.dll
0x00007ff9fa0d0000 - 0x00007ff9fa137000 	C:\WINDOWS\system32\mswsock.dll
0x00007ff9ee1d0000 - 0x00007ff9ee1e2000 	E:\jdk\bin\nio.dll
0x00007ff9f2f70000 - 0x00007ff9f2f8a000 	D:\IDEA\IntelliJ IDEA 2020.3.1\bin\breakgen64.dll
0x00007ff9f9e20000 - 0x00007ff9f9eea000 	C:\WINDOWS\SYSTEM32\DNSAPI.dll
0x00007ff9fc930000 - 0x00007ff9fc938000 	C:\WINDOWS\System32\NSI.dll
0x00007ff9f9de0000 - 0x00007ff9f9e1a000 	C:\WINDOWS\SYSTEM32\IPHLPAPI.DLL
0x00007ff9e09c0000 - 0x00007ff9e09d6000 	C:\WINDOWS\system32\wlidnsp.dll
0x00007ff9e76e0000 - 0x00007ff9e76ea000 	C:\Windows\System32\rasadhlp.dll
0x00007ff9f53d0000 - 0x00007ff9f5447000 	C:\WINDOWS\System32\fwpuclnt.dll
0x00007ff9fae10000 - 0x00007ff9fae36000 	C:\WINDOWS\System32\bcrypt.dll
0x00007ff9f3f90000 - 0x00007ff9f3f99000 	E:\jdk\bin\management.dll
0x00007ff9f3f80000 - 0x00007ff9f3f8b000 	E:\jdk\bin\management_ext.dll
0x00007ff9f9c40000 - 0x00007ff9f9c73000 	C:\WINDOWS\system32\rsaenh.dll
0x00007ff9fa780000 - 0x00007ff9fa7a5000 	C:\WINDOWS\SYSTEM32\USERENV.dll
0x00007ff9fa2a0000 - 0x00007ff9fa2ac000 	C:\WINDOWS\SYSTEM32\CRYPTBASE.dll
0x00007ff9f8da0000 - 0x00007ff9f8db6000 	C:\WINDOWS\SYSTEM32\dhcpcsvc6.DLL
0x00007ff9f8d80000 - 0x00007ff9f8d9c000 	C:\WINDOWS\SYSTEM32\dhcpcsvc.DLL
0x00007ff9d73b0000 - 0x00007ff9d73c6000 	C:\WINDOWS\system32\napinsp.dll
0x00007ff9d7390000 - 0x00007ff9d73aa000 	C:\WINDOWS\system32\pnrpnsp.dll
0x00007ff9dba60000 - 0x00007ff9dba6e000 	C:\WINDOWS\System32\winrnr.dll
0x00007ff9f6ad0000 - 0x00007ff9f6aec000 	C:\WINDOWS\system32\NLAapi.dll
0x00007ff9f4c20000 - 0x00007ff9f4c35000 	C:\WINDOWS\system32\wshbth.dll
0x0000000180000000 - 0x0000000180285000 	E:\tomcat\bin\tcnative-1.dll
0x00007ff9fa930000 - 0x00007ff9faa79000 	C:\WINDOWS\System32\CRYPT32.dll
0x00007ff9fa870000 - 0x00007ff9fa882000 	C:\WINDOWS\System32\MSASN1.dll

dbghelp: loaded successfully - version: 4.0.5 - missing functions: none
symbol engine: initialized successfully - sym options: 0x614 - pdb path: .;E:\jdk\bin;C:\WINDOWS\SYSTEM32;C:\WINDOWS\WinSxS\amd64_microsoft.windows.common-controls_6595b64144ccf1df_6.0.18362.720_none_e6beb5c51314836b;E:\jdk\bin\server;D:\IDEA\IntelliJ IDEA 2020.3.1\bin;E:\tomcat\bin

VM Arguments:
jvm_args: -XX:TieredStopAtLevel=1 -Xverify:none -Dspring.output.ansi.enabled=always -javaagent:D:\IDEA\IntelliJ IDEA 2020.3.1\lib\idea_rt.jar=10728:D:\IDEA\IntelliJ IDEA 2020.3.1\bin -Dcom.sun.management.jmxremote -Dspring.jmx.enabled=true -Dspring.liveBeansView.mbeanDomain -Dspring.application.admin.enabled=true -Dfile.encoding=UTF-8 
java_command: com.github.springcloud.OrderMain80
java_class_path (initial): D:\code\java\SpringCloud\cloud-consumer-order80\target\classes;E:\Maven\mavenFactory\org\springframework\cloud\spring-cloud-starter-netflix-eureka-client\3.0.2\spring-cloud-starter-netflix-eureka-client-3.0.2.jar;E:\Maven\mavenFactory\org\springframework\cloud\spring-cloud-starter\3.0.2\spring-cloud-starter-3.0.2.jar;E:\Maven\mavenFactory\org\springframework\cloud\spring-cloud-context\3.0.2\spring-cloud-context-3.0.2.jar;E:\Maven\mavenFactory\org\springframework\security\spring-security-crypto\5.4.5\spring-security-crypto-5.4.5.jar;E:\Maven\mavenFactory\org\springframework\cloud\spring-cloud-commons\3.0.2\spring-cloud-commons-3.0.2.jar;E:\Maven\mavenFactory\org\springframework\security\spring-security-rsa\1.0.9.RELEASE\spring-security-rsa-1.0.9.RELEASE.jar;E:\Maven\mavenFactory\org\bouncycastle\bcpkix-jdk15on\1.64\bcpkix-jdk15on-1.64.jar;E:\Maven\mavenFactory\org\bouncycastle\bcprov-jdk15on\1.64\bcprov-jdk15on-1.64.jar;E:\Maven\mavenFactory\org\springframework\cloud\spring-cloud-netflix-eureka-client\3.0.2\spring-cloud-netflix-eureka-client-3.0.2.jar;E:\Maven\mavenFactory\com\netflix\eureka\eureka-client\1.10.11\eureka-client-1.10.11.jar;E:\Maven\mavenFactory\com\netflix\netflix-commons\netflix-eventbus\0.3.0\netflix-eventbus-0.3.0.jar;E:\Maven\mavenFactory\com\netflix\netflix-commons\netflix-infix\0.3.0\netflix-infix-0.3.0.jar;E:\Maven\mavenFactory\commons-jxpath\commons-jxpath\1.3\commons-jxpath-1.3.jar;E:\Maven\mavenFactory\joda-time\joda-time\2.3\joda-time-2.3.jar;E:\Maven\mavenFactory\org\antlr\antlr-runtime\3.4\antlr-runtime-3.4.jar;E:\Maven\mavenFactory\org\antlr\stringtemplate\3.2.1\stringtemplate-3.2.1.jar;E:\Maven\mavenFactory\antlr\antlr\2.7.7\antlr-2.7.7.jar;E:\Maven\mavenFactory\com\google\code\gson\gson\2.8.6\gson-2.8.6.jar;E:\Maven\mavenFactory\org\apache\commons\commons-math\2.2\commons-math-2.2.jar;E:\Maven\mavenFactory\com\thoughtworks\xstream\xstream\1.4.14\xstream-1.4.14.jar;E:\Maven\mavenFactory\xmlpull\xmlpull\1.1.3
Launcher Type: SUN_STANDARD

[Global flags]
     intx CICompilerCount                          = 3                                         {product} {ergonomic}
     uint ConcGCThreads                            = 1                                         {product} {ergonomic}
     uint G1ConcRefinementThreads                  = 4                                         {product} {ergonomic}
   size_t G1HeapRegionSize                         = 2097152                                   {product} {ergonomic}
    uintx GCDrainStackTargetSize                   = 64                                        {product} {ergonomic}
   size_t InitialHeapSize                          = 234881024                                 {product} {ergonomic}
     bool ManagementServer                         = true                                      {product} {command line}
   size_t MarkStackSize                            = 4194304                                   {product} {ergonomic}
   size_t MaxHeapSize                              = 3732930560                                {product} {ergonomic}
   size_t MaxNewSize                               = 2239758336                                {product} {ergonomic}
   size_t MinHeapDeltaBytes                        = 2097152                                   {product} {ergonomic}
   size_t MinHeapSize                              = 8388608                                   {product} {ergonomic}
    uintx NonNMethodCodeHeapSize                   = 6973028                                {pd product} {ergonomic}
    uintx NonProfiledCodeHeapSize                  = 244685212                              {pd product} {ergonomic}
    uintx ProfiledCodeHeapSize                     = 0                                      {pd product} {ergonomic}
    uintx ReservedCodeCacheSize                    = 251658240                              {pd product} {ergonomic}
     bool SegmentedCodeCache                       = true                                      {product} {ergonomic}
   size_t SoftMaxHeapSize                          = 3732930560                             {manageable} {ergonomic}
     intx TieredStopAtLevel                        = 1                                         {product} {command line}
     bool UseCompressedClassPointers               = true                                 {lp64_product} {ergonomic}
     bool UseCompressedOops                        = true                                 {lp64_product} {ergonomic}
     bool UseG1GC                                  = true                                      {product} {ergonomic}
     bool UseLargePagesIndividualAllocation        = false                                  {pd product} {ergonomic}

Logging:
Log output configuration:
 #0: stdout all=warning uptime,level,tags
 #1: stderr all=off uptime,level,tags

Environment Variables:
JAVA_HOME=E:\jdk16
PATH=D:\Linux\bin\;C:\Program Files\Common Files\Oracle\Java\javapath;C:\Program Files (x86)\Razer Chroma SDK\bin;C:\Program Files\Razer Chroma SDK\bin;C:\Program Files (x86)\Razer\ChromaBroadcast\bin;C:\Program Files\Razer\ChromaBroadcast\bin;C:\Program Files (x86)\Intel\iCLS Client\;C:\Program Files\Intel\iCLS Client\;C:\WINDOWS\system32;C:\WINDOWS;C:\WINDOWS\System32\Wbem;C:\WINDOWS\System32\WindowsPowerShell\v1.0\;C:\Program Files (x86)\NVIDIA Corporation\PhysX\Common;G:\qudong\DAL;C:\Program Files\Intel\Intel(R) Management Engine Components\DAL;G:\qudong\IPT;C:\Program Files\Intel\Intel(R) Management Engine Components\IPT;C:\WINDOWS\system32;C:\WINDOWS;C:\WINDOWS\System32\Wbem;C:\WINDOWS\System32\WindowsPowerShell\v1.0\;C:\WINDOWS\System32\OpenSSH\;C:\Program Files (x86)\Wolfram Research\WolframScript\;C:\Program Files\NVIDIA Corporation\NVIDIA NvDLISR;C:\Program Files\dotnet\;E:\matlab\bin;C:\Users\10660\AppData\Local\Microsoft\WindowsApps;C:\Users\10660\.dotnet\tools;C:\Program Files\Wolfram Research\WolframScript\;F:\texlive\2020\bin\win32;F:\mysql\bin;E:\Maven\apache-maven-3.6.3\bin;G:\Git\cmd;"E:\tomcat\lib;E:\tomcat\bin";E:\tomcat\bin;E:\tomcat\lib;C:\ProgramData\chocolatey\bin;E:\xshell\;E:\Xftp 7\;E:\RabbitMQ\erl-23.2\bin;E:\RabbitMQ\RabbitMQ Server\rabbitmq_server-3.8.14\sbin;E:\jdk16\bin;E:\Consul;C:\Users\10660\scoop\shims;E:\python\Scripts\;E:\python\;C:\Users\10660\AppData\Local\Microsoft\WindowsApps;F:\vscode\bin;F:\mingw64\bin;E:\Bandizip\
USERNAME=10660
OS=Windows_NT
PROCESSOR_IDENTIFIER=Intel64 Family 6 Model 158 Stepping 9, GenuineIntel



---------------  S Y S T E M  ---------------

OS:
 Windows 10 , 64 bit Build 18362 (10.0.18362.329)
OS uptime: 0 days 4:55 hours

CPU: total 4 (initial active 4) (4 cores per cpu, 1 threads per core) family 6 model 158 stepping 9, cmov, cx8, fxsr, mmx, sse, sse2, sse3, ssse3, sse4.1, sse4.2, popcnt, vzeroupper, avx, avx2, aes, clmul, erms, 3dnowpref, lzcnt, tsc, tscinvbit, bmi1, bmi2, adx, fma, clflush, clflushopt

Memory: 4k page, system-wide physical 14238M (2620M free)
TotalPageFile size 14238M (AvailPageFile size 164M)
current process WorkingSet (physical memory assigned to process): 376M, peak: 376M
current process commit charge ("private bytes"): 427M, peak: 681M

vm_info: Java HotSpot(TM) 64-Bit Server VM (15+36-1562) for windows-amd64 JRE (15+36-1562), built on Aug 11 2020 22:38:02 by "mach5one" with unknown MS VC++:1925

END.
