#
# There is insufficient memory for the Java Runtime Environment to continue.
# Native memory allocation (malloc) failed to allocate 32768 bytes for Chunk::new
# Possible reasons:
#   The system is out of physical RAM or swap space
#   The process is running with CompressedOops enabled, and the Java Heap may be blocking the growth of the native heap
# Possible solutions:
#   Reduce memory load on the system
#   Increase physical memory or swap space
#   Check if swap backing store is full
#   Decrease Java heap size (-Xmx/-Xms)
#   Decrease number of Java threads
#   Decrease Java thread stack sizes (-Xss)
#   Set larger code cache with -XX:ReservedCodeCacheSize=
#   JVM is running with Zero Based Compressed Oops mode in which the Java heap is
#     placed in the first 32GB address space. The Java Heap base address is the
#     maximum limit for the native heap growth. Please use -XX:HeapBaseMinAddress
#     to set the Java Heap base and to place the Java Heap above 32GB virtual address.
# This output file may be truncated or incomplete.
#
#  Out of Memory Error (./open/src/hotspot/share/memory/arena.cpp:195), pid=5780, tid=9788
#
# JRE version: Java(TM) SE Runtime Environment (15.0+36) (build 15+36-1562)
# Java VM: Java HotSpot(TM) 64-Bit Server VM (15+36-1562, mixed mode, sharing, tiered, compressed oops, g1 gc, windows-amd64)
# No core dump will be written. Minidumps are not enabled by default on client versions of Windows
#

---------------  S U M M A R Y ------------

Command Line: -XX:TieredStopAtLevel=1 -Xverify:none -Dspring.output.ansi.enabled=always -javaagent:D:\IDEA\IntelliJ IDEA 2020.3.1\lib\idea_rt.jar=12321:D:\IDEA\IntelliJ IDEA 2020.3.1\bin -Dcom.sun.management.jmxremote -Dspring.jmx.enabled=true -Dspring.liveBeansView.mbeanDomain -Dspring.application.admin.enabled=true -Dfile.encoding=UTF-8 com.github.springcloud.PaymentMain8001

Host: Intel(R) Core(TM) i5-7300HQ CPU @ 2.50GHz, 4 cores, 13G,  Windows 10 , 64 bit Build 18362 (10.0.18362.329)
Time: Wed Mar 24 04:01:42 2021 ????¡À¨º¡Á?¨º¡À?? elapsed time: 3.506284 seconds (0d 0h 0m 3s)

---------------  T H R E A D  ---------------

Current thread (0x000001fe7a729c30):  JavaThread "background-preinit" [_thread_in_vm, id=9788, stack(0x00000098f0000000,0x00000098f0100000)]

Stack: [0x00000098f0000000,0x00000098f0100000]
Native frames: (J=compiled Java code, j=interpreted, Vv=VM code, C=native code)
V  [jvm.dll+0x629eaa]
V  [jvm.dll+0x780379]
V  [jvm.dll+0x781ad3]
V  [jvm.dll+0x782133]
V  [jvm.dll+0x2159d5]
V  [jvm.dll+0x9794a]
V  [jvm.dll+0x9802c]
V  [jvm.dll+0x1c5f0f]
V  [jvm.dll+0x1c4d10]
V  [jvm.dll+0x705133]
V  [jvm.dll+0x706af8]
V  [jvm.dll+0x3dfc54]
C  [java.dll+0x19e9]

Java frames: (J=compiled Java code, j=interpreted, Vv=VM code)
J 1146  java.lang.ClassLoader.findBootstrapClass(Ljava/lang/String;)Ljava/lang/Class; java.base@15 (0 bytes) @ 0x000001fe5fa0561f [0x000001fe5fa055c0+0x000000000000005f]
J 1143 c1 jdk.internal.loader.ClassLoaders$BootClassLoader.loadClassOrNull(Ljava/lang/String;Z)Ljava/lang/Class; java.base@15 (11 bytes) @ 0x000001fe5fa05b34 [0x000001fe5fa05ac0+0x0000000000000074]
J 1156 c1 jdk.internal.loader.BuiltinClassLoader.loadClassOrNull(Ljava/lang/String;Z)Ljava/lang/Class; java.base@15 (143 bytes) @ 0x000001fe5fa0a2b4 [0x000001fe5fa09f00+0x00000000000003b4]
J 1176 c1 jdk.internal.loader.ClassLoaders$AppClassLoader.loadClass(Ljava/lang/String;Z)Ljava/lang/Class; java.base@15 (40 bytes) @ 0x000001fe5fa13e4c [0x000001fe5fa13d00+0x000000000000014c]
J 1163 c1 java.lang.ClassLoader.loadClass(Ljava/lang/String;)Ljava/lang/Class; java.base@15 (7 bytes) @ 0x000001fe5fa0f6e4 [0x000001fe5fa0f6a0+0x0000000000000044]
v  ~StubRoutines::call_stub
J 952  java.lang.Class.forName0(Ljava/lang/String;ZLjava/lang/ClassLoader;Ljava/lang/Class;)Ljava/lang/Class; java.base@15 (0 bytes) @ 0x000001fe5f9ac957 [0x000001fe5f9ac8c0+0x0000000000000097]
J 1259 c1 java.lang.Class.forName(Ljava/lang/String;ZLjava/lang/ClassLoader;)Ljava/lang/Class; java.base@15 (47 bytes) @ 0x000001fe5fa3a33c [0x000001fe5fa3a240+0x00000000000000fc]
j  org.springframework.boot.devtools.restart.classloader.RestartClassLoader.loadClass(Ljava/lang/String;Z)Ljava/lang/Class;+90
J 1163 c1 java.lang.ClassLoader.loadClass(Ljava/lang/String;)Ljava/lang/Class; java.base@15 (7 bytes) @ 0x000001fe5fa0f6e4 [0x000001fe5fa0f6a0+0x0000000000000044]
v  ~StubRoutines::call_stub
J 952  java.lang.Class.forName0(Ljava/lang/String;ZLjava/lang/ClassLoader;Ljava/lang/Class;)Ljava/lang/Class; java.base@15 (0 bytes) @ 0x000001fe5f9ac957 [0x000001fe5f9ac8c0+0x0000000000000097]
J 1259 c1 java.lang.Class.forName(Ljava/lang/String;ZLjava/lang/ClassLoader;)Ljava/lang/Class; java.base@15 (47 bytes) @ 0x000001fe5fa3a33c [0x000001fe5fa3a240+0x00000000000000fc]
j  javax.xml.transform.FactoryFinder.getProviderClass(Ljava/lang/String;Ljava/lang/ClassLoader;ZZ)Ljava/lang/Class;+38 java.xml@15
j  javax.xml.transform.FactoryFinder.newInstance(Ljava/lang/Class;Ljava/lang/String;Ljava/lang/ClassLoader;Z)Ljava/lang/Object;+50 java.xml@15
j  javax.xml.transform.FactoryFinder.find(Ljava/lang/Class;Ljava/lang/String;)Ljava/lang/Object;+250 java.xml@15
j  javax.xml.transform.TransformerFactory.newInstance()Ljavax/xml/transform/TransformerFactory;+4 java.xml@15
j  org.springframework.http.converter.xml.SourceHttpMessageConverter.<init>()V+35
j  org.springframework.http.converter.support.AllEncompassingFormHttpMessageConverter.<init>()V+15
j  org.springframework.boot.autoconfigure.BackgroundPreinitializer$MessageConverterInitializer.run()V+4
j  org.springframework.boot.autoconfigure.BackgroundPreinitializer$1.runSafely(Ljava/lang/Runnable;)V+1
j  org.springframework.boot.autoconfigure.BackgroundPreinitializer$1.run()V+33
j  java.lang.Thread.run()V+11 java.base@15
v  ~StubRoutines::call_stub

---------------  P R O C E S S  ---------------

Threads class SMR info:
_java_thread_list=0x000001fe7a952b20, length=18, elements={
0x000001fe56fb22d0, 0x000001fe78b0d700, 0x000001fe78b0e1e0, 0x000001fe79338770,
0x000001fe79339030, 0x000001fe793399f0, 0x000001fe7933c2c0, 0x000001fe79369b10,
0x000001fe5705af80, 0x000001fe79c3f8d0, 0x000001fe79c44980, 0x000001fe79d2d2b0,
0x000001fe7a565d90, 0x000001fe7a5666e0, 0x000001fe7a690430, 0x000001fe7a6a1ed0,
0x000001fe7a563370, 0x000001fe7a729c30
}

Java Threads: ( => current thread )
  0x000001fe56fb22d0 JavaThread "main" [_thread_blocked, id=12648, stack(0x00000098ee500000,0x00000098ee600000)]
  0x000001fe78b0d700 JavaThread "Reference Handler" daemon [_thread_blocked, id=3864, stack(0x00000098eec00000,0x00000098eed00000)]
  0x000001fe78b0e1e0 JavaThread "Finalizer" daemon [_thread_blocked, id=4620, stack(0x00000098eed00000,0x00000098eee00000)]
  0x000001fe79338770 JavaThread "Signal Dispatcher" daemon [_thread_blocked, id=8748, stack(0x00000098eee00000,0x00000098eef00000)]
  0x000001fe79339030 JavaThread "Attach Listener" daemon [_thread_blocked, id=3460, stack(0x00000098eef00000,0x00000098ef000000)]
  0x000001fe793399f0 JavaThread "Service Thread" daemon [_thread_blocked, id=1840, stack(0x00000098ef000000,0x00000098ef100000)]
  0x000001fe7933c2c0 JavaThread "C1 CompilerThread0" daemon [_thread_blocked, id=7952, stack(0x00000098ef100000,0x00000098ef200000)]
  0x000001fe79369b10 JavaThread "Sweeper thread" daemon [_thread_blocked, id=9140, stack(0x00000098ef200000,0x00000098ef300000)]
  0x000001fe5705af80 JavaThread "Common-Cleaner" daemon [_thread_blocked, id=13416, stack(0x00000098ef300000,0x00000098ef400000)]
  0x000001fe79c3f8d0 JavaThread "Monitor Ctrl-Break" daemon [_thread_in_native, id=1860, stack(0x00000098ef700000,0x00000098ef800000)]
  0x000001fe79c44980 JavaThread "Notification Thread" daemon [_thread_blocked, id=18176, stack(0x00000098ef800000,0x00000098ef900000)]
  0x000001fe79d2d2b0 JavaThread "RMI TCP Accept-0" daemon [_thread_in_native, id=16936, stack(0x00000098ef900000,0x00000098efa00000)]
  0x000001fe7a565d90 JavaThread "Thread-0" [_thread_blocked, id=15408, stack(0x00000098efb00000,0x00000098efc00000)]
  0x000001fe7a5666e0 JavaThread "restartedMain" [_thread_blocked, id=16720, stack(0x00000098efc00000,0x00000098efd00000)]
  0x000001fe7a690430 JavaThread "RMI TCP Connection(1)-192.168.0.11" daemon [_thread_in_native, id=17940, stack(0x00000098efd00000,0x00000098efe00000)]
  0x000001fe7a6a1ed0 JavaThread "RMI Scheduler(0)" daemon [_thread_blocked, id=17888, stack(0x00000098efe00000,0x00000098eff00000)]
  0x000001fe7a563370 JavaThread "spring.cloud.inetutils" daemon [_thread_in_native, id=17424, stack(0x00000098eff00000,0x00000098f0000000)]
=>0x000001fe7a729c30 JavaThread "background-preinit" [_thread_in_vm, id=9788, stack(0x00000098f0000000,0x00000098f0100000)]

Other Threads:
  0x000001fe78b0b030 VMThread "VM Thread" [stack: 0x00000098eeb00000,0x00000098eec00000] [id=5788]
  0x000001fe56fb2f50 WatcherThread [stack: 0x00000098efa00000,0x00000098efb00000] [id=11500]
  0x000001fe56ffd990 GCTaskThread "GC Thread#0" [stack: 0x00000098ee600000,0x00000098ee700000] [id=13564]
  0x000001fe79515410 GCTaskThread "GC Thread#1" [stack: 0x00000098ef400000,0x00000098ef500000] [id=6180]
  0x000001fe7995be30 GCTaskThread "GC Thread#2" [stack: 0x00000098ef500000,0x00000098ef600000] [id=6920]
  0x000001fe7995c160 GCTaskThread "GC Thread#3" [stack: 0x00000098ef600000,0x00000098ef700000] [id=4264]
  0x000001fe5700d7b0 ConcurrentGCThread "G1 Main Marker" [stack: 0x00000098ee700000,0x00000098ee800000] [id=6748]
  0x000001fe5700e0e0 ConcurrentGCThread "G1 Conc#0" [stack: 0x00000098ee800000,0x00000098ee900000] [id=19328]
  0x000001fe789924c0 ConcurrentGCThread "G1 Refine#0" [stack: 0x00000098ee900000,0x00000098eea00000] [id=4828]
  0x000001fe5704ffe0 ConcurrentGCThread "G1 Young RemSet Sampling" [stack: 0x00000098eea00000,0x00000098eeb00000] [id=15452]

Threads with active compile tasks:

VM state: not at safepoint (normal execution)

VM Mutex/Monitor currently owned by a thread: None

OutOfMemory and StackOverflow Exception counts:
OutOfMemoryError java_heap_errors=2
LinkageErrors=50

Heap address: 0x0000000721800000, size: 3560 MB, Compressed Oops mode: Zero based, Oop shift amount: 3
CDS archive(s) mapped at: [0x0000000800000000-0x0000000800b50000-0x0000000800b50000), size 11862016, SharedBaseAddress: 0x0000000800000000, ArchiveRelocationMode: 0.
Compressed class space mapped at: 0x0000000800b50000-0x0000000840b50000, size: 1073741824
Narrow klass base: 0x0000000800000000, Narrow klass shift: 3, Narrow klass range: 0x100000000

GC Precious Log:
 CPUs: 4 total, 4 available
 Memory: 14238M
 Large Page Support: Disabled
 NUMA Support: Disabled
 Compressed Oops: Enabled (Zero based)
 Heap Region Size: 2M
 Heap Min Capacity: 8M
 Heap Initial Capacity: 224M
 Heap Max Capacity: 3560M
 Pre-touch: Disabled
 Parallel Workers: 4
 Concurrent Workers: 1
 Concurrent Refinement Workers: 4
 Periodic GC: Disabled

Heap:
 garbage-first heap   total 229376K, used 27356K [0x0000000721800000, 0x0000000800000000)
  region size 2048K, 11 young (22528K), 3 survivors (6144K)
 Metaspace       used 17499K, capacity 17822K, committed 17920K, reserved 1073152K
  class space    used 2396K, capacity 2517K, committed 2560K, reserved 1048576K

Heap Regions: E=young(eden), S=young(survivor), O=old, HS=humongous(starts), HC=humongous(continues), CS=collection set, F=free, OA=open archive, CA=closed archive, TAMS=top-at-mark-start (previous, next)
|   0|0x0000000721800000, 0x0000000721a00000, 0x0000000721a00000|100%| O|  |TAMS 0x0000000721800000, 0x0000000721800000| Untracked 
|   1|0x0000000721a00000, 0x0000000721c00000, 0x0000000721c00000|100%| O|  |TAMS 0x0000000721a00000, 0x0000000721a00000| Untracked 
|   2|0x0000000721c00000, 0x0000000721e00000, 0x0000000721e00000|100%| O|  |TAMS 0x0000000721c00000, 0x0000000721c00000| Untracked 
|   3|0x0000000721e00000, 0x0000000721f08400, 0x0000000722000000| 51%| O|  |TAMS 0x0000000721e00000, 0x0000000721e00000| Untracked 
|   4|0x0000000722000000, 0x0000000722000000, 0x0000000722200000|  0%| F|  |TAMS 0x0000000722000000, 0x0000000722000000| Untracked 
|   5|0x0000000722200000, 0x0000000722200000, 0x0000000722400000|  0%| F|  |TAMS 0x0000000722200000, 0x0000000722200000| Untracked 
|   6|0x0000000722400000, 0x0000000722400000, 0x0000000722600000|  0%| F|  |TAMS 0x0000000722400000, 0x0000000722400000| Untracked 
|   7|0x0000000722600000, 0x0000000722600000, 0x0000000722800000|  0%| F|  |TAMS 0x0000000722600000, 0x0000000722600000| Untracked 
|   8|0x0000000722800000, 0x0000000722800000, 0x0000000722a00000|  0%| F|  |TAMS 0x0000000722800000, 0x0000000722800000| Untracked 
|   9|0x0000000722a00000, 0x0000000722a00000, 0x0000000722c00000|  0%| F|  |TAMS 0x0000000722a00000, 0x0000000722a00000| Untracked 
|  10|0x0000000722c00000, 0x0000000722c00000, 0x0000000722e00000|  0%| F|  |TAMS 0x0000000722c00000, 0x0000000722c00000| Untracked 
|  11|0x0000000722e00000, 0x0000000722e00000, 0x0000000723000000|  0%| F|  |TAMS 0x0000000722e00000, 0x0000000722e00000| Untracked 
|  12|0x0000000723000000, 0x0000000723000000, 0x0000000723200000|  0%| F|  |TAMS 0x0000000723000000, 0x0000000723000000| Untracked 
|  13|0x0000000723200000, 0x0000000723200000, 0x0000000723400000|  0%| F|  |TAMS 0x0000000723200000, 0x0000000723200000| Untracked 
|  14|0x0000000723400000, 0x0000000723400000, 0x0000000723600000|  0%| F|  |TAMS 0x0000000723400000, 0x0000000723400000| Untracked 
|  15|0x0000000723600000, 0x0000000723600000, 0x0000000723800000|  0%| F|  |TAMS 0x0000000723600000, 0x0000000723600000| Untracked 
|  16|0x0000000723800000, 0x0000000723800000, 0x0000000723a00000|  0%| F|  |TAMS 0x0000000723800000, 0x0000000723800000| Untracked 
|  17|0x0000000723a00000, 0x0000000723a00000, 0x0000000723c00000|  0%| F|  |TAMS 0x0000000723a00000, 0x0000000723a00000| Untracked 
|  18|0x0000000723c00000, 0x0000000723c00000, 0x0000000723e00000|  0%| F|  |TAMS 0x0000000723c00000, 0x0000000723c00000| Untracked 
|  19|0x0000000723e00000, 0x0000000723e00000, 0x0000000724000000|  0%| F|  |TAMS 0x0000000723e00000, 0x0000000723e00000| Untracked 
|  20|0x0000000724000000, 0x0000000724000000, 0x0000000724200000|  0%| F|  |TAMS 0x0000000724000000, 0x0000000724000000| Untracked 
|  21|0x0000000724200000, 0x0000000724200000, 0x0000000724400000|  0%| F|  |TAMS 0x0000000724200000, 0x0000000724200000| Untracked 
|  22|0x0000000724400000, 0x0000000724400000, 0x0000000724600000|  0%| F|  |TAMS 0x0000000724400000, 0x0000000724400000| Untracked 
|  23|0x0000000724600000, 0x0000000724600000, 0x0000000724800000|  0%| F|  |TAMS 0x0000000724600000, 0x0000000724600000| Untracked 
|  24|0x0000000724800000, 0x0000000724800000, 0x0000000724a00000|  0%| F|  |TAMS 0x0000000724800000, 0x0000000724800000| Untracked 
|  25|0x0000000724a00000, 0x0000000724a00000, 0x0000000724c00000|  0%| F|  |TAMS 0x0000000724a00000, 0x0000000724a00000| Untracked 
|  26|0x0000000724c00000, 0x0000000724c00000, 0x0000000724e00000|  0%| F|  |TAMS 0x0000000724c00000, 0x0000000724c00000| Untracked 
|  27|0x0000000724e00000, 0x0000000724e00000, 0x0000000725000000|  0%| F|  |TAMS 0x0000000724e00000, 0x0000000724e00000| Untracked 
|  28|0x0000000725000000, 0x0000000725000000, 0x0000000725200000|  0%| F|  |TAMS 0x0000000725000000, 0x0000000725000000| Untracked 
|  29|0x0000000725200000, 0x0000000725200000, 0x0000000725400000|  0%| F|  |TAMS 0x0000000725200000, 0x0000000725200000| Untracked 
|  30|0x0000000725400000, 0x0000000725400000, 0x0000000725600000|  0%| F|  |TAMS 0x0000000725400000, 0x0000000725400000| Untracked 
|  31|0x0000000725600000, 0x0000000725600000, 0x0000000725800000|  0%| F|  |TAMS 0x0000000725600000, 0x0000000725600000| Untracked 
|  32|0x0000000725800000, 0x0000000725800000, 0x0000000725a00000|  0%| F|  |TAMS 0x0000000725800000, 0x0000000725800000| Untracked 
|  33|0x0000000725a00000, 0x0000000725a00000, 0x0000000725c00000|  0%| F|  |TAMS 0x0000000725a00000, 0x0000000725a00000| Untracked 
|  34|0x0000000725c00000, 0x0000000725c00000, 0x0000000725e00000|  0%| F|  |TAMS 0x0000000725c00000, 0x0000000725c00000| Untracked 
|  35|0x0000000725e00000, 0x0000000725e00000, 0x0000000726000000|  0%| F|  |TAMS 0x0000000725e00000, 0x0000000725e00000| Untracked 
|  36|0x0000000726000000, 0x0000000726000000, 0x0000000726200000|  0%| F|  |TAMS 0x0000000726000000, 0x0000000726000000| Untracked 
|  37|0x0000000726200000, 0x0000000726200000, 0x0000000726400000|  0%| F|  |TAMS 0x0000000726200000, 0x0000000726200000| Untracked 
|  38|0x0000000726400000, 0x0000000726400000, 0x0000000726600000|  0%| F|  |TAMS 0x0000000726400000, 0x0000000726400000| Untracked 
|  39|0x0000000726600000, 0x0000000726600000, 0x0000000726800000|  0%| F|  |TAMS 0x0000000726600000, 0x0000000726600000| Untracked 
|  40|0x0000000726800000, 0x0000000726800000, 0x0000000726a00000|  0%| F|  |TAMS 0x0000000726800000, 0x0000000726800000| Untracked 
|  41|0x0000000726a00000, 0x0000000726a00000, 0x0000000726c00000|  0%| F|  |TAMS 0x0000000726a00000, 0x0000000726a00000| Untracked 
|  42|0x0000000726c00000, 0x0000000726c00000, 0x0000000726e00000|  0%| F|  |TAMS 0x0000000726c00000, 0x0000000726c00000| Untracked 
|  43|0x0000000726e00000, 0x0000000726e00000, 0x0000000727000000|  0%| F|  |TAMS 0x0000000726e00000, 0x0000000726e00000| Untracked 
|  44|0x0000000727000000, 0x0000000727000000, 0x0000000727200000|  0%| F|  |TAMS 0x0000000727000000, 0x0000000727000000| Untracked 
|  45|0x0000000727200000, 0x0000000727200000, 0x0000000727400000|  0%| F|  |TAMS 0x0000000727200000, 0x0000000727200000| Untracked 
|  46|0x0000000727400000, 0x0000000727400000, 0x0000000727600000|  0%| F|  |TAMS 0x0000000727400000, 0x0000000727400000| Untracked 
|  47|0x0000000727600000, 0x0000000727600000, 0x0000000727800000|  0%| F|  |TAMS 0x0000000727600000, 0x0000000727600000| Untracked 
|  48|0x0000000727800000, 0x0000000727800000, 0x0000000727a00000|  0%| F|  |TAMS 0x0000000727800000, 0x0000000727800000| Untracked 
|  49|0x0000000727a00000, 0x0000000727a00000, 0x0000000727c00000|  0%| F|  |TAMS 0x0000000727a00000, 0x0000000727a00000| Untracked 
|  50|0x0000000727c00000, 0x0000000727c00000, 0x0000000727e00000|  0%| F|  |TAMS 0x0000000727c00000, 0x0000000727c00000| Untracked 
|  51|0x0000000727e00000, 0x0000000727e00000, 0x0000000728000000|  0%| F|  |TAMS 0x0000000727e00000, 0x0000000727e00000| Untracked 
|  52|0x0000000728000000, 0x0000000728000000, 0x0000000728200000|  0%| F|  |TAMS 0x0000000728000000, 0x0000000728000000| Untracked 
|  53|0x0000000728200000, 0x0000000728200000, 0x0000000728400000|  0%| F|  |TAMS 0x0000000728200000, 0x0000000728200000| Untracked 
|  54|0x0000000728400000, 0x0000000728400000, 0x0000000728600000|  0%| F|  |TAMS 0x0000000728400000, 0x0000000728400000| Untracked 
|  55|0x0000000728600000, 0x0000000728600000, 0x0000000728800000|  0%| F|  |TAMS 0x0000000728600000, 0x0000000728600000| Untracked 
|  56|0x0000000728800000, 0x0000000728800000, 0x0000000728a00000|  0%| F|  |TAMS 0x0000000728800000, 0x0000000728800000| Untracked 
|  57|0x0000000728a00000, 0x0000000728a00000, 0x0000000728c00000|  0%| F|  |TAMS 0x0000000728a00000, 0x0000000728a00000| Untracked 
|  58|0x0000000728c00000, 0x0000000728c00000, 0x0000000728e00000|  0%| F|  |TAMS 0x0000000728c00000, 0x0000000728c00000| Untracked 
|  59|0x0000000728e00000, 0x0000000728e00000, 0x0000000729000000|  0%| F|  |TAMS 0x0000000728e00000, 0x0000000728e00000| Untracked 
|  60|0x0000000729000000, 0x0000000729000000, 0x0000000729200000|  0%| F|  |TAMS 0x0000000729000000, 0x0000000729000000| Untracked 
|  61|0x0000000729200000, 0x0000000729200000, 0x0000000729400000|  0%| F|  |TAMS 0x0000000729200000, 0x0000000729200000| Untracked 
|  62|0x0000000729400000, 0x0000000729400000, 0x0000000729600000|  0%| F|  |TAMS 0x0000000729400000, 0x0000000729400000| Untracked 
|  63|0x0000000729600000, 0x0000000729600000, 0x0000000729800000|  0%| F|  |TAMS 0x0000000729600000, 0x0000000729600000| Untracked 
|  64|0x0000000729800000, 0x0000000729800000, 0x0000000729a00000|  0%| F|  |TAMS 0x0000000729800000, 0x0000000729800000| Untracked 
|  65|0x0000000729a00000, 0x0000000729a00000, 0x0000000729c00000|  0%| F|  |TAMS 0x0000000729a00000, 0x0000000729a00000| Untracked 
|  66|0x0000000729c00000, 0x0000000729c00000, 0x0000000729e00000|  0%| F|  |TAMS 0x0000000729c00000, 0x0000000729c00000| Untracked 
|  67|0x0000000729e00000, 0x0000000729e00000, 0x000000072a000000|  0%| F|  |TAMS 0x0000000729e00000, 0x0000000729e00000| Untracked 
|  68|0x000000072a000000, 0x000000072a000000, 0x000000072a200000|  0%| F|  |TAMS 0x000000072a000000, 0x000000072a000000| Untracked 
|  69|0x000000072a200000, 0x000000072a200000, 0x000000072a400000|  0%| F|  |TAMS 0x000000072a200000, 0x000000072a200000| Untracked 
|  70|0x000000072a400000, 0x000000072a400000, 0x000000072a600000|  0%| F|  |TAMS 0x000000072a400000, 0x000000072a400000| Untracked 
|  71|0x000000072a600000, 0x000000072a600000, 0x000000072a800000|  0%| F|  |TAMS 0x000000072a600000, 0x000000072a600000| Untracked 
|  72|0x000000072a800000, 0x000000072a800000, 0x000000072aa00000|  0%| F|  |TAMS 0x000000072a800000, 0x000000072a800000| Untracked 
|  73|0x000000072aa00000, 0x000000072aa00000, 0x000000072ac00000|  0%| F|  |TAMS 0x000000072aa00000, 0x000000072aa00000| Untracked 
|  74|0x000000072ac00000, 0x000000072ac00000, 0x000000072ae00000|  0%| F|  |TAMS 0x000000072ac00000, 0x000000072ac00000| Untracked 
|  75|0x000000072ae00000, 0x000000072ae00000, 0x000000072b000000|  0%| F|  |TAMS 0x000000072ae00000, 0x000000072ae00000| Untracked 
|  76|0x000000072b000000, 0x000000072b000000, 0x000000072b200000|  0%| F|  |TAMS 0x000000072b000000, 0x000000072b000000| Untracked 
|  77|0x000000072b200000, 0x000000072b200000, 0x000000072b400000|  0%| F|  |TAMS 0x000000072b200000, 0x000000072b200000| Untracked 
|  78|0x000000072b400000, 0x000000072b400000, 0x000000072b600000|  0%| F|  |TAMS 0x000000072b400000, 0x000000072b400000| Untracked 
|  79|0x000000072b600000, 0x000000072b600000, 0x000000072b800000|  0%| F|  |TAMS 0x000000072b600000, 0x000000072b600000| Untracked 
|  80|0x000000072b800000, 0x000000072b800000, 0x000000072ba00000|  0%| F|  |TAMS 0x000000072b800000, 0x000000072b800000| Untracked 
|  81|0x000000072ba00000, 0x000000072ba00000, 0x000000072bc00000|  0%| F|  |TAMS 0x000000072ba00000, 0x000000072ba00000| Untracked 
|  82|0x000000072bc00000, 0x000000072bc00000, 0x000000072be00000|  0%| F|  |TAMS 0x000000072bc00000, 0x000000072bc00000| Untracked 
|  83|0x000000072be00000, 0x000000072be00000, 0x000000072c000000|  0%| F|  |TAMS 0x000000072be00000, 0x000000072be00000| Untracked 
|  84|0x000000072c000000, 0x000000072c1aee90, 0x000000072c200000| 84%| S|CS|TAMS 0x000000072c000000, 0x000000072c000000| Complete 
|  85|0x000000072c200000, 0x000000072c400000, 0x000000072c400000|100%| S|CS|TAMS 0x000000072c200000, 0x000000072c200000| Complete 
|  86|0x000000072c400000, 0x000000072c600000, 0x000000072c600000|100%| S|CS|TAMS 0x000000072c400000, 0x000000072c400000| Complete 
|  87|0x000000072c600000, 0x000000072c600000, 0x000000072c800000|  0%| F|  |TAMS 0x000000072c600000, 0x000000072c600000| Untracked 
|  88|0x000000072c800000, 0x000000072c800000, 0x000000072ca00000|  0%| F|  |TAMS 0x000000072c800000, 0x000000072c800000| Untracked 
|  89|0x000000072ca00000, 0x000000072ca00000, 0x000000072cc00000|  0%| F|  |TAMS 0x000000072ca00000, 0x000000072ca00000| Untracked 
|  90|0x000000072cc00000, 0x000000072cc00000, 0x000000072ce00000|  0%| F|  |TAMS 0x000000072cc00000, 0x000000072cc00000| Untracked 
|  91|0x000000072ce00000, 0x000000072ce00000, 0x000000072d000000|  0%| F|  |TAMS 0x000000072ce00000, 0x000000072ce00000| Untracked 
|  92|0x000000072d000000, 0x000000072d000000, 0x000000072d200000|  0%| F|  |TAMS 0x000000072d000000, 0x000000072d000000| Untracked 
|  93|0x000000072d200000, 0x000000072d200000, 0x000000072d400000|  0%| F|  |TAMS 0x000000072d200000, 0x000000072d200000| Untracked 
|  94|0x000000072d400000, 0x000000072d400000, 0x000000072d600000|  0%| F|  |TAMS 0x000000072d400000, 0x000000072d400000| Untracked 
|  95|0x000000072d600000, 0x000000072d600000, 0x000000072d800000|  0%| F|  |TAMS 0x000000072d600000, 0x000000072d600000| Untracked 
|  96|0x000000072d800000, 0x000000072d800000, 0x000000072da00000|  0%| F|  |TAMS 0x000000072d800000, 0x000000072d800000| Untracked 
|  97|0x000000072da00000, 0x000000072da00000, 0x000000072dc00000|  0%| F|  |TAMS 0x000000072da00000, 0x000000072da00000| Untracked 
|  98|0x000000072dc00000, 0x000000072dc00000, 0x000000072de00000|  0%| F|  |TAMS 0x000000072dc00000, 0x000000072dc00000| Untracked 
|  99|0x000000072de00000, 0x000000072de00000, 0x000000072e000000|  0%| F|  |TAMS 0x000000072de00000, 0x000000072de00000| Untracked 
| 100|0x000000072e000000, 0x000000072e000000, 0x000000072e200000|  0%| F|  |TAMS 0x000000072e000000, 0x000000072e000000| Untracked 
| 101|0x000000072e200000, 0x000000072e200000, 0x000000072e400000|  0%| F|  |TAMS 0x000000072e200000, 0x000000072e200000| Untracked 
| 102|0x000000072e400000, 0x000000072e400000, 0x000000072e600000|  0%| F|  |TAMS 0x000000072e400000, 0x000000072e400000| Untracked 
| 103|0x000000072e600000, 0x000000072e600000, 0x000000072e800000|  0%| F|  |TAMS 0x000000072e600000, 0x000000072e600000| Untracked 
| 104|0x000000072e800000, 0x000000072e98dbf8, 0x000000072ea00000| 77%| E|  |TAMS 0x000000072e800000, 0x000000072e800000| Complete 
| 105|0x000000072ea00000, 0x000000072ec00000, 0x000000072ec00000|100%| E|CS|TAMS 0x000000072ea00000, 0x000000072ea00000| Complete 
| 106|0x000000072ec00000, 0x000000072ee00000, 0x000000072ee00000|100%| E|CS|TAMS 0x000000072ec00000, 0x000000072ec00000| Complete 
| 107|0x000000072ee00000, 0x000000072f000000, 0x000000072f000000|100%| E|CS|TAMS 0x000000072ee00000, 0x000000072ee00000| Complete 
| 108|0x000000072f000000, 0x000000072f200000, 0x000000072f200000|100%| E|CS|TAMS 0x000000072f000000, 0x000000072f000000| Complete 
| 109|0x000000072f200000, 0x000000072f400000, 0x000000072f400000|100%| E|CS|TAMS 0x000000072f200000, 0x000000072f200000| Complete 
| 110|0x000000072f400000, 0x000000072f600000, 0x000000072f600000|100%| E|CS|TAMS 0x000000072f400000, 0x000000072f400000| Complete 
| 111|0x000000072f600000, 0x000000072f800000, 0x000000072f800000|100%| E|CS|TAMS 0x000000072f600000, 0x000000072f600000| Complete 

Card table byte_map: [0x000001fe6e8c0000,0x000001fe6efc0000] _byte_map_base: 0x000001fe6afb4000

Marking Bits (Prev, Next): (CMBitMap*) 0x000001fe56ffdf40, (CMBitMap*) 0x000001fe56ffdf80
 Prev Bits: [0x000001fe6f6c0000, 0x000001fe72e60000)
 Next Bits: [0x000001fe72e60000, 0x000001fe76600000)

Polling page: 0x000001fe54f50000

Metaspace:

Usage:
  Non-class:     14.95 MB capacity,    14.75 MB ( 99%) used,   169.86 KB (  1%) free+waste,    32.00 KB ( <1%) overhead. 
      Class:      2.46 MB capacity,     2.34 MB ( 95%) used,   105.88 KB (  4%) free+waste,    14.44 KB ( <1%) overhead. 
       Both:     17.40 MB capacity,    17.09 MB ( 98%) used,   275.74 KB (  2%) free+waste,    46.44 KB ( <1%) overhead. 

Virtual space:
  Non-class space:       24.00 MB reserved,      15.00 MB ( 63%) committed 
      Class space:        1.00 GB reserved,       2.50 MB ( <1%) committed 
             Both:        1.02 GB reserved,      17.50 MB (  2%) committed 

Chunk freelists:
   Non-Class:  0 bytes
       Class:  11.00 KB
        Both:  11.00 KB

MaxMetaspaceSize: 17179869184.00 GB
CompressedClassSpaceSize: 1.00 GB

CodeHeap 'non-profiled nmethods': size=238912Kb used=3580Kb max_used=3580Kb free=235331Kb
 bounds [0x000001fe5f870000, 0x000001fe5fbf0000, 0x000001fe6e1c0000]
CodeHeap 'non-nmethods': size=6848Kb used=1215Kb max_used=1215Kb free=5632Kb
 bounds [0x000001fe5f1c0000, 0x000001fe5f430000, 0x000001fe5f870000]
 total_blobs=2923 nmethods=2438 adapters=412
 compilation: disabled (not enough contiguous free space left)
              stopped_count=1, restarted_count=0
 full_count=1

Compilation events (20 events):
Event: 3.496 Thread 0x000001fe7933c2c0 nmethod 2429 0x000001fe5fbeb910 code [0x000001fe5fbebb60, 0x000001fe5fbec1d8]
Event: 3.496 Thread 0x000001fe7933c2c0 2430       1       java.util.IdentityHashMap::nextKeyIndex (15 bytes)
Event: 3.496 Thread 0x000001fe7933c2c0 nmethod 2430 0x000001fe5fbec490 code [0x000001fe5fbec620, 0x000001fe5fbec6d8]
Event: 3.496 Thread 0x000001fe7933c2c0 2431       1       org.slf4j.impl.StaticLoggerBinder::getSingleton (4 bytes)
Event: 3.496 Thread 0x000001fe7933c2c0 nmethod 2431 0x000001fe5fbec790 code [0x000001fe5fbec920, 0x000001fe5fbec9d8]
Event: 3.496 Thread 0x000001fe7933c2c0 2432       1       org.slf4j.impl.StaticLoggerBinder::getLoggerFactory (45 bytes)
Event: 3.496 Thread 0x000001fe7933c2c0 nmethod 2432 0x000001fe5fbeca90 code [0x000001fe5fbecc40, 0x000001fe5fbece48]
Event: 3.496 Thread 0x000001fe7933c2c0 2433       1       ch.qos.logback.classic.selector.DefaultContextSelector::getLoggerContext (5 bytes)
Event: 3.496 Thread 0x000001fe7933c2c0 nmethod 2433 0x000001fe5fbecf90 code [0x000001fe5fbed120, 0x000001fe5fbed1d8]
Event: 3.496 Thread 0x000001fe7933c2c0 2434       1       java.util.concurrent.ConcurrentHashMap::<init> (73 bytes)
Event: 3.496 Thread 0x000001fe7933c2c0 nmethod 2434 0x000001fe5fbed290 code [0x000001fe5fbed460, 0x000001fe5fbed6b8]
Event: 3.503 Thread 0x000001fe7933c2c0 2435       1       java.util.List::of (68 bytes)
Event: 3.503 Thread 0x000001fe7933c2c0 nmethod 2435 0x000001fe5fbed790 code [0x000001fe5fbed9a0, 0x000001fe5fbee078]
Event: 3.503 Thread 0x000001fe7933c2c0 2437       1       java.lang.invoke.InvokerBytecodeGenerator::assertStaticType (58 bytes)
Event: 3.503 Thread 0x000001fe7933c2c0 nmethod 2437 0x000001fe5fbee310 code [0x000001fe5fbee4e0, 0x000001fe5fbee7b8]
Event: 3.503 Thread 0x000001fe7933c2c0 2436       1       java.lang.Long::valueOf (40 bytes)
Event: 3.503 Thread 0x000001fe7933c2c0 nmethod 2436 0x000001fe5fbee990 code [0x000001fe5fbeeb20, 0x000001fe5fbeec98]
Event: 3.503 Thread 0x000001fe7933c2c0 2438       1       java.lang.invoke.InvokerBytecodeGenerator$ClassData::name (5 bytes)
Event: 3.503 Thread 0x000001fe7933c2c0 nmethod 2438 0x000001fe5fbeed90 code [0x000001fe5fbeef20, 0x000001fe5fbeefd8]
Event: 3.504 Thread 0x000001fe7933c2c0 2439       1       java.lang.invoke.AbstractValidatingLambdaMetafactory::validateMetafactoryArgs (607 bytes)

GC Heap History (8 events):
Event: 0.458 GC heap before
{Heap before GC invocations=0 (full 0):
 garbage-first heap   total 229376K, used 10240K [0x0000000721800000, 0x0000000800000000)
  region size 2048K, 6 young (12288K), 0 survivors (0K)
 Metaspace       used 479K, capacity 4483K, committed 4864K, reserved 1056768K
  class space    used 45K, capacity 385K, committed 512K, reserved 1048576K
}
Event: 0.460 GC heap after
{Heap after GC invocations=1 (full 0):
 garbage-first heap   total 229376K, used 4913K [0x0000000721800000, 0x0000000800000000)
  region size 2048K, 1 young (2048K), 1 survivors (2048K)
 Metaspace       used 479K, capacity 4483K, committed 4864K, reserved 1056768K
  class space    used 45K, capacity 385K, committed 512K, reserved 1048576K
}
Event: 0.880 GC heap before
{Heap before GC invocations=1 (full 0):
 garbage-first heap   total 229376K, used 13105K [0x0000000721800000, 0x0000000800000000)
  region size 2048K, 6 young (12288K), 1 survivors (2048K)
 Metaspace       used 5400K, capacity 5577K, committed 5888K, reserved 1056768K
  class space    used 637K, capacity 702K, committed 768K, reserved 1048576K
}
Event: 0.883 GC heap after
{Heap after GC invocations=2 (full 0):
 garbage-first heap   total 229376K, used 8960K [0x0000000721800000, 0x0000000800000000)
  region size 2048K, 1 young (2048K), 1 survivors (2048K)
 Metaspace       used 5400K, capacity 5577K, committed 5888K, reserved 1056768K
  class space    used 637K, capacity 702K, committed 768K, reserved 1048576K
}
Event: 1.007 GC heap before
{Heap before GC invocations=2 (full 0):
 garbage-first heap   total 229376K, used 23296K [0x0000000721800000, 0x0000000800000000)
  region size 2048K, 9 young (18432K), 1 survivors (2048K)
 Metaspace       used 7185K, capacity 7402K, committed 7680K, reserved 1056768K
  class space    used 849K, capacity 905K, committed 1024K, reserved 1048576K
}
Event: 1.010 GC heap after
{Heap after GC invocations=3 (full 0):
 garbage-first heap   total 229376K, used 11297K [0x0000000721800000, 0x0000000800000000)
  region size 2048K, 2 young (4096K), 2 survivors (4096K)
 Metaspace       used 7185K, capacity 7402K, committed 7680K, reserved 1056768K
  class space    used 849K, capacity 905K, committed 1024K, reserved 1048576K
}
Event: 3.412 GC heap before
{Heap before GC invocations=3 (full 0):
 garbage-first heap   total 229376K, used 58401K [0x0000000721800000, 0x0000000800000000)
  region size 2048K, 25 young (51200K), 2 survivors (4096K)
 Metaspace       used 14884K, capacity 15236K, committed 15488K, reserved 1062912K
  class space    used 1969K, capacity 2086K, committed 2176K, reserved 1048576K
}
Event: 3.417 GC heap after
{Heap after GC invocations=4 (full 0):
 garbage-first heap   total 229376K, used 13020K [0x0000000721800000, 0x0000000800000000)
  region size 2048K, 3 young (6144K), 3 survivors (6144K)
 Metaspace       used 14884K, capacity 15236K, committed 15488K, reserved 1062912K
  class space    used 1969K, capacity 2086K, committed 2176K, reserved 1048576K
}

Deoptimization events (0 events):
No events

Classes unloaded (0 events):
No events

Classes redefined (0 events):
No events

Internal exceptions (20 events):
Event: 3.447 Thread 0x000001fe7a690430 Exception <a 'java/lang/reflect/InvocationTargetException'{0x000000072f3a3178}> (0x000000072f3a3178) 
thrown [./open/src/hotspot/share/runtime/reflection.cpp, line 1157]
Event: 3.450 Thread 0x000001fe7a5666e0 Exception <a 'java/lang/ClassNotFoundException'{0x000000072f2eef88}: java/lang/ObjectCustomizer> (0x000000072f2eef88) 
thrown [./open/src/hotspot/share/classfile/systemDictionary.cpp, line 295]
Event: 3.451 Thread 0x000001fe7a5666e0 Exception <a 'java/lang/IncompatibleClassChangeError'{0x000000072f2f3c88}: Found class java.lang.Object, but interface was expected> (0x000000072f2f3c88) 
thrown [./open/src/hotspot/share/interpreter/linkResolver.cpp, line 848]
Event: 3.453 Thread 0x000001fe7a5666e0 Exception <a 'java/lang/ClassNotFoundException'{0x000000072f309958}: org/springframework/context/annotation/ConfigurationClassPostProcessorCustomizer> (0x000000072f309958) 
thrown [./open/src/hotspot/share/classfile/systemDictionary.cpp, line 295]
Event: 3.455 Thread 0x000001fe7a5666e0 Exception <a 'java/lang/ClassNotFoundException'{0x000000072f330668}: org/springframework/beans/factory/support/BeanDefinitionRegistryPostProcessorCustomizer> (0x000000072f330668) 
thrown [./open/src/hotspot/share/classfile/systemDictionary.cpp, line 295]
Event: 3.456 Thread 0x000001fe7a5666e0 Exception <a 'java/lang/ClassNotFoundException'{0x000000072f338248}: org/springframework/beans/factory/config/BeanFactoryPostProcessorCustomizer> (0x000000072f338248) 
thrown [./open/src/hotspot/share/classfile/systemDictionary.cpp, line 295]
Event: 3.457 Thread 0x000001fe7a5666e0 Exception <a 'java/lang/ClassNotFoundException'{0x000000072f33f820}: org/springframework/core/PriorityOrderedCustomizer> (0x000000072f33f820) 
thrown [./open/src/hotspot/share/classfile/systemDictionary.cpp, line 295]
Event: 3.457 Thread 0x000001fe7a5666e0 Exception <a 'java/lang/ClassNotFoundException'{0x000000072f345910}: org/springframework/core/OrderedCustomizer> (0x000000072f345910) 
thrown [./open/src/hotspot/share/classfile/systemDictionary.cpp, line 295]
Event: 3.457 Thread 0x000001fe7a5666e0 Exception <a 'java/lang/ClassNotFoundException'{0x000000072f34cea0}: org/springframework/context/ResourceLoaderAwareCustomizer> (0x000000072f34cea0) 
thrown [./open/src/hotspot/share/classfile/systemDictionary.cpp, line 295]
Event: 3.458 Thread 0x000001fe7a5666e0 Exception <a 'java/lang/ClassNotFoundException'{0x000000072f354430}: org/springframework/beans/factory/AwareCustomizer> (0x000000072f354430) 
thrown [./open/src/hotspot/share/classfile/systemDictionary.cpp, line 295]
Event: 3.458 Thread 0x000001fe7a5666e0 Exception <a 'java/lang/ClassNotFoundException'{0x000000072f35ab18}: org/springframework/context/ApplicationStartupAwareCustomizer> (0x000000072f35ab18) 
thrown [./open/src/hotspot/share/classfile/systemDictionary.cpp, line 295]
Event: 3.458 Thread 0x000001fe7a5666e0 Exception <a 'java/lang/ClassNotFoundException'{0x000000072f362320}: org/springframework/beans/factory/AwareCustomizer> (0x000000072f362320) 
thrown [./open/src/hotspot/share/classfile/systemDictionary.cpp, line 295]
Event: 3.459 Thread 0x000001fe7a5666e0 Exception <a 'java/lang/ClassNotFoundException'{0x000000072f368b18}: org/springframework/beans/factory/BeanClassLoaderAwareCustomizer> (0x000000072f368b18) 
thrown [./open/src/hotspot/share/classfile/systemDictionary.cpp, line 295]
Event: 3.459 Thread 0x000001fe7a5666e0 Exception <a 'java/lang/ClassNotFoundException'{0x000000072f3700c0}: org/springframework/beans/factory/AwareCustomizer> (0x000000072f3700c0) 
thrown [./open/src/hotspot/share/classfile/systemDictionary.cpp, line 295]
Event: 3.459 Thread 0x000001fe7a5666e0 Exception <a 'java/lang/ClassNotFoundException'{0x000000072f376438}: org/springframework/context/EnvironmentAwareCustomizer> (0x000000072f376438) 
thrown [./open/src/hotspot/share/classfile/systemDictionary.cpp, line 295]
Event: 3.460 Thread 0x000001fe7a5666e0 Exception <a 'java/lang/ClassNotFoundException'{0x000000072f37d958}: org/springframework/beans/factory/AwareCustomizer> (0x000000072f37d958) 
thrown [./open/src/hotspot/share/classfile/systemDictionary.cpp, line 295]
Event: 3.490 Thread 0x000001fe7a5666e0 Exception <a 'java/lang/OutOfMemoryError'{0x000000072eab2b50}> (0x000000072eab2b50) 
thrown [./open/src/hotspot/share/prims/jni.cpp, line 599]
Event: 3.492 Thread 0x000001fe7a5666e0 Exception <a 'java/lang/NoSuchMethodError'{0x000000072eabfce0}: 'void java.lang.invoke.DirectMethodHandle$Holder.invokeInterface(java.lang.Object, java.lang.Object)'> (0x000000072eabfce0) 
thrown [./open/src/hotspot/share/interpreter/linkResolver.cpp, line 782]
Event: 3.495 Thread 0x000001fe7a729c30 Exception <a 'java/lang/OutOfMemoryError'{0x000000072ebff268}> (0x000000072ebff268) 
thrown [./open/src/hotspot/share/prims/jni.cpp, line 599]
Event: 3.500 Thread 0x000001fe7a729c30 Exception <a 'java/lang/NoSuchMethodError'{0x000000072e86a990}: 'java.lang.Object java.lang.invoke.DirectMethodHandle$Holder.invokeStaticInit(java.lang.Object, java.lang.Object, java.lang.Object, java.lang.Object, java.lang.Object)'> (0x000000072e86a990) 
thrown [./open/src/hotspot/share/interpreter/linkResolver.cpp, line 782]

Events (20 events):
Event: 3.500 loading class javax/xml/stream/XMLResolver done
Event: 3.500 loading class javax/xml/transform/dom/DOMSource
Event: 3.500 loading class javax/xml/transform/Source
Event: 3.500 loading class javax/xml/transform/Source done
Event: 3.500 loading class javax/xml/transform/dom/DOMSource done
Event: 3.500 loading class javax/xml/transform/sax/SAXSource
Event: 3.500 loading class javax/xml/transform/sax/SAXSource done
Event: 3.500 loading class javax/xml/transform/stax/StAXSource
Event: 3.501 loading class javax/xml/transform/stax/StAXSource done
Event: 3.501 loading class javax/xml/transform/stream/StreamSource
Event: 3.501 loading class javax/xml/transform/stream/StreamSource done
Event: 3.501 loading class javax/xml/transform/TransformerFactory
Event: 3.501 loading class javax/xml/transform/TransformerFactory done
Event: 3.501 loading class javax/xml/transform/FactoryFinder
Event: 3.501 loading class javax/xml/transform/FactoryFinder done
Event: 3.501 loading class jdk/xml/internal/SecuritySupport
Event: 3.501 loading class jdk/xml/internal/SecuritySupport done
Event: 3.503 loading class javax/xml/transform/FactoryFinder$1
Event: 3.503 loading class javax/xml/transform/FactoryFinder$1 done
Event: 3.504 loading class com/sun/org/apache/xalan/internal/xsltc/trax/TransformerFactoryImpl


Dynamic libraries:
0x00007ff6b71c0000 - 0x00007ff6b71cf000 	E:\jdk\bin\java.exe
0x00007ffa94be0000 - 0x00007ffa94dd0000 	C:\WINDOWS\SYSTEM32\ntdll.dll
0x00007ffa941d0000 - 0x00007ffa94282000 	C:\WINDOWS\System32\KERNEL32.DLL
0x00007ffa92890000 - 0x00007ffa92b33000 	C:\WINDOWS\System32\KERNELBASE.dll
0x00007ffa91cc0000 - 0x00007ffa91dba000 	C:\WINDOWS\System32\ucrtbase.dll
0x00007ffa894b0000 - 0x00007ffa894c8000 	E:\jdk\bin\jli.dll
0x00007ffa932d0000 - 0x00007ffa93373000 	C:\WINDOWS\System32\ADVAPI32.dll
0x00007ffa94130000 - 0x00007ffa941ce000 	C:\WINDOWS\System32\msvcrt.dll
0x00007ffa935b0000 - 0x00007ffa93647000 	C:\WINDOWS\System32\sechost.dll
0x00007ffa94530000 - 0x00007ffa94650000 	C:\WINDOWS\System32\RPCRT4.dll
0x00007ffa933b0000 - 0x00007ffa93544000 	C:\WINDOWS\System32\USER32.dll
0x00007ffa92b90000 - 0x00007ffa92bb1000 	C:\WINDOWS\System32\win32u.dll
0x00007ffa93380000 - 0x00007ffa933a6000 	C:\WINDOWS\System32\GDI32.dll
0x00007ffa926f0000 - 0x00007ffa92884000 	C:\WINDOWS\System32\gdi32full.dll
0x00007ffa92bc0000 - 0x00007ffa92c5e000 	C:\WINDOWS\System32\msvcp_win.dll
0x00007ffa8dd40000 - 0x00007ffa8dd59000 	E:\jdk\bin\VCRUNTIME140.dll
0x00007ffa7ebc0000 - 0x00007ffa7ee45000 	C:\WINDOWS\WinSxS\amd64_microsoft.windows.common-controls_6595b64144ccf1df_6.0.18362.720_none_e6beb5c51314836b\COMCTL32.dll
0x00007ffa94650000 - 0x00007ffa94986000 	C:\WINDOWS\System32\combase.dll
0x00007ffa92540000 - 0x00007ffa925c0000 	C:\WINDOWS\System32\bcryptPrimitives.dll
0x00007ffa88910000 - 0x00007ffa8891a000 	C:\WINDOWS\SYSTEM32\VERSION.dll
0x00007ffa92c90000 - 0x00007ffa92cbe000 	C:\WINDOWS\System32\IMM32.DLL
0x00007ffa8ba90000 - 0x00007ffa8ba9c000 	E:\jdk\bin\vcruntime140_1.dll
0x00007ffa7c250000 - 0x00007ffa7c2e1000 	E:\jdk\bin\msvcp140.dll
0x00007ffa34d90000 - 0x00007ffa358ec000 	E:\jdk\bin\server\jvm.dll
0x00007ffa94050000 - 0x00007ffa94058000 	C:\WINDOWS\System32\PSAPI.DLL
0x00007ffa78450000 - 0x00007ffa78459000 	C:\WINDOWS\SYSTEM32\WSOCK32.dll
0x00007ffa93860000 - 0x00007ffa938cf000 	C:\WINDOWS\System32\WS2_32.dll
0x00007ffa8f560000 - 0x00007ffa8f584000 	C:\WINDOWS\SYSTEM32\WINMM.dll
0x00007ffa8f0e0000 - 0x00007ffa8f10d000 	C:\WINDOWS\SYSTEM32\WINMMBASE.dll
0x00007ffa92b40000 - 0x00007ffa92b8a000 	C:\WINDOWS\System32\cfgmgr32.dll
0x00007ffa91b30000 - 0x00007ffa91b41000 	C:\WINDOWS\System32\kernel.appcore.dll
0x00007ffa8ad30000 - 0x00007ffa8ad3a000 	E:\jdk\bin\jimage.dll
0x00007ffa903c0000 - 0x00007ffa905b4000 	C:\WINDOWS\SYSTEM32\DBGHELP.DLL
0x00007ffa76e00000 - 0x00007ffa76e2a000 	C:\WINDOWS\SYSTEM32\dbgcore.DLL
0x00007ffa7c400000 - 0x00007ffa7c40e000 	E:\jdk\bin\instrument.dll
0x00007ffa7c3d0000 - 0x00007ffa7c3f5000 	E:\jdk\bin\java.dll
0x00007ffa93950000 - 0x00007ffa94035000 	C:\WINDOWS\System32\SHELL32.dll
0x00007ffa93650000 - 0x00007ffa936f9000 	C:\WINDOWS\System32\shcore.dll
0x00007ffa91dc0000 - 0x00007ffa92540000 	C:\WINDOWS\System32\windows.storage.dll
0x00007ffa91b00000 - 0x00007ffa91b23000 	C:\WINDOWS\System32\profapi.dll
0x00007ffa91ab0000 - 0x00007ffa91afa000 	C:\WINDOWS\System32\powrprof.dll
0x00007ffa91aa0000 - 0x00007ffa91ab0000 	C:\WINDOWS\System32\UMPDC.dll
0x00007ffa92cc0000 - 0x00007ffa92d12000 	C:\WINDOWS\System32\shlwapi.dll
0x00007ffa926d0000 - 0x00007ffa926e7000 	C:\WINDOWS\System32\cryptsp.dll
0x00007ffa7c230000 - 0x00007ffa7c248000 	E:\jdk\bin\zip.dll
0x00007ffa88210000 - 0x00007ffa88229000 	E:\jdk\bin\net.dll
0x00007ffa84350000 - 0x00007ffa84441000 	C:\WINDOWS\SYSTEM32\WINHTTP.dll
0x00007ffa91310000 - 0x00007ffa91377000 	C:\WINDOWS\system32\mswsock.dll
0x00007ffa81c40000 - 0x00007ffa81c52000 	E:\jdk\bin\nio.dll
0x00007ffa73f00000 - 0x00007ffa73f1a000 	D:\IDEA\IntelliJ IDEA 2020.3.1\bin\breakgen64.dll
0x00007ffa91060000 - 0x00007ffa9112a000 	C:\WINDOWS\SYSTEM32\DNSAPI.dll
0x00007ffa93260000 - 0x00007ffa93268000 	C:\WINDOWS\System32\NSI.dll
0x00007ffa91020000 - 0x00007ffa9105a000 	C:\WINDOWS\SYSTEM32\IPHLPAPI.DLL
0x00007ffa764d0000 - 0x00007ffa764e6000 	C:\WINDOWS\system32\wlidnsp.dll
0x00007ffa7e5b0000 - 0x00007ffa7e5ba000 	C:\Windows\System32\rasadhlp.dll
0x00007ffa8c070000 - 0x00007ffa8c0e7000 	C:\WINDOWS\System32\fwpuclnt.dll
0x00007ffa92c60000 - 0x00007ffa92c86000 	C:\WINDOWS\System32\bcrypt.dll
0x00007ffa8a4c0000 - 0x00007ffa8a4c9000 	E:\jdk\bin\management.dll
0x00007ffa896f0000 - 0x00007ffa896fb000 	E:\jdk\bin\management_ext.dll
0x00007ffa90e80000 - 0x00007ffa90eb3000 	C:\WINDOWS\system32\rsaenh.dll
0x00007ffa919c0000 - 0x00007ffa919e5000 	C:\WINDOWS\SYSTEM32\USERENV.dll
0x00007ffa914e0000 - 0x00007ffa914ec000 	C:\WINDOWS\SYSTEM32\CRYPTBASE.dll
0x00007ffa90000000 - 0x00007ffa90016000 	C:\WINDOWS\SYSTEM32\dhcpcsvc6.DLL
0x00007ffa8ffe0000 - 0x00007ffa8fffc000 	C:\WINDOWS\SYSTEM32\dhcpcsvc.DLL
0x00007ffa70f90000 - 0x00007ffa70fa6000 	C:\WINDOWS\system32\napinsp.dll
0x00007ffa70f10000 - 0x00007ffa70f2a000 	C:\WINDOWS\system32\pnrpnsp.dll
0x00007ffa70f80000 - 0x00007ffa70f8e000 	C:\WINDOWS\System32\winrnr.dll
0x00007ffa8dd10000 - 0x00007ffa8dd2c000 	C:\WINDOWS\system32\NLAapi.dll
0x00007ffa8be40000 - 0x00007ffa8be55000 	C:\WINDOWS\system32\wshbth.dll

dbghelp: loaded successfully - version: 4.0.5 - missing functions: none
symbol engine: initialized successfully - sym options: 0x614 - pdb path: .;E:\jdk\bin;C:\WINDOWS\SYSTEM32;C:\WINDOWS\WinSxS\amd64_microsoft.windows.common-controls_6595b64144ccf1df_6.0.18362.720_none_e6beb5c51314836b;E:\jdk\bin\server;D:\IDEA\IntelliJ IDEA 2020.3.1\bin

VM Arguments:
jvm_args: -XX:TieredStopAtLevel=1 -Xverify:none -Dspring.output.ansi.enabled=always -javaagent:D:\IDEA\IntelliJ IDEA 2020.3.1\lib\idea_rt.jar=12321:D:\IDEA\IntelliJ IDEA 2020.3.1\bin -Dcom.sun.management.jmxremote -Dspring.jmx.enabled=true -Dspring.liveBeansView.mbeanDomain -Dspring.application.admin.enabled=true -Dfile.encoding=UTF-8 
java_command: com.github.springcloud.PaymentMain8001
java_class_path (initial): D:\code\java\SpringCloud\cloud-provider-payment8001\target\classes;E:\Maven\mavenFactory\org\springframework\cloud\spring-cloud-starter-zipkin\2.2.7.RELEASE\spring-cloud-starter-zipkin-2.2.7.RELEASE.jar;E:\Maven\mavenFactory\org\springframework\cloud\spring-cloud-starter-sleuth\2.2.7.RELEASE\spring-cloud-starter-sleuth-2.2.7.RELEASE.jar;E:\Maven\mavenFactory\org\springframework\boot\spring-boot-starter-aop\2.4.4\spring-boot-starter-aop-2.4.4.jar;E:\Maven\mavenFactory\org\aspectj\aspectjweaver\1.9.6\aspectjweaver-1.9.6.jar;E:\Maven\mavenFactory\org\springframework\cloud\spring-cloud-sleuth-core\2.2.7.RELEASE\spring-cloud-sleuth-core-2.2.7.RELEASE.jar;E:\Maven\mavenFactory\org\aspectj\aspectjrt\1.9.6\aspectjrt-1.9.6.jar;E:\Maven\mavenFactory\io\zipkin\brave\brave\5.12.7\brave-5.12.7.jar;E:\Maven\mavenFactory\io\zipkin\brave\brave-context-slf4j\5.12.7\brave-context-slf4j-5.12.7.jar;E:\Maven\mavenFactory\io\zipkin\brave\brave-instrumentation-messaging\5.12.7\brave-instrumentation-messaging-5.12.7.jar;E:\Maven\mavenFactory\io\zipkin\brave\brave-instrumentation-rpc\5.12.7\brave-instrumentation-rpc-5.12.7.jar;E:\Maven\mavenFactory\io\zipkin\brave\brave-instrumentation-spring-web\5.12.7\brave-instrumentation-spring-web-5.12.7.jar;E:\Maven\mavenFactory\io\zipkin\brave\brave-instrumentation-http\5.12.7\brave-instrumentation-http-5.12.7.jar;E:\Maven\mavenFactory\io\zipkin\brave\brave-instrumentation-spring-rabbit\5.12.7\brave-instrumentation-spring-rabbit-5.12.7.jar;E:\Maven\mavenFactory\io\zipkin\brave\brave-instrumentation-kafka-clients\5.12.7\brave-instrumentation-kafka-clients-5.12.7.jar;E:\Maven\mavenFactory\io\zipkin\brave\brave-instrumentation-kafka-streams\5.12.7\brave-instrumentation-kafka-streams-5.12.7.jar;E:\Maven\mavenFactory\io\zipkin\brave\brave-instrumentation-httpclient\5.12.7\brave-instrumentation-httpclient-5.12.7.jar;E:\Maven\mavenFactory\io\zipkin\brave\brave-instrumentation-httpasyncclient\5.12.7\brave-instrumentation-httpasyn
Launcher Type: SUN_STANDARD

[Global flags]
     intx CICompilerCount                          = 3                                         {product} {ergonomic}
     uint ConcGCThreads                            = 1                                         {product} {ergonomic}
     uint G1ConcRefinementThreads                  = 4                                         {product} {ergonomic}
   size_t G1HeapRegionSize                         = 2097152                                   {product} {ergonomic}
    uintx GCDrainStackTargetSize                   = 64                                        {product} {ergonomic}
   size_t InitialHeapSize                          = 234881024                                 {product} {ergonomic}
     bool ManagementServer                         = true                                      {product} {command line}
   size_t MarkStackSize                            = 4194304                                   {product} {ergonomic}
   size_t MaxHeapSize                              = 3732930560                                {product} {ergonomic}
   size_t MaxNewSize                               = 2239758336                                {product} {ergonomic}
   size_t MinHeapDeltaBytes                        = 2097152                                   {product} {ergonomic}
   size_t MinHeapSize                              = 8388608                                   {product} {ergonomic}
    uintx NonNMethodCodeHeapSize                   = 6973028                                {pd product} {ergonomic}
    uintx NonProfiledCodeHeapSize                  = 244685212                              {pd product} {ergonomic}
    uintx ProfiledCodeHeapSize                     = 0                                      {pd product} {ergonomic}
    uintx ReservedCodeCacheSize                    = 251658240                              {pd product} {ergonomic}
     bool SegmentedCodeCache                       = true                                      {product} {ergonomic}
   size_t SoftMaxHeapSize                          = 3732930560                             {manageable} {ergonomic}
     intx TieredStopAtLevel                        = 1                                         {product} {command line}
     bool UseCompressedClassPointers               = true                                 {lp64_product} {ergonomic}
     bool UseCompressedOops                        = true                                 {lp64_product} {ergonomic}
     bool UseG1GC                                  = true                                      {product} {ergonomic}
     bool UseLargePagesIndividualAllocation        = false                                  {pd product} {ergonomic}

Logging:
Log output configuration:
 #0: stdout all=warning uptime,level,tags
 #1: stderr all=off uptime,level,tags

Environment Variables:
JAVA_HOME=E:\jdk16
PATH=D:\Linux\bin\;C:\Program Files\Common Files\Oracle\Java\javapath;C:\Program Files (x86)\Razer Chroma SDK\bin;C:\Program Files\Razer Chroma SDK\bin;C:\Program Files (x86)\Razer\ChromaBroadcast\bin;C:\Program Files\Razer\ChromaBroadcast\bin;C:\Program Files (x86)\Intel\iCLS Client\;C:\Program Files\Intel\iCLS Client\;C:\WINDOWS\system32;C:\WINDOWS;C:\WINDOWS\System32\Wbem;C:\WINDOWS\System32\WindowsPowerShell\v1.0\;C:\Program Files (x86)\NVIDIA Corporation\PhysX\Common;G:\qudong\DAL;C:\Program Files\Intel\Intel(R) Management Engine Components\DAL;G:\qudong\IPT;C:\Program Files\Intel\Intel(R) Management Engine Components\IPT;C:\WINDOWS\system32;C:\WINDOWS;C:\WINDOWS\System32\Wbem;C:\WINDOWS\System32\WindowsPowerShell\v1.0\;C:\WINDOWS\System32\OpenSSH\;C:\Program Files (x86)\Wolfram Research\WolframScript\;C:\Program Files\NVIDIA Corporation\NVIDIA NvDLISR;C:\Program Files\dotnet\;E:\matlab\bin;C:\Users\10660\AppData\Local\Microsoft\WindowsApps;C:\Users\10660\.dotnet\tools;C:\Program Files\Wolfram Research\WolframScript\;F:\texlive\2020\bin\win32;F:\mysql\bin;E:\Maven\apache-maven-3.6.3\bin;G:\Git\cmd;"E:\tomcat\lib;E:\tomcat\bin";E:\tomcat\bin;E:\tomcat\lib;C:\ProgramData\chocolatey\bin;E:\xshell\;E:\Xftp 7\;E:\RabbitMQ\erl-23.2\bin;E:\RabbitMQ\RabbitMQ Server\rabbitmq_server-3.8.14\sbin;E:\jdk16\bin;E:\Consul;C:\Users\10660\scoop\shims;E:\python\Scripts\;E:\python\;C:\Users\10660\AppData\Local\Microsoft\WindowsApps;F:\vscode\bin;F:\mingw64\bin;E:\Bandizip\
USERNAME=10660
OS=Windows_NT
PROCESSOR_IDENTIFIER=Intel64 Family 6 Model 158 Stepping 9, GenuineIntel



---------------  S Y S T E M  ---------------

OS:
 Windows 10 , 64 bit Build 18362 (10.0.18362.329)
OS uptime: 0 days 10:55 hours

CPU: total 4 (initial active 4) (4 cores per cpu, 1 threads per core) family 6 model 158 stepping 9, cmov, cx8, fxsr, mmx, sse, sse2, sse3, ssse3, sse4.1, sse4.2, popcnt, vzeroupper, avx, avx2, aes, clmul, erms, 3dnowpref, lzcnt, tsc, tscinvbit, bmi1, bmi2, adx, fma, clflush, clflushopt

Memory: 4k page, system-wide physical 14238M (2973M free)
TotalPageFile size 14238M (AvailPageFile size 2M)
current process WorkingSet (physical memory assigned to process): 129M, peak: 129M
current process commit charge ("private bytes"): 336M, peak: 336M

vm_info: Java HotSpot(TM) 64-Bit Server VM (15+36-1562) for windows-amd64 JRE (15+36-1562), built on Aug 11 2020 22:38:02 by "mach5one" with unknown MS VC++:1925

END.
